56.0 APEX_CODE,FINEST;APEX_PROFILING,INFO;CALLOUT,INFO;DB,INFO;NBA,INFO;SYSTEM,DEBUG;VALIDATION,INFO;VISUALFORCE,FINER;WAVE,INFO;WORKFLOW,INFO
19:49:36.5 (5250958)|USER_INFO|[EXTERNAL]|0057Q0000059GzZ|sankal@sales.com|(GMT+01:00) Central European Standard Time (Europe/Paris)|GMT+01:00
19:49:36.5 (5377705)|EXECUTION_STARTED
19:49:36.5 (5451042)|CODE_UNIT_STARTED|[EXTERNAL]|01p7Q00000PIbUt|MyTeamOrdersControllerTest.testSumOrders()
19:49:36.5 (6197277)|HEAP_ALLOCATE|[79]|Bytes:3
19:49:36.5 (6338400)|HEAP_ALLOCATE|[84]|Bytes:152
19:49:36.5 (6397636)|HEAP_ALLOCATE|[399]|Bytes:408
19:49:36.5 (6421762)|HEAP_ALLOCATE|[412]|Bytes:408
19:49:36.5 (6442670)|HEAP_ALLOCATE|[520]|Bytes:48
19:49:36.5 (6495826)|HEAP_ALLOCATE|[139]|Bytes:6
19:49:36.5 (6519695)|HEAP_ALLOCATE|[EXTERNAL]|Bytes:44
19:49:36.5 (6669959)|METHOD_ENTRY|[2]|01p7Q00000PIbUt|MyTeamOrdersControllerTest.MyTeamOrdersControllerTest()
19:49:36.5 (6820794)|STATEMENT_EXECUTE|[2]
19:49:36.5 (6894766)|STATEMENT_EXECUTE|[2]
19:49:36.5 (6957999)|METHOD_EXIT|[2]|MyTeamOrdersControllerTest
19:49:36.5 (7036309)|HEAP_ALLOCATE|[52]|Bytes:5
19:49:36.5 (7094080)|HEAP_ALLOCATE|[58]|Bytes:5
19:49:36.5 (7110451)|HEAP_ALLOCATE|[66]|Bytes:7
19:49:36.5 (7240072)|STATEMENT_EXECUTE|[5]
19:49:36.5 (7242508)|STATEMENT_EXECUTE|[6]
19:49:36.5 (7298063)|HEAP_ALLOCATE|[6]|Bytes:94
19:49:36.5 (7337747)|SYSTEM_METHOD_ENTRY|[1]|Test.Test()
19:49:36.5 (7424279)|STATEMENT_EXECUTE|[1]
19:49:36.5 (7441171)|SYSTEM_METHOD_EXIT|[1]|Test
19:49:36.5 (7580764)|METHOD_ENTRY|[6]||System.Test.startTest()
19:49:36.5 (9693214)|METHOD_EXIT|[6]||System.Test.startTest()
19:49:36.5 (9742722)|STATEMENT_EXECUTE|[8]
19:49:36.5 (12172632)|HEAP_ALLOCATE|[8]|Bytes:8
19:49:36.5 (12295982)|METHOD_ENTRY|[10]|01p7Q00000PIbOv|DataFactoyTest.DataFactoyTest()
19:49:36.5 (12311299)|STATEMENT_EXECUTE|[10]
19:49:36.5 (12321372)|STATEMENT_EXECUTE|[10]
19:49:36.5 (12970889)|SYSTEM_MODE_ENTER|false
19:49:36.5 (13027356)|HEAP_ALLOCATE|[8]|Bytes:5
19:49:36.5 (13062426)|SYSTEM_MODE_EXIT|false
19:49:36.5 (13081122)|METHOD_EXIT|[10]|DataFactoyTest
19:49:36.5 (13135241)|METHOD_ENTRY|[8]|01p7Q00000PIbOv|DataFactoyTest.createAccounts(Integer)
19:49:36.5 (13360407)|VARIABLE_SCOPE_BEGIN|[13]|nbAccount|Integer|false|false
19:49:36.5 (13505164)|VARIABLE_ASSIGNMENT|[13]|nbAccount|4
19:49:36.5 (13545924)|SYSTEM_MODE_ENTER|false
19:49:36.5 (13560782)|HEAP_ALLOCATE|[14]|Bytes:5
19:49:36.5 (13578214)|STATEMENT_EXECUTE|[13]
19:49:36.5 (13580554)|STATEMENT_EXECUTE|[14]
19:49:36.5 (13600362)|HEAP_ALLOCATE|[14]|Bytes:4
19:49:36.5 (26510584)|VARIABLE_SCOPE_BEGIN|[14]|accounts|List<Account>|true|false
19:49:36.5 (26631823)|HEAP_ALLOCATE|[EXTERNAL]|Bytes:4
19:49:36.5 (26717603)|VARIABLE_ASSIGNMENT|[14]|accounts|[]|0x79dae2a4
19:49:36.5 (26731149)|STATEMENT_EXECUTE|[15]
19:49:36.5 (26750953)|VARIABLE_SCOPE_BEGIN|[15]|i|Integer|false|false
19:49:36.5 (26763739)|HEAP_ALLOCATE|[15]|Bytes:4
19:49:36.5 (26786026)|VARIABLE_ASSIGNMENT|[15]|i|0
19:49:36.5 (26799492)|STATEMENT_EXECUTE|[15]
19:49:36.5 (26803418)|STATEMENT_EXECUTE|[18]
19:49:36.5 (26812756)|HEAP_ALLOCATE|[18]|Bytes:13
19:49:36.5 (26980178)|HEAP_ALLOCATE|[18]|Bytes:1
19:49:36.5 (28896176)|HEAP_ALLOCATE|[18]|Bytes:14
19:49:36.5 (28963330)|METHOD_ENTRY|[18]|01p7Q00000PIbOv|DataFactoyTest.createAccount(String)
19:49:36.5 (29006276)|VARIABLE_SCOPE_BEGIN|[26]|name|String|false|false
19:49:36.5 (29046599)|VARIABLE_ASSIGNMENT|[26]|name|"Test Account 0"
19:49:36.5 (29081375)|HEAP_ALLOCATE|[28]|Bytes:5
19:49:36.5 (29091222)|STATEMENT_EXECUTE|[26]
19:49:36.5 (29095308)|STATEMENT_EXECUTE|[28]
19:49:36.5 (29150974)|HEAP_ALLOCATE|[28]|Bytes:4
19:49:36.5 (29454038)|VARIABLE_ASSIGNMENT|[28]|this.Name|"Test Account 0"|0x3d28d88d
19:49:36.5 (29522368)|VARIABLE_SCOPE_BEGIN|[28]|account|Account|true|false
19:49:36.5 (29595195)|VARIABLE_ASSIGNMENT|[28]|account|{"Name":"Test Account 0"}|0x3d28d88d
19:49:36.5 (29606750)|STATEMENT_EXECUTE|[29]
19:49:36.5 (29669572)|HEAP_ALLOCATE|[29]|Bytes:8
19:49:36.5 (29710212)|DML_BEGIN|[29]|Op:Insert|Type:Account|Rows:1
19:49:36.5 (29776535)|HEAP_ALLOCATE|[EXTERNAL]|Bytes:8
19:49:36.5 (49909940)|CODE_UNIT_STARTED|[EXTERNAL]|DuplicateDetector
19:49:36.5 (50069888)|DUPLICATE_DETECTION_BEGIN
19:49:36.5 (50648077)|DUPLICATE_DETECTION_RULE_INVOCATION|DuplicateRuleId:0Bm7Q00000F3oUV|DuplicateRuleName:Standard Account Duplicate Rule|DmlType:INSERT
19:49:36.5 (75076534)|DUPLICATE_DETECTION_MATCH_INVOCATION_DETAILS|EntityType:Account|ActionTaken:Allow_[Alert,Report]|DuplicateRecordIds:
19:49:36.5 (75139173)|DUPLICATE_DETECTION_MATCH_INVOCATION_SUMMARY|EntityType:Account|NumRecordsToBeSaved:1|NumRecordsToBeSavedWithDuplicates:0|NumDuplicateRecordsFound:0
19:49:36.5 (75297378)|DUPLICATE_DETECTION_END
19:49:36.5 (75314368)|CODE_UNIT_FINISHED|DuplicateDetector
19:49:36.5 (115827783)|DML_END|[29]
19:49:36.5 (115881290)|STATEMENT_EXECUTE|[30]
19:49:36.5 (115911188)|METHOD_EXIT|[18]|01p7Q00000PIbOv|DataFactoyTest.createAccount(String)
19:49:36.5 (116055134)|HEAP_ALLOCATE|[EXTERNAL]|Bytes:4
19:49:36.5 (116082146)|HEAP_ALLOCATE|[15]|Bytes:4
19:49:36.5 (116159473)|VARIABLE_ASSIGNMENT|[15]|i|1
19:49:36.5 (116180090)|STATEMENT_EXECUTE|[15]
19:49:36.5 (116182635)|STATEMENT_EXECUTE|[18]
19:49:36.5 (116221498)|HEAP_ALLOCATE|[18]|Bytes:1
19:49:36.5 (116254384)|HEAP_ALLOCATE|[18]|Bytes:14
19:49:36.5 (116269829)|METHOD_ENTRY|[18]|01p7Q00000PIbOv|DataFactoyTest.createAccount(String)
19:49:36.5 (116303180)|VARIABLE_SCOPE_BEGIN|[26]|name|String|false|false
19:49:36.5 (116347790)|VARIABLE_ASSIGNMENT|[26]|name|"Test Account 1"
19:49:36.5 (116384951)|HEAP_ALLOCATE|[28]|Bytes:5
19:49:36.5 (116396172)|STATEMENT_EXECUTE|[26]
19:49:36.5 (116398492)|STATEMENT_EXECUTE|[28]
19:49:36.5 (116428916)|HEAP_ALLOCATE|[28]|Bytes:4
19:49:36.5 (116972559)|VARIABLE_ASSIGNMENT|[28]|this.Name|"Test Account 1"|0xa9ccce7
19:49:36.5 (117020721)|VARIABLE_SCOPE_BEGIN|[28]|account|Account|true|false
19:49:36.5 (117064901)|VARIABLE_ASSIGNMENT|[28]|account|{"Name":"Test Account 1"}|0xa9ccce7
19:49:36.5 (117078646)|STATEMENT_EXECUTE|[29]
19:49:36.5 (117105825)|HEAP_ALLOCATE|[29]|Bytes:8
19:49:36.5 (117626686)|DML_BEGIN|[29]|Op:Insert|Type:Account|Rows:1
19:49:36.5 (117680253)|HEAP_ALLOCATE|[EXTERNAL]|Bytes:8
19:49:36.5 (120673653)|CODE_UNIT_STARTED|[EXTERNAL]|DuplicateDetector
19:49:36.5 (120745584)|DUPLICATE_DETECTION_BEGIN
19:49:36.5 (120807374)|DUPLICATE_DETECTION_RULE_INVOCATION|DuplicateRuleId:0Bm7Q00000F3oUV|DuplicateRuleName:Standard Account Duplicate Rule|DmlType:INSERT
19:49:36.5 (138088566)|DUPLICATE_DETECTION_MATCH_INVOCATION_DETAILS|EntityType:Account|ActionTaken:Allow_[Alert,Report]|DuplicateRecordIds:
19:49:36.5 (138135889)|DUPLICATE_DETECTION_MATCH_INVOCATION_SUMMARY|EntityType:Account|NumRecordsToBeSaved:1|NumRecordsToBeSavedWithDuplicates:0|NumDuplicateRecordsFound:0
19:49:36.5 (138349916)|DUPLICATE_DETECTION_END
19:49:36.5 (138371964)|CODE_UNIT_FINISHED|DuplicateDetector
19:49:36.5 (159466560)|DML_END|[29]
19:49:36.5 (159520600)|STATEMENT_EXECUTE|[30]
19:49:36.5 (159559674)|METHOD_EXIT|[18]|01p7Q00000PIbOv|DataFactoyTest.createAccount(String)
19:49:36.5 (159628243)|HEAP_ALLOCATE|[EXTERNAL]|Bytes:4
19:49:36.5 (159652251)|HEAP_ALLOCATE|[15]|Bytes:4
19:49:36.5 (159765044)|VARIABLE_ASSIGNMENT|[15]|i|2
19:49:36.5 (159789712)|STATEMENT_EXECUTE|[15]
19:49:36.5 (159793505)|STATEMENT_EXECUTE|[18]
19:49:36.5 (159852333)|HEAP_ALLOCATE|[18]|Bytes:1
19:49:36.5 (159893921)|HEAP_ALLOCATE|[18]|Bytes:14
19:49:36.5 (159914049)|METHOD_ENTRY|[18]|01p7Q00000PIbOv|DataFactoyTest.createAccount(String)
19:49:36.5 (159979404)|VARIABLE_SCOPE_BEGIN|[26]|name|String|false|false
19:49:36.5 (160024922)|VARIABLE_ASSIGNMENT|[26]|name|"Test Account 2"
19:49:36.5 (160072813)|HEAP_ALLOCATE|[28]|Bytes:5
19:49:36.5 (160084179)|STATEMENT_EXECUTE|[26]
19:49:36.5 (160087600)|STATEMENT_EXECUTE|[28]
19:49:36.5 (160122318)|HEAP_ALLOCATE|[28]|Bytes:4
19:49:36.5 (160237375)|VARIABLE_ASSIGNMENT|[28]|this.Name|"Test Account 2"|0x454b32fb
19:49:36.5 (160291781)|VARIABLE_SCOPE_BEGIN|[28]|account|Account|true|false
19:49:36.5 (160345352)|VARIABLE_ASSIGNMENT|[28]|account|{"Name":"Test Account 2"}|0x454b32fb
19:49:36.5 (160362676)|STATEMENT_EXECUTE|[29]
19:49:36.5 (160396628)|HEAP_ALLOCATE|[29]|Bytes:8
19:49:36.5 (160428285)|DML_BEGIN|[29]|Op:Insert|Type:Account|Rows:1
19:49:36.5 (160485353)|HEAP_ALLOCATE|[EXTERNAL]|Bytes:8
19:49:36.5 (165669534)|CODE_UNIT_STARTED|[EXTERNAL]|DuplicateDetector
19:49:36.5 (165817744)|DUPLICATE_DETECTION_BEGIN
19:49:36.5 (165881464)|DUPLICATE_DETECTION_RULE_INVOCATION|DuplicateRuleId:0Bm7Q00000F3oUV|DuplicateRuleName:Standard Account Duplicate Rule|DmlType:INSERT
19:49:36.5 (186764275)|DUPLICATE_DETECTION_MATCH_INVOCATION_DETAILS|EntityType:Account|ActionTaken:Allow_[Alert,Report]|DuplicateRecordIds:
19:49:36.5 (186812277)|DUPLICATE_DETECTION_MATCH_INVOCATION_SUMMARY|EntityType:Account|NumRecordsToBeSaved:1|NumRecordsToBeSavedWithDuplicates:0|NumDuplicateRecordsFound:0
19:49:36.5 (187095738)|DUPLICATE_DETECTION_END
19:49:36.5 (187123774)|CODE_UNIT_FINISHED|DuplicateDetector
19:49:36.5 (214188080)|DML_END|[29]
19:49:36.5 (214242313)|STATEMENT_EXECUTE|[30]
19:49:36.5 (214273814)|METHOD_EXIT|[18]|01p7Q00000PIbOv|DataFactoyTest.createAccount(String)
19:49:36.5 (214328643)|HEAP_ALLOCATE|[EXTERNAL]|Bytes:4
19:49:36.5 (214352714)|HEAP_ALLOCATE|[15]|Bytes:4
19:49:36.5 (214432494)|VARIABLE_ASSIGNMENT|[15]|i|3
19:49:36.5 (214455117)|STATEMENT_EXECUTE|[15]
19:49:36.5 (214458281)|STATEMENT_EXECUTE|[18]
19:49:36.5 (214520294)|HEAP_ALLOCATE|[18]|Bytes:1
19:49:36.5 (214566203)|HEAP_ALLOCATE|[18]|Bytes:14
19:49:36.5 (214585345)|METHOD_ENTRY|[18]|01p7Q00000PIbOv|DataFactoyTest.createAccount(String)
19:49:36.5 (214618725)|VARIABLE_SCOPE_BEGIN|[26]|name|String|false|false
19:49:36.5 (214659761)|VARIABLE_ASSIGNMENT|[26]|name|"Test Account 3"
19:49:36.5 (214699854)|HEAP_ALLOCATE|[28]|Bytes:5
19:49:36.5 (214711637)|STATEMENT_EXECUTE|[26]
19:49:36.5 (214714971)|STATEMENT_EXECUTE|[28]
19:49:36.5 (214750674)|HEAP_ALLOCATE|[28]|Bytes:4
19:49:36.5 (214862412)|VARIABLE_ASSIGNMENT|[28]|this.Name|"Test Account 3"|0x7dc56f80
19:49:36.5 (214933898)|VARIABLE_SCOPE_BEGIN|[28]|account|Account|true|false
19:49:36.5 (214997785)|VARIABLE_ASSIGNMENT|[28]|account|{"Name":"Test Account 3"}|0x7dc56f80
19:49:36.5 (215018107)|STATEMENT_EXECUTE|[29]
19:49:36.5 (215062758)|HEAP_ALLOCATE|[29]|Bytes:8
19:49:36.5 (215084561)|DML_BEGIN|[29]|Op:Insert|Type:Account|Rows:1
19:49:36.5 (215144577)|HEAP_ALLOCATE|[EXTERNAL]|Bytes:8
19:49:36.5 (219052465)|CODE_UNIT_STARTED|[EXTERNAL]|DuplicateDetector
19:49:36.5 (219134638)|DUPLICATE_DETECTION_BEGIN
19:49:36.5 (219184699)|DUPLICATE_DETECTION_RULE_INVOCATION|DuplicateRuleId:0Bm7Q00000F3oUV|DuplicateRuleName:Standard Account Duplicate Rule|DmlType:INSERT
19:49:36.5 (237882732)|DUPLICATE_DETECTION_MATCH_INVOCATION_DETAILS|EntityType:Account|ActionTaken:Allow_[Alert,Report]|DuplicateRecordIds:
19:49:36.5 (237928545)|DUPLICATE_DETECTION_MATCH_INVOCATION_SUMMARY|EntityType:Account|NumRecordsToBeSaved:1|NumRecordsToBeSavedWithDuplicates:0|NumDuplicateRecordsFound:0
19:49:36.5 (238078725)|DUPLICATE_DETECTION_END
19:49:36.5 (238098234)|CODE_UNIT_FINISHED|DuplicateDetector
19:49:36.5 (256828412)|DML_END|[29]
19:49:36.5 (256878039)|STATEMENT_EXECUTE|[30]
19:49:36.5 (256909148)|METHOD_EXIT|[18]|01p7Q00000PIbOv|DataFactoyTest.createAccount(String)
19:49:36.5 (256985294)|HEAP_ALLOCATE|[EXTERNAL]|Bytes:4
19:49:36.5 (257012249)|HEAP_ALLOCATE|[15]|Bytes:4
19:49:36.5 (257124349)|VARIABLE_ASSIGNMENT|[15]|i|4
19:49:36.5 (257153030)|STATEMENT_EXECUTE|[22]
19:49:36.5 (257165623)|SYSTEM_MODE_EXIT|false
19:49:36.5 (257193842)|METHOD_EXIT|[8]|01p7Q00000PIbOv|DataFactoyTest.createAccounts(Integer)
19:49:36.5 (257231616)|VARIABLE_SCOPE_BEGIN|[8]|accs|List<Account>|true|false
19:49:36.5 (257343049)|VARIABLE_ASSIGNMENT|[8]|accs|[{"Name":"Test Account 0","Id":"0017Q00000peCTEQA2"},{"Name":"Test Account 1","Id":"0017Q00000peDBSQA2"},{"Name":"Test Account 2","Id":"0017Q00000peDBTQA2"},{"Name":"Test Account 3","Id":"0017Q00000peDBUQA2"}]|0x79dae2a4
19:49:36.5 (257362237)|STATEMENT_EXECUTE|[9]
19:49:36.5 (257404959)|METHOD_ENTRY|[9]|01p7Q00000PIbOv|DataFactoyTest.createOrdersForAccounts(List<Account>, Integer, Integer, Integer)
19:49:36.5 (257569539)|VARIABLE_SCOPE_BEGIN|[34]|accs|List<Account>|true|false
19:49:36.5 (257728075)|VARIABLE_ASSIGNMENT|[34]|accs|[{"Name":"Test Account 0","Id":"0017Q00000peCTEQA2"},{"Name":"Test Account 1","Id":"0017Q00000peDBSQA2"},{"Name":"Test Account 2","Id":"0017Q00000peDBTQA2"},{"Name":"Test Account 3","Id":"0017Q00000peDBUQA2"}]|0x79dae2a4
19:49:36.5 (257749343)|VARIABLE_SCOPE_BEGIN|[34]|nbOr|Integer|false|false
19:49:36.5 (257769990)|VARIABLE_ASSIGNMENT|[34]|nbOr|4
19:49:36.5 (257786163)|VARIABLE_SCOPE_BEGIN|[34]|unitPrice|Integer|false|false
19:49:36.5 (257805237)|VARIABLE_ASSIGNMENT|[34]|unitPrice|200
19:49:36.5 (257854044)|VARIABLE_SCOPE_BEGIN|[34]|quantity|Integer|false|false
19:49:36.5 (257872278)|VARIABLE_ASSIGNMENT|[34]|quantity|1
19:49:36.5 (257911277)|SYSTEM_MODE_ENTER|false
19:49:36.5 (257952896)|HEAP_ALLOCATE|[37]|Bytes:5
19:49:36.5 (257973338)|STATEMENT_EXECUTE|[34]
19:49:36.5 (257976037)|STATEMENT_EXECUTE|[37]
19:49:36.5 (258043069)|HEAP_ALLOCATE|[37]|Bytes:4
19:49:36.5 (258153289)|VARIABLE_SCOPE_BEGIN|[37]|contrct|List<Contract>|true|false
19:49:36.5 (258172703)|HEAP_ALLOCATE|[EXTERNAL]|Bytes:4
19:49:36.5 (258192779)|VARIABLE_ASSIGNMENT|[37]|contrct|[]|0x7f1f60e7
19:49:36.5 (258204578)|STATEMENT_EXECUTE|[38]
19:49:36.5 (258215521)|HEAP_ALLOCATE|[38]|Bytes:4
19:49:36.5 (258282797)|VARIABLE_SCOPE_BEGIN|[38]|orders|List<Order>|true|false
19:49:36.5 (258333308)|HEAP_ALLOCATE|[EXTERNAL]|Bytes:4
19:49:36.5 (258355284)|VARIABLE_ASSIGNMENT|[38]|orders|[]|0x5092b123
19:49:36.5 (258771971)|HEAP_ALLOCATE|[39]|Bytes:5
19:49:36.5 (258819861)|HEAP_ALLOCATE|[39]|Bytes:12
19:49:36.5 (258841909)|VARIABLE_SCOPE_BEGIN|[39]|acc|Account|true|false
19:49:36.5 (258878216)|VARIABLE_ASSIGNMENT|[39]|acc|{"Name":"Test Account 0","Id":"0017Q00000peCTEQA2"}|0x3d28d88d
19:49:36.5 (258890742)|STATEMENT_EXECUTE|[39]
19:49:36.5 (258892900)|STATEMENT_EXECUTE|[40]
19:49:36.5 (258941548)|HEAP_ALLOCATE|[40]|Bytes:4
19:49:36.5 (259196325)|VARIABLE_ASSIGNMENT|[40]|this.AccountId|"0017Q00000peCTEQA2"|0x729e6c67
19:49:36.5 (259222310)|HEAP_ALLOCATE|[42]|Bytes:5
19:49:36.5 (259261096)|VARIABLE_ASSIGNMENT|[40]|this.Status|"Draft"|0x729e6c67
19:49:36.5 (259295208)|VARIABLE_ASSIGNMENT|[40]|this.ContractTerm|5|0x729e6c67
19:49:36.5 (259361910)|VARIABLE_SCOPE_BEGIN|[40]|cont|Contract|true|false
19:49:36.5 (259394823)|VARIABLE_ASSIGNMENT|[40]|cont|{"AccountId":"0017Q00000peCTEQA2","Status":"Draft","ContractTerm":5}|0x729e6c67
19:49:36.5 (259406250)|STATEMENT_EXECUTE|[45]
19:49:36.5 (259466638)|HEAP_ALLOCATE|[EXTERNAL]|Bytes:4
19:49:36.5 (259480323)|STATEMENT_EXECUTE|[46]
19:49:36.5 (259490837)|VARIABLE_SCOPE_BEGIN|[46]|i|Integer|false|false
19:49:36.5 (259509276)|HEAP_ALLOCATE|[46]|Bytes:4
19:49:36.5 (259526803)|VARIABLE_ASSIGNMENT|[46]|i|0
19:49:36.5 (259538553)|STATEMENT_EXECUTE|[46]
19:49:36.5 (259540800)|STATEMENT_EXECUTE|[47]
19:49:36.5 (259578505)|HEAP_ALLOCATE|[47]|Bytes:4
19:49:36.5 (261248473)|VARIABLE_SCOPE_BEGIN|[47]|o|Order|true|false
19:49:36.5 (261284660)|VARIABLE_ASSIGNMENT|[47]|o|{}|0x1fe0a8f9
19:49:36.5 (261296805)|STATEMENT_EXECUTE|[48]
19:49:36.5 (261491772)|VARIABLE_ASSIGNMENT|[48]|this.AccountId|"0017Q00000peCTEQA2"|0x1fe0a8f9
19:49:36.5 (261504322)|STATEMENT_EXECUTE|[49]
19:49:36.5 (261566813)|VARIABLE_ASSIGNMENT|[49]|this.ContractId|null|0x1fe0a8f9
19:49:36.5 (261575599)|STATEMENT_EXECUTE|[50]
19:49:36.5 (261624265)|VARIABLE_ASSIGNMENT|[50]|this.Status|"Draft"|0x1fe0a8f9
19:49:36.5 (261633528)|STATEMENT_EXECUTE|[51]
19:49:36.5 (261766118)|HEAP_ALLOCATE|[51]|Bytes:4
19:49:36.5 (263130595)|VARIABLE_ASSIGNMENT|[51]|this.EffectiveDate|"2023-02-06T00:00:00.000Z"|0x1fe0a8f9
19:49:36.5 (263156332)|STATEMENT_EXECUTE|[52]
19:49:36.5 (263191539)|METHOD_ENTRY|[52]||System.Test.getStandardPricebookId()
19:49:36.5 (265052473)|METHOD_EXIT|[52]||System.Test.getStandardPricebookId()
19:49:36.5 (265334097)|VARIABLE_ASSIGNMENT|[52]|this.Pricebook2Id|"01s7Q00000E4lgPQAR"|0x1fe0a8f9
19:49:36.5 (265376354)|STATEMENT_EXECUTE|[53]
19:49:36.5 (265430079)|HEAP_ALLOCATE|[53]|Bytes:28
19:49:36.5 (265586452)|VARIABLE_ASSIGNMENT|[53]|this.UnitPrice__c|200|0x1fe0a8f9
19:49:36.5 (265630544)|STATEMENT_EXECUTE|[54]
19:49:36.5 (265653396)|HEAP_ALLOCATE|[54]|Bytes:28
19:49:36.5 (265686289)|HEAP_ALLOCATE|[54]|Bytes:28
19:49:36.5 (265798275)|VARIABLE_ASSIGNMENT|[54]|this.Quantity__c|1|0x1fe0a8f9
19:49:36.5 (265840061)|STATEMENT_EXECUTE|[55]
19:49:36.5 (265937844)|HEAP_ALLOCATE|[EXTERNAL]|Bytes:4
19:49:36.5 (265969404)|HEAP_ALLOCATE|[46]|Bytes:4
19:49:36.5 (266006439)|VARIABLE_ASSIGNMENT|[46]|i|1
19:49:36.5 (266035012)|STATEMENT_EXECUTE|[46]
19:49:36.5 (266037493)|STATEMENT_EXECUTE|[47]
19:49:36.5 (266095912)|HEAP_ALLOCATE|[47]|Bytes:4
19:49:36.5 (266145226)|VARIABLE_SCOPE_BEGIN|[47]|o|Order|true|false
19:49:36.5 (266208664)|VARIABLE_ASSIGNMENT|[47]|o|{}|0x35eaf2d1
19:49:36.5 (266241622)|STATEMENT_EXECUTE|[48]
19:49:36.5 (266357831)|VARIABLE_ASSIGNMENT|[48]|this.AccountId|"0017Q00000peCTEQA2"|0x35eaf2d1
19:49:36.5 (266396566)|STATEMENT_EXECUTE|[49]
19:49:36.5 (266476490)|VARIABLE_ASSIGNMENT|[49]|this.ContractId|null|0x35eaf2d1
19:49:36.5 (266509606)|STATEMENT_EXECUTE|[50]
19:49:36.5 (266571731)|VARIABLE_ASSIGNMENT|[50]|this.Status|"Draft"|0x35eaf2d1
19:49:36.5 (266601166)|STATEMENT_EXECUTE|[51]
19:49:36.5 (266655170)|HEAP_ALLOCATE|[51]|Bytes:4
19:49:36.5 (266773475)|VARIABLE_ASSIGNMENT|[51]|this.EffectiveDate|"2023-02-06T00:00:00.000Z"|0x35eaf2d1
19:49:36.5 (266817152)|STATEMENT_EXECUTE|[52]
19:49:36.5 (266827701)|METHOD_ENTRY|[52]||System.Test.getStandardPricebookId()
19:49:36.5 (267413978)|METHOD_EXIT|[52]||System.Test.getStandardPricebookId()
19:49:36.5 (267574734)|VARIABLE_ASSIGNMENT|[52]|this.Pricebook2Id|"01s7Q00000E4lgPQAR"|0x35eaf2d1
19:49:36.5 (267616040)|STATEMENT_EXECUTE|[53]
19:49:36.5 (267630765)|HEAP_ALLOCATE|[53]|Bytes:28
19:49:36.5 (267740640)|VARIABLE_ASSIGNMENT|[53]|this.UnitPrice__c|200|0x35eaf2d1
19:49:36.5 (267791651)|STATEMENT_EXECUTE|[54]
19:49:36.5 (267803887)|HEAP_ALLOCATE|[54]|Bytes:28
19:49:36.5 (267828408)|HEAP_ALLOCATE|[54]|Bytes:28
19:49:36.5 (267943746)|VARIABLE_ASSIGNMENT|[54]|this.Quantity__c|1|0x35eaf2d1
19:49:36.5 (267979485)|STATEMENT_EXECUTE|[55]
19:49:36.5 (268002184)|HEAP_ALLOCATE|[EXTERNAL]|Bytes:4
19:49:36.5 (268032704)|HEAP_ALLOCATE|[46]|Bytes:4
19:49:36.5 (268067803)|VARIABLE_ASSIGNMENT|[46]|i|2
19:49:36.5 (268093555)|STATEMENT_EXECUTE|[46]
19:49:36.5 (268107425)|STATEMENT_EXECUTE|[47]
19:49:36.5 (268128777)|HEAP_ALLOCATE|[47]|Bytes:4
19:49:36.5 (268200820)|VARIABLE_SCOPE_BEGIN|[47]|o|Order|true|false
19:49:36.5 (268275108)|VARIABLE_ASSIGNMENT|[47]|o|{}|0x675f285d
19:49:36.5 (268295611)|STATEMENT_EXECUTE|[48]
19:49:36.5 (268450102)|VARIABLE_ASSIGNMENT|[48]|this.AccountId|"0017Q00000peCTEQA2"|0x675f285d
19:49:36.5 (268508402)|STATEMENT_EXECUTE|[49]
19:49:36.5 (268590848)|VARIABLE_ASSIGNMENT|[49]|this.ContractId|null|0x675f285d
19:49:36.5 (268623563)|STATEMENT_EXECUTE|[50]
19:49:36.5 (268686635)|VARIABLE_ASSIGNMENT|[50]|this.Status|"Draft"|0x675f285d
19:49:36.5 (268731186)|STATEMENT_EXECUTE|[51]
19:49:36.5 (268788010)|HEAP_ALLOCATE|[51]|Bytes:4
19:49:36.5 (268905646)|VARIABLE_ASSIGNMENT|[51]|this.EffectiveDate|"2023-02-06T00:00:00.000Z"|0x675f285d
19:49:36.5 (268947775)|STATEMENT_EXECUTE|[52]
19:49:36.5 (268957270)|METHOD_ENTRY|[52]||System.Test.getStandardPricebookId()
19:49:36.5 (269409767)|METHOD_EXIT|[52]||System.Test.getStandardPricebookId()
19:49:36.5 (269553369)|VARIABLE_ASSIGNMENT|[52]|this.Pricebook2Id|"01s7Q00000E4lgPQAR"|0x675f285d
19:49:36.5 (269601243)|STATEMENT_EXECUTE|[53]
19:49:36.5 (269615058)|HEAP_ALLOCATE|[53]|Bytes:28
19:49:36.5 (269737597)|VARIABLE_ASSIGNMENT|[53]|this.UnitPrice__c|200|0x675f285d
19:49:36.5 (269777443)|STATEMENT_EXECUTE|[54]
19:49:36.5 (269807830)|HEAP_ALLOCATE|[54]|Bytes:28
19:49:36.5 (269884303)|HEAP_ALLOCATE|[54]|Bytes:28
19:49:36.5 (270006406)|VARIABLE_ASSIGNMENT|[54]|this.Quantity__c|1|0x675f285d
19:49:36.5 (270055100)|STATEMENT_EXECUTE|[55]
19:49:36.5 (270075541)|HEAP_ALLOCATE|[EXTERNAL]|Bytes:4
19:49:36.5 (270107350)|HEAP_ALLOCATE|[46]|Bytes:4
19:49:36.5 (270160127)|VARIABLE_ASSIGNMENT|[46]|i|3
19:49:36.5 (270186619)|STATEMENT_EXECUTE|[46]
19:49:36.5 (270203120)|STATEMENT_EXECUTE|[47]
19:49:36.5 (270222982)|HEAP_ALLOCATE|[47]|Bytes:4
19:49:36.5 (270270421)|VARIABLE_SCOPE_BEGIN|[47]|o|Order|true|false
19:49:36.5 (270323802)|VARIABLE_ASSIGNMENT|[47]|o|{}|0x14684f42
19:49:36.5 (270367873)|STATEMENT_EXECUTE|[48]
19:49:36.5 (270484475)|VARIABLE_ASSIGNMENT|[48]|this.AccountId|"0017Q00000peCTEQA2"|0x14684f42
19:49:36.5 (270524134)|STATEMENT_EXECUTE|[49]
19:49:36.5 (270596945)|VARIABLE_ASSIGNMENT|[49]|this.ContractId|null|0x14684f42
19:49:36.5 (270638671)|STATEMENT_EXECUTE|[50]
19:49:36.5 (270737170)|VARIABLE_ASSIGNMENT|[50]|this.Status|"Draft"|0x14684f42
19:49:36.5 (270790522)|STATEMENT_EXECUTE|[51]
19:49:36.5 (270850670)|HEAP_ALLOCATE|[51]|Bytes:4
19:49:36.5 (270987576)|VARIABLE_ASSIGNMENT|[51]|this.EffectiveDate|"2023-02-06T00:00:00.000Z"|0x14684f42
19:49:36.5 (271025670)|STATEMENT_EXECUTE|[52]
19:49:36.5 (271036654)|METHOD_ENTRY|[52]||System.Test.getStandardPricebookId()
19:49:36.5 (271518628)|METHOD_EXIT|[52]||System.Test.getStandardPricebookId()
19:49:36.5 (271658047)|VARIABLE_ASSIGNMENT|[52]|this.Pricebook2Id|"01s7Q00000E4lgPQAR"|0x14684f42
19:49:36.5 (271707810)|STATEMENT_EXECUTE|[53]
19:49:36.5 (271720733)|HEAP_ALLOCATE|[53]|Bytes:28
19:49:36.5 (271830218)|VARIABLE_ASSIGNMENT|[53]|this.UnitPrice__c|200|0x14684f42
19:49:36.5 (271863965)|STATEMENT_EXECUTE|[54]
19:49:36.5 (271875991)|HEAP_ALLOCATE|[54]|Bytes:28
19:49:36.5 (271903159)|HEAP_ALLOCATE|[54]|Bytes:28
19:49:36.5 (272048259)|VARIABLE_ASSIGNMENT|[54]|this.Quantity__c|1|0x14684f42
19:49:36.5 (272095917)|STATEMENT_EXECUTE|[55]
19:49:36.5 (272117292)|HEAP_ALLOCATE|[EXTERNAL]|Bytes:4
19:49:36.5 (272145990)|HEAP_ALLOCATE|[46]|Bytes:4
19:49:36.5 (272182568)|VARIABLE_ASSIGNMENT|[46]|i|4
19:49:36.5 (272246378)|HEAP_ALLOCATE|[39]|Bytes:5
19:49:36.5 (272294773)|HEAP_ALLOCATE|[39]|Bytes:12
19:49:36.5 (272333884)|VARIABLE_SCOPE_BEGIN|[39]|acc|Account|true|false
19:49:36.5 (272417878)|VARIABLE_ASSIGNMENT|[39]|acc|{"Name":"Test Account 1","Id":"0017Q00000peDBSQA2"}|0xa9ccce7
19:49:36.5 (272468967)|STATEMENT_EXECUTE|[39]
19:49:36.5 (272470957)|STATEMENT_EXECUTE|[40]
19:49:36.5 (272491942)|HEAP_ALLOCATE|[40]|Bytes:4
19:49:36.5 (272570949)|VARIABLE_ASSIGNMENT|[40]|this.AccountId|"0017Q00000peDBSQA2"|0x69fb44fa
19:49:36.5 (272632277)|VARIABLE_ASSIGNMENT|[40]|this.Status|"Draft"|0x69fb44fa
19:49:36.5 (272698740)|VARIABLE_ASSIGNMENT|[40]|this.ContractTerm|5|0x69fb44fa
19:49:36.5 (272748463)|VARIABLE_SCOPE_BEGIN|[40]|cont|Contract|true|false
19:49:36.5 (272814100)|VARIABLE_ASSIGNMENT|[40]|cont|{"AccountId":"0017Q00000peDBSQA2","Status":"Draft","ContractTerm":5}|0x69fb44fa
19:49:36.5 (272854953)|STATEMENT_EXECUTE|[45]
19:49:36.5 (272873276)|HEAP_ALLOCATE|[EXTERNAL]|Bytes:4
19:49:36.5 (272897676)|STATEMENT_EXECUTE|[46]
19:49:36.5 (272904476)|VARIABLE_SCOPE_BEGIN|[46]|i|Integer|false|false
19:49:36.5 (272967900)|HEAP_ALLOCATE|[46]|Bytes:4
19:49:36.5 (272977992)|VARIABLE_ASSIGNMENT|[46]|i|0
19:49:36.5 (273028336)|STATEMENT_EXECUTE|[46]
19:49:36.5 (273031392)|STATEMENT_EXECUTE|[47]
19:49:36.5 (273045865)|HEAP_ALLOCATE|[47]|Bytes:4
19:49:36.5 (273105734)|VARIABLE_SCOPE_BEGIN|[47]|o|Order|true|false
19:49:36.5 (273130757)|VARIABLE_ASSIGNMENT|[47]|o|{}|0xf418f9e
19:49:36.5 (273141445)|STATEMENT_EXECUTE|[48]
19:49:36.5 (273224213)|VARIABLE_ASSIGNMENT|[48]|this.AccountId|"0017Q00000peDBSQA2"|0xf418f9e
19:49:36.5 (273237042)|STATEMENT_EXECUTE|[49]
19:49:36.5 (273280331)|VARIABLE_ASSIGNMENT|[49]|this.ContractId|null|0xf418f9e
19:49:36.5 (273291333)|STATEMENT_EXECUTE|[50]
19:49:36.5 (273329175)|VARIABLE_ASSIGNMENT|[50]|this.Status|"Draft"|0xf418f9e
19:49:36.5 (273339521)|STATEMENT_EXECUTE|[51]
19:49:36.5 (273377310)|HEAP_ALLOCATE|[51]|Bytes:4
19:49:36.5 (273449169)|VARIABLE_ASSIGNMENT|[51]|this.EffectiveDate|"2023-02-06T00:00:00.000Z"|0xf418f9e
19:49:36.5 (273460794)|STATEMENT_EXECUTE|[52]
19:49:36.5 (273470483)|METHOD_ENTRY|[52]||System.Test.getStandardPricebookId()
19:49:36.5 (273832515)|METHOD_EXIT|[52]||System.Test.getStandardPricebookId()
19:49:36.5 (273958163)|VARIABLE_ASSIGNMENT|[52]|this.Pricebook2Id|"01s7Q00000E4lgPQAR"|0xf418f9e
19:49:36.5 (273973300)|STATEMENT_EXECUTE|[53]
19:49:36.5 (273987893)|HEAP_ALLOCATE|[53]|Bytes:28
19:49:36.5 (274055953)|VARIABLE_ASSIGNMENT|[53]|this.UnitPrice__c|200|0xf418f9e
19:49:36.5 (274066842)|STATEMENT_EXECUTE|[54]
19:49:36.5 (274079168)|HEAP_ALLOCATE|[54]|Bytes:28
19:49:36.5 (274085816)|HEAP_ALLOCATE|[54]|Bytes:28
19:49:36.5 (274134919)|VARIABLE_ASSIGNMENT|[54]|this.Quantity__c|1|0xf418f9e
19:49:36.5 (274144271)|STATEMENT_EXECUTE|[55]
19:49:36.5 (274162357)|HEAP_ALLOCATE|[EXTERNAL]|Bytes:4
19:49:36.5 (274174141)|HEAP_ALLOCATE|[46]|Bytes:4
19:49:36.5 (274192301)|VARIABLE_ASSIGNMENT|[46]|i|1
19:49:36.5 (274221884)|STATEMENT_EXECUTE|[46]
19:49:36.5 (274237109)|STATEMENT_EXECUTE|[47]
19:49:36.5 (274251671)|HEAP_ALLOCATE|[47]|Bytes:4
19:49:36.5 (274291769)|VARIABLE_SCOPE_BEGIN|[47]|o|Order|true|false
19:49:36.5 (274368494)|VARIABLE_ASSIGNMENT|[47]|o|{}|0x4b2809d7
19:49:36.5 (274402826)|STATEMENT_EXECUTE|[48]
19:49:36.5 (274503832)|VARIABLE_ASSIGNMENT|[48]|this.AccountId|"0017Q00000peDBSQA2"|0x4b2809d7
19:49:36.5 (274516051)|STATEMENT_EXECUTE|[49]
19:49:36.5 (274557910)|VARIABLE_ASSIGNMENT|[49]|this.ContractId|null|0x4b2809d7
19:49:36.5 (274569136)|STATEMENT_EXECUTE|[50]
19:49:36.5 (274607575)|VARIABLE_ASSIGNMENT|[50]|this.Status|"Draft"|0x4b2809d7
19:49:36.5 (274617040)|STATEMENT_EXECUTE|[51]
19:49:36.5 (274647812)|HEAP_ALLOCATE|[51]|Bytes:4
19:49:36.5 (274713009)|VARIABLE_ASSIGNMENT|[51]|this.EffectiveDate|"2023-02-06T00:00:00.000Z"|0x4b2809d7
19:49:36.5 (274724836)|STATEMENT_EXECUTE|[52]
19:49:36.5 (274734921)|METHOD_ENTRY|[52]||System.Test.getStandardPricebookId()
19:49:36.5 (275114220)|METHOD_EXIT|[52]||System.Test.getStandardPricebookId()
19:49:36.5 (275202572)|VARIABLE_ASSIGNMENT|[52]|this.Pricebook2Id|"01s7Q00000E4lgPQAR"|0x4b2809d7
19:49:36.5 (275233964)|STATEMENT_EXECUTE|[53]
19:49:36.5 (275246004)|HEAP_ALLOCATE|[53]|Bytes:28
19:49:36.5 (275307739)|VARIABLE_ASSIGNMENT|[53]|this.UnitPrice__c|200|0x4b2809d7
19:49:36.5 (275320608)|STATEMENT_EXECUTE|[54]
19:49:36.5 (275331399)|HEAP_ALLOCATE|[54]|Bytes:28
19:49:36.5 (275337718)|HEAP_ALLOCATE|[54]|Bytes:28
19:49:36.5 (275386008)|VARIABLE_ASSIGNMENT|[54]|this.Quantity__c|1|0x4b2809d7
19:49:36.5 (275395601)|STATEMENT_EXECUTE|[55]
19:49:36.5 (275413227)|HEAP_ALLOCATE|[EXTERNAL]|Bytes:4
19:49:36.5 (275424320)|HEAP_ALLOCATE|[46]|Bytes:4
19:49:36.5 (275445786)|VARIABLE_ASSIGNMENT|[46]|i|2
19:49:36.5 (275477044)|STATEMENT_EXECUTE|[46]
19:49:36.5 (275480612)|STATEMENT_EXECUTE|[47]
19:49:36.5 (275494638)|HEAP_ALLOCATE|[47]|Bytes:4
19:49:36.5 (275521728)|VARIABLE_SCOPE_BEGIN|[47]|o|Order|true|false
19:49:36.5 (275546827)|VARIABLE_ASSIGNMENT|[47]|o|{}|0x37bef4da
19:49:36.5 (275557196)|STATEMENT_EXECUTE|[48]
19:49:36.5 (275625608)|VARIABLE_ASSIGNMENT|[48]|this.AccountId|"0017Q00000peDBSQA2"|0x37bef4da
19:49:36.5 (275636862)|STATEMENT_EXECUTE|[49]
19:49:36.5 (275675607)|VARIABLE_ASSIGNMENT|[49]|this.ContractId|null|0x37bef4da
19:49:36.5 (275686869)|STATEMENT_EXECUTE|[50]
19:49:36.5 (275725548)|VARIABLE_ASSIGNMENT|[50]|this.Status|"Draft"|0x37bef4da
19:49:36.5 (275734641)|STATEMENT_EXECUTE|[51]
19:49:36.5 (275765050)|HEAP_ALLOCATE|[51]|Bytes:4
19:49:36.5 (275827603)|VARIABLE_ASSIGNMENT|[51]|this.EffectiveDate|"2023-02-06T00:00:00.000Z"|0x37bef4da
19:49:36.5 (275839425)|STATEMENT_EXECUTE|[52]
19:49:36.5 (275849484)|METHOD_ENTRY|[52]||System.Test.getStandardPricebookId()
19:49:36.5 (276282823)|METHOD_EXIT|[52]||System.Test.getStandardPricebookId()
19:49:36.5 (276385376)|VARIABLE_ASSIGNMENT|[52]|this.Pricebook2Id|"01s7Q00000E4lgPQAR"|0x37bef4da
19:49:36.5 (276432960)|STATEMENT_EXECUTE|[53]
19:49:36.5 (276445051)|HEAP_ALLOCATE|[53]|Bytes:28
19:49:36.5 (276516382)|VARIABLE_ASSIGNMENT|[53]|this.UnitPrice__c|200|0x37bef4da
19:49:36.5 (276528235)|STATEMENT_EXECUTE|[54]
19:49:36.5 (276538518)|HEAP_ALLOCATE|[54]|Bytes:28
19:49:36.5 (276546896)|HEAP_ALLOCATE|[54]|Bytes:28
19:49:36.5 (276595884)|VARIABLE_ASSIGNMENT|[54]|this.Quantity__c|1|0x37bef4da
19:49:36.5 (276606754)|STATEMENT_EXECUTE|[55]
19:49:36.5 (276622917)|HEAP_ALLOCATE|[EXTERNAL]|Bytes:4
19:49:36.5 (276636680)|HEAP_ALLOCATE|[46]|Bytes:4
19:49:36.5 (277435881)|VARIABLE_ASSIGNMENT|[46]|i|3
19:49:36.5 (277453667)|STATEMENT_EXECUTE|[46]
19:49:36.5 (277459849)|STATEMENT_EXECUTE|[47]
19:49:36.5 (277477326)|HEAP_ALLOCATE|[47]|Bytes:4
19:49:36.5 (277514177)|VARIABLE_SCOPE_BEGIN|[47]|o|Order|true|false
19:49:36.5 (277539447)|VARIABLE_ASSIGNMENT|[47]|o|{}|0x7e633c66
19:49:36.5 (277546778)|STATEMENT_EXECUTE|[48]
19:49:36.5 (277620920)|VARIABLE_ASSIGNMENT|[48]|this.AccountId|"0017Q00000peDBSQA2"|0x7e633c66
19:49:36.5 (277631171)|STATEMENT_EXECUTE|[49]
19:49:36.5 (277671221)|VARIABLE_ASSIGNMENT|[49]|this.ContractId|null|0x7e633c66
19:49:36.5 (277680862)|STATEMENT_EXECUTE|[50]
19:49:36.5 (277715090)|VARIABLE_ASSIGNMENT|[50]|this.Status|"Draft"|0x7e633c66
19:49:36.5 (277724407)|STATEMENT_EXECUTE|[51]
19:49:36.5 (277753968)|HEAP_ALLOCATE|[51]|Bytes:4
19:49:36.5 (277813075)|VARIABLE_ASSIGNMENT|[51]|this.EffectiveDate|"2023-02-06T00:00:00.000Z"|0x7e633c66
19:49:36.5 (277823330)|STATEMENT_EXECUTE|[52]
19:49:36.5 (277831502)|METHOD_ENTRY|[52]||System.Test.getStandardPricebookId()
19:49:36.5 (278211976)|METHOD_EXIT|[52]||System.Test.getStandardPricebookId()
19:49:36.5 (278391605)|VARIABLE_ASSIGNMENT|[52]|this.Pricebook2Id|"01s7Q00000E4lgPQAR"|0x7e633c66
19:49:36.5 (278438523)|STATEMENT_EXECUTE|[53]
19:49:36.5 (278454358)|HEAP_ALLOCATE|[53]|Bytes:28
19:49:36.5 (278586849)|VARIABLE_ASSIGNMENT|[53]|this.UnitPrice__c|200|0x7e633c66
19:49:36.5 (278614824)|STATEMENT_EXECUTE|[54]
19:49:36.5 (278636585)|HEAP_ALLOCATE|[54]|Bytes:28
19:49:36.5 (278643429)|HEAP_ALLOCATE|[54]|Bytes:28
19:49:36.5 (278744036)|VARIABLE_ASSIGNMENT|[54]|this.Quantity__c|1|0x7e633c66
19:49:36.5 (278766635)|STATEMENT_EXECUTE|[55]
19:49:36.5 (278800754)|HEAP_ALLOCATE|[EXTERNAL]|Bytes:4
19:49:36.5 (278811938)|HEAP_ALLOCATE|[46]|Bytes:4
19:49:36.5 (278850662)|VARIABLE_ASSIGNMENT|[46]|i|4
19:49:36.5 (278942648)|HEAP_ALLOCATE|[39]|Bytes:5
19:49:36.5 (278995443)|HEAP_ALLOCATE|[39]|Bytes:12
19:49:36.5 (279014611)|VARIABLE_SCOPE_BEGIN|[39]|acc|Account|true|false
19:49:36.5 (279089726)|VARIABLE_ASSIGNMENT|[39]|acc|{"Name":"Test Account 2","Id":"0017Q00000peDBTQA2"}|0x454b32fb
19:49:36.5 (279123648)|STATEMENT_EXECUTE|[39]
19:49:36.5 (279125814)|STATEMENT_EXECUTE|[40]
19:49:36.5 (279159099)|HEAP_ALLOCATE|[40]|Bytes:4
19:49:36.5 (279243909)|VARIABLE_ASSIGNMENT|[40]|this.AccountId|"0017Q00000peDBTQA2"|0x76c69dbc
19:49:36.5 (279309756)|VARIABLE_ASSIGNMENT|[40]|this.Status|"Draft"|0x76c69dbc
19:49:36.5 (279372327)|VARIABLE_ASSIGNMENT|[40]|this.ContractTerm|5|0x76c69dbc
19:49:36.5 (279431351)|VARIABLE_SCOPE_BEGIN|[40]|cont|Contract|true|false
19:49:36.5 (279494976)|VARIABLE_ASSIGNMENT|[40]|cont|{"AccountId":"0017Q00000peDBTQA2","Status":"Draft","ContractTerm":5}|0x76c69dbc
19:49:36.5 (279539363)|STATEMENT_EXECUTE|[45]
19:49:36.5 (279556042)|HEAP_ALLOCATE|[EXTERNAL]|Bytes:4
19:49:36.5 (279583154)|STATEMENT_EXECUTE|[46]
19:49:36.5 (279590844)|VARIABLE_SCOPE_BEGIN|[46]|i|Integer|false|false
19:49:36.5 (279647168)|HEAP_ALLOCATE|[46]|Bytes:4
19:49:36.5 (279669675)|VARIABLE_ASSIGNMENT|[46]|i|0
19:49:36.5 (279687874)|STATEMENT_EXECUTE|[46]
19:49:36.5 (279689712)|STATEMENT_EXECUTE|[47]
19:49:36.5 (279701944)|HEAP_ALLOCATE|[47]|Bytes:4
19:49:36.5 (279730186)|VARIABLE_SCOPE_BEGIN|[47]|o|Order|true|false
19:49:36.5 (279783779)|VARIABLE_ASSIGNMENT|[47]|o|{}|0xba04f65
19:49:36.5 (279813555)|STATEMENT_EXECUTE|[48]
19:49:36.5 (279907596)|VARIABLE_ASSIGNMENT|[48]|this.AccountId|"0017Q00000peDBTQA2"|0xba04f65
19:49:36.5 (279933893)|STATEMENT_EXECUTE|[49]
19:49:36.5 (279992223)|VARIABLE_ASSIGNMENT|[49]|this.ContractId|null|0xba04f65
19:49:36.5 (280004337)|STATEMENT_EXECUTE|[50]
19:49:36.5 (280084312)|VARIABLE_ASSIGNMENT|[50]|this.Status|"Draft"|0xba04f65
19:49:36.5 (280209460)|STATEMENT_EXECUTE|[51]
19:49:36.5 (280254194)|HEAP_ALLOCATE|[51]|Bytes:4
19:49:36.5 (280517318)|VARIABLE_ASSIGNMENT|[51]|this.EffectiveDate|"2023-02-06T00:00:00.000Z"|0xba04f65
19:49:36.5 (280564237)|STATEMENT_EXECUTE|[52]
19:49:36.5 (280575177)|METHOD_ENTRY|[52]||System.Test.getStandardPricebookId()
19:49:36.5 (280977885)|METHOD_EXIT|[52]||System.Test.getStandardPricebookId()
19:49:36.5 (281120191)|VARIABLE_ASSIGNMENT|[52]|this.Pricebook2Id|"01s7Q00000E4lgPQAR"|0xba04f65
19:49:36.5 (281176255)|STATEMENT_EXECUTE|[53]
19:49:36.5 (281188551)|HEAP_ALLOCATE|[53]|Bytes:28
19:49:36.5 (281322757)|VARIABLE_ASSIGNMENT|[53]|this.UnitPrice__c|200|0xba04f65
19:49:36.5 (281347747)|STATEMENT_EXECUTE|[54]
19:49:36.5 (281371251)|HEAP_ALLOCATE|[54]|Bytes:28
19:49:36.5 (281392396)|HEAP_ALLOCATE|[54]|Bytes:28
19:49:36.5 (281477066)|VARIABLE_ASSIGNMENT|[54]|this.Quantity__c|1|0xba04f65
19:49:36.5 (281506255)|STATEMENT_EXECUTE|[55]
19:49:36.5 (281522691)|HEAP_ALLOCATE|[EXTERNAL]|Bytes:4
19:49:36.5 (281547448)|HEAP_ALLOCATE|[46]|Bytes:4
19:49:36.5 (281611321)|VARIABLE_ASSIGNMENT|[46]|i|1
19:49:36.5 (281636822)|STATEMENT_EXECUTE|[46]
19:49:36.5 (281638988)|STATEMENT_EXECUTE|[47]
19:49:36.5 (281654470)|HEAP_ALLOCATE|[47]|Bytes:4
19:49:36.5 (281692180)|VARIABLE_SCOPE_BEGIN|[47]|o|Order|true|false
19:49:36.5 (281753336)|VARIABLE_ASSIGNMENT|[47]|o|{}|0x1b50b78c
19:49:36.5 (281791562)|STATEMENT_EXECUTE|[48]
19:49:36.5 (281907863)|VARIABLE_ASSIGNMENT|[48]|this.AccountId|"0017Q00000peDBTQA2"|0x1b50b78c
19:49:36.5 (281968623)|STATEMENT_EXECUTE|[49]
19:49:36.5 (282032543)|VARIABLE_ASSIGNMENT|[49]|this.ContractId|null|0x1b50b78c
19:49:36.5 (282066057)|STATEMENT_EXECUTE|[50]
19:49:36.5 (282159376)|VARIABLE_ASSIGNMENT|[50]|this.Status|"Draft"|0x1b50b78c
19:49:36.5 (282192927)|STATEMENT_EXECUTE|[51]
19:49:36.5 (282222497)|HEAP_ALLOCATE|[51]|Bytes:4
19:49:36.5 (282344810)|VARIABLE_ASSIGNMENT|[51]|this.EffectiveDate|"2023-02-06T00:00:00.000Z"|0x1b50b78c
19:49:36.5 (282378519)|STATEMENT_EXECUTE|[52]
19:49:36.5 (282386965)|METHOD_ENTRY|[52]||System.Test.getStandardPricebookId()
19:49:36.5 (282771389)|METHOD_EXIT|[52]||System.Test.getStandardPricebookId()
19:49:36.5 (282908357)|VARIABLE_ASSIGNMENT|[52]|this.Pricebook2Id|"01s7Q00000E4lgPQAR"|0x1b50b78c
19:49:36.5 (282955686)|STATEMENT_EXECUTE|[53]
19:49:36.5 (282986217)|HEAP_ALLOCATE|[53]|Bytes:28
19:49:36.5 (283093203)|VARIABLE_ASSIGNMENT|[53]|this.UnitPrice__c|200|0x1b50b78c
19:49:36.5 (283127931)|STATEMENT_EXECUTE|[54]
19:49:36.5 (283138295)|HEAP_ALLOCATE|[54]|Bytes:28
19:49:36.5 (283145345)|HEAP_ALLOCATE|[54]|Bytes:28
19:49:36.5 (283246623)|VARIABLE_ASSIGNMENT|[54]|this.Quantity__c|1|0x1b50b78c
19:49:36.5 (283280689)|STATEMENT_EXECUTE|[55]
19:49:36.5 (283298072)|HEAP_ALLOCATE|[EXTERNAL]|Bytes:4
19:49:36.5 (283309715)|HEAP_ALLOCATE|[46]|Bytes:4
19:49:36.5 (283338725)|VARIABLE_ASSIGNMENT|[46]|i|2
19:49:36.5 (283387704)|STATEMENT_EXECUTE|[46]
19:49:36.5 (283389954)|STATEMENT_EXECUTE|[47]
19:49:36.5 (283414805)|HEAP_ALLOCATE|[47]|Bytes:4
19:49:36.5 (283451227)|VARIABLE_SCOPE_BEGIN|[47]|o|Order|true|false
19:49:36.5 (283504325)|VARIABLE_ASSIGNMENT|[47]|o|{}|0x7b9df98b
19:49:36.5 (283534194)|STATEMENT_EXECUTE|[48]
19:49:36.5 (283628975)|VARIABLE_ASSIGNMENT|[48]|this.AccountId|"0017Q00000peDBTQA2"|0x7b9df98b
19:49:36.5 (283671823)|STATEMENT_EXECUTE|[49]
19:49:36.5 (283732581)|VARIABLE_ASSIGNMENT|[49]|this.ContractId|null|0x7b9df98b
19:49:36.5 (283765999)|STATEMENT_EXECUTE|[50]
19:49:36.5 (283836846)|VARIABLE_ASSIGNMENT|[50]|this.Status|"Draft"|0x7b9df98b
19:49:36.5 (283865661)|STATEMENT_EXECUTE|[51]
19:49:36.5 (283894187)|HEAP_ALLOCATE|[51]|Bytes:4
19:49:36.5 (284030101)|VARIABLE_ASSIGNMENT|[51]|this.EffectiveDate|"2023-02-06T00:00:00.000Z"|0x7b9df98b
19:49:36.5 (284052197)|STATEMENT_EXECUTE|[52]
19:49:36.5 (284071880)|METHOD_ENTRY|[52]||System.Test.getStandardPricebookId()
19:49:36.5 (284471401)|METHOD_EXIT|[52]||System.Test.getStandardPricebookId()
19:49:36.5 (284607890)|VARIABLE_ASSIGNMENT|[52]|this.Pricebook2Id|"01s7Q00000E4lgPQAR"|0x7b9df98b
19:49:36.5 (284650345)|STATEMENT_EXECUTE|[53]
19:49:36.5 (284661549)|HEAP_ALLOCATE|[53]|Bytes:28
19:49:36.5 (284817582)|VARIABLE_ASSIGNMENT|[53]|this.UnitPrice__c|200|0x7b9df98b
19:49:36.5 (284855609)|STATEMENT_EXECUTE|[54]
19:49:36.5 (284866614)|HEAP_ALLOCATE|[54]|Bytes:28
19:49:36.5 (284893929)|HEAP_ALLOCATE|[54]|Bytes:28
19:49:36.5 (285010818)|VARIABLE_ASSIGNMENT|[54]|this.Quantity__c|1|0x7b9df98b
19:49:36.5 (285045549)|STATEMENT_EXECUTE|[55]
19:49:36.5 (285062835)|HEAP_ALLOCATE|[EXTERNAL]|Bytes:4
19:49:36.5 (285087356)|HEAP_ALLOCATE|[46]|Bytes:4
19:49:36.5 (285103990)|VARIABLE_ASSIGNMENT|[46]|i|3
19:49:36.5 (285139207)|STATEMENT_EXECUTE|[46]
19:49:36.5 (285141479)|STATEMENT_EXECUTE|[47]
19:49:36.5 (285155826)|HEAP_ALLOCATE|[47]|Bytes:4
19:49:36.5 (285197433)|VARIABLE_SCOPE_BEGIN|[47]|o|Order|true|false
19:49:36.5 (285259499)|VARIABLE_ASSIGNMENT|[47]|o|{}|0x320becef
19:49:36.5 (285290925)|STATEMENT_EXECUTE|[48]
19:49:36.5 (285390078)|VARIABLE_ASSIGNMENT|[48]|this.AccountId|"0017Q00000peDBTQA2"|0x320becef
19:49:36.5 (285421040)|STATEMENT_EXECUTE|[49]
19:49:36.5 (285487433)|VARIABLE_ASSIGNMENT|[49]|this.ContractId|null|0x320becef
19:49:36.5 (285526307)|STATEMENT_EXECUTE|[50]
19:49:36.5 (285621962)|VARIABLE_ASSIGNMENT|[50]|this.Status|"Draft"|0x320becef
19:49:36.5 (285656166)|STATEMENT_EXECUTE|[51]
19:49:36.5 (285691188)|HEAP_ALLOCATE|[51]|Bytes:4
19:49:36.5 (285822094)|VARIABLE_ASSIGNMENT|[51]|this.EffectiveDate|"2023-02-06T00:00:00.000Z"|0x320becef
19:49:36.5 (285851599)|STATEMENT_EXECUTE|[52]
19:49:36.5 (285859743)|METHOD_ENTRY|[52]||System.Test.getStandardPricebookId()
19:49:36.5 (286260270)|METHOD_EXIT|[52]||System.Test.getStandardPricebookId()
19:49:36.5 (286402939)|VARIABLE_ASSIGNMENT|[52]|this.Pricebook2Id|"01s7Q00000E4lgPQAR"|0x320becef
19:49:36.5 (286440340)|STATEMENT_EXECUTE|[53]
19:49:36.5 (286451908)|HEAP_ALLOCATE|[53]|Bytes:28
19:49:36.5 (286571049)|VARIABLE_ASSIGNMENT|[53]|this.UnitPrice__c|200|0x320becef
19:49:36.5 (286592553)|STATEMENT_EXECUTE|[54]
19:49:36.5 (286615982)|HEAP_ALLOCATE|[54]|Bytes:28
19:49:36.5 (286622655)|HEAP_ALLOCATE|[54]|Bytes:28
19:49:36.5 (286771974)|VARIABLE_ASSIGNMENT|[54]|this.Quantity__c|1|0x320becef
19:49:36.5 (286802309)|STATEMENT_EXECUTE|[55]
19:49:36.5 (286867192)|HEAP_ALLOCATE|[EXTERNAL]|Bytes:4
19:49:36.5 (286900260)|HEAP_ALLOCATE|[46]|Bytes:4
19:49:36.5 (286940093)|VARIABLE_ASSIGNMENT|[46]|i|4
19:49:36.5 (287001376)|HEAP_ALLOCATE|[39]|Bytes:5
19:49:36.5 (287045538)|HEAP_ALLOCATE|[39]|Bytes:12
19:49:36.5 (287063364)|VARIABLE_SCOPE_BEGIN|[39]|acc|Account|true|false
19:49:36.5 (287146233)|VARIABLE_ASSIGNMENT|[39]|acc|{"Name":"Test Account 3","Id":"0017Q00000peDBUQA2"}|0x7dc56f80
19:49:36.5 (287185273)|STATEMENT_EXECUTE|[39]
19:49:36.5 (287187438)|STATEMENT_EXECUTE|[40]
19:49:36.5 (287221721)|HEAP_ALLOCATE|[40]|Bytes:4
19:49:36.5 (287308429)|VARIABLE_ASSIGNMENT|[40]|this.AccountId|"0017Q00000peDBUQA2"|0x21886002
19:49:36.5 (287361103)|VARIABLE_ASSIGNMENT|[40]|this.Status|"Draft"|0x21886002
19:49:36.5 (287427843)|VARIABLE_ASSIGNMENT|[40]|this.ContractTerm|5|0x21886002
19:49:36.5 (287553459)|VARIABLE_SCOPE_BEGIN|[40]|cont|Contract|true|false
19:49:36.5 (287638347)|VARIABLE_ASSIGNMENT|[40]|cont|{"AccountId":"0017Q00000peDBUQA2","Status":"Draft","ContractTerm":5}|0x21886002
19:49:36.5 (287678082)|STATEMENT_EXECUTE|[45]
19:49:36.5 (287741745)|HEAP_ALLOCATE|[EXTERNAL]|Bytes:4
19:49:36.5 (287776218)|STATEMENT_EXECUTE|[46]
19:49:36.5 (287784240)|VARIABLE_SCOPE_BEGIN|[46]|i|Integer|false|false
19:49:36.5 (287862499)|HEAP_ALLOCATE|[46]|Bytes:4
19:49:36.5 (287893483)|VARIABLE_ASSIGNMENT|[46]|i|0
19:49:36.5 (287915624)|STATEMENT_EXECUTE|[46]
19:49:36.5 (287931592)|STATEMENT_EXECUTE|[47]
19:49:36.5 (287963020)|HEAP_ALLOCATE|[47]|Bytes:4
19:49:36.5 (287982163)|VARIABLE_SCOPE_BEGIN|[47]|o|Order|true|false
19:49:36.5 (288029186)|VARIABLE_ASSIGNMENT|[47]|o|{}|0x4020975
19:49:36.5 (288051845)|STATEMENT_EXECUTE|[48]
19:49:36.5 (288165660)|VARIABLE_ASSIGNMENT|[48]|this.AccountId|"0017Q00000peDBUQA2"|0x4020975
19:49:36.5 (288212313)|STATEMENT_EXECUTE|[49]
19:49:36.5 (288299995)|VARIABLE_ASSIGNMENT|[49]|this.ContractId|null|0x4020975
19:49:36.5 (288326998)|STATEMENT_EXECUTE|[50]
19:49:36.5 (288412109)|VARIABLE_ASSIGNMENT|[50]|this.Status|"Draft"|0x4020975
19:49:36.5 (288451295)|STATEMENT_EXECUTE|[51]
19:49:36.5 (288496947)|HEAP_ALLOCATE|[51]|Bytes:4
19:49:36.5 (288634922)|VARIABLE_ASSIGNMENT|[51]|this.EffectiveDate|"2023-02-06T00:00:00.000Z"|0x4020975
19:49:36.5 (288670164)|STATEMENT_EXECUTE|[52]
19:49:36.5 (288682221)|METHOD_ENTRY|[52]||System.Test.getStandardPricebookId()
19:49:36.5 (289107443)|METHOD_EXIT|[52]||System.Test.getStandardPricebookId()
19:49:36.5 (289266719)|VARIABLE_ASSIGNMENT|[52]|this.Pricebook2Id|"01s7Q00000E4lgPQAR"|0x4020975
19:49:36.5 (289300657)|STATEMENT_EXECUTE|[53]
19:49:36.5 (289328302)|HEAP_ALLOCATE|[53]|Bytes:28
19:49:36.5 (289430992)|VARIABLE_ASSIGNMENT|[53]|this.UnitPrice__c|200|0x4020975
19:49:36.5 (289471636)|STATEMENT_EXECUTE|[54]
19:49:36.5 (289482100)|HEAP_ALLOCATE|[54]|Bytes:28
19:49:36.5 (289506645)|HEAP_ALLOCATE|[54]|Bytes:28
19:49:36.5 (289595033)|VARIABLE_ASSIGNMENT|[54]|this.Quantity__c|1|0x4020975
19:49:36.5 (289635509)|STATEMENT_EXECUTE|[55]
19:49:36.5 (289651161)|HEAP_ALLOCATE|[EXTERNAL]|Bytes:4
19:49:36.5 (289677782)|HEAP_ALLOCATE|[46]|Bytes:4
19:49:36.5 (289712348)|VARIABLE_ASSIGNMENT|[46]|i|1
19:49:36.5 (289740937)|STATEMENT_EXECUTE|[46]
19:49:36.5 (289743071)|STATEMENT_EXECUTE|[47]
19:49:36.5 (289758287)|HEAP_ALLOCATE|[47]|Bytes:4
19:49:36.5 (289801874)|VARIABLE_SCOPE_BEGIN|[47]|o|Order|true|false
19:49:36.5 (289870663)|VARIABLE_ASSIGNMENT|[47]|o|{}|0x10b938bd
19:49:36.5 (289900482)|STATEMENT_EXECUTE|[48]
19:49:36.5 (289981878)|VARIABLE_ASSIGNMENT|[48]|this.AccountId|"0017Q00000peDBUQA2"|0x10b938bd
19:49:36.5 (289993922)|STATEMENT_EXECUTE|[49]
19:49:36.5 (290035757)|VARIABLE_ASSIGNMENT|[49]|this.ContractId|null|0x10b938bd
19:49:36.5 (290047952)|STATEMENT_EXECUTE|[50]
19:49:36.5 (290126317)|VARIABLE_ASSIGNMENT|[50]|this.Status|"Draft"|0x10b938bd
19:49:36.5 (290159138)|STATEMENT_EXECUTE|[51]
19:49:36.5 (290211114)|HEAP_ALLOCATE|[51]|Bytes:4
19:49:36.5 (290367549)|VARIABLE_ASSIGNMENT|[51]|this.EffectiveDate|"2023-02-06T00:00:00.000Z"|0x10b938bd
19:49:36.5 (290387790)|STATEMENT_EXECUTE|[52]
19:49:36.5 (290412859)|METHOD_ENTRY|[52]||System.Test.getStandardPricebookId()
19:49:36.5 (292364902)|METHOD_EXIT|[52]||System.Test.getStandardPricebookId()
19:49:36.5 (292502843)|VARIABLE_ASSIGNMENT|[52]|this.Pricebook2Id|"01s7Q00000E4lgPQAR"|0x10b938bd
19:49:36.5 (292519784)|STATEMENT_EXECUTE|[53]
19:49:36.5 (292535385)|HEAP_ALLOCATE|[53]|Bytes:28
19:49:36.5 (292637869)|VARIABLE_ASSIGNMENT|[53]|this.UnitPrice__c|200|0x10b938bd
19:49:36.5 (292694664)|STATEMENT_EXECUTE|[54]
19:49:36.5 (292707410)|HEAP_ALLOCATE|[54]|Bytes:28
19:49:36.5 (292731330)|HEAP_ALLOCATE|[54]|Bytes:28
19:49:36.5 (292852835)|VARIABLE_ASSIGNMENT|[54]|this.Quantity__c|1|0x10b938bd
19:49:36.5 (292893026)|STATEMENT_EXECUTE|[55]
19:49:36.5 (292911319)|HEAP_ALLOCATE|[EXTERNAL]|Bytes:4
19:49:36.5 (292955390)|HEAP_ALLOCATE|[46]|Bytes:4
19:49:36.5 (292976171)|VARIABLE_ASSIGNMENT|[46]|i|2
19:49:36.5 (293021356)|STATEMENT_EXECUTE|[46]
19:49:36.5 (293024348)|STATEMENT_EXECUTE|[47]
19:49:36.5 (293044678)|HEAP_ALLOCATE|[47]|Bytes:4
19:49:36.5 (293102221)|VARIABLE_SCOPE_BEGIN|[47]|o|Order|true|false
19:49:36.5 (293178622)|VARIABLE_ASSIGNMENT|[47]|o|{}|0x42ea59a4
19:49:36.5 (293227964)|STATEMENT_EXECUTE|[48]
19:49:36.5 (293353544)|VARIABLE_ASSIGNMENT|[48]|this.AccountId|"0017Q00000peDBUQA2"|0x42ea59a4
19:49:36.5 (293394079)|STATEMENT_EXECUTE|[49]
19:49:36.5 (293471952)|VARIABLE_ASSIGNMENT|[49]|this.ContractId|null|0x42ea59a4
19:49:36.5 (293513820)|STATEMENT_EXECUTE|[50]
19:49:36.5 (293608403)|VARIABLE_ASSIGNMENT|[50]|this.Status|"Draft"|0x42ea59a4
19:49:36.5 (293655648)|STATEMENT_EXECUTE|[51]
19:49:36.5 (293690140)|HEAP_ALLOCATE|[51]|Bytes:4
19:49:36.5 (293841766)|VARIABLE_ASSIGNMENT|[51]|this.EffectiveDate|"2023-02-06T00:00:00.000Z"|0x42ea59a4
19:49:36.5 (293881242)|STATEMENT_EXECUTE|[52]
19:49:36.5 (293891788)|METHOD_ENTRY|[52]||System.Test.getStandardPricebookId()
19:49:36.5 (294455606)|METHOD_EXIT|[52]||System.Test.getStandardPricebookId()
19:49:36.5 (294635639)|VARIABLE_ASSIGNMENT|[52]|this.Pricebook2Id|"01s7Q00000E4lgPQAR"|0x42ea59a4
19:49:36.5 (294663978)|STATEMENT_EXECUTE|[53]
19:49:36.5 (294705676)|HEAP_ALLOCATE|[53]|Bytes:28
19:49:36.5 (294828936)|VARIABLE_ASSIGNMENT|[53]|this.UnitPrice__c|200|0x42ea59a4
19:49:36.5 (294869971)|STATEMENT_EXECUTE|[54]
19:49:36.5 (294884200)|HEAP_ALLOCATE|[54]|Bytes:28
19:49:36.5 (294906557)|HEAP_ALLOCATE|[54]|Bytes:28
19:49:36.5 (295020208)|VARIABLE_ASSIGNMENT|[54]|this.Quantity__c|1|0x42ea59a4
19:49:36.5 (295059090)|STATEMENT_EXECUTE|[55]
19:49:36.5 (295077878)|HEAP_ALLOCATE|[EXTERNAL]|Bytes:4
19:49:36.5 (295105881)|HEAP_ALLOCATE|[46]|Bytes:4
19:49:36.5 (295126398)|VARIABLE_ASSIGNMENT|[46]|i|3
19:49:36.5 (295167258)|STATEMENT_EXECUTE|[46]
19:49:36.5 (295169423)|STATEMENT_EXECUTE|[47]
19:49:36.5 (295203287)|HEAP_ALLOCATE|[47]|Bytes:4
19:49:36.5 (295234733)|VARIABLE_SCOPE_BEGIN|[47]|o|Order|true|false
19:49:36.5 (295302554)|VARIABLE_ASSIGNMENT|[47]|o|{}|0x73bc1b0a
19:49:36.5 (295339578)|STATEMENT_EXECUTE|[48]
19:49:36.5 (295449803)|VARIABLE_ASSIGNMENT|[48]|this.AccountId|"0017Q00000peDBUQA2"|0x73bc1b0a
19:49:36.5 (295491002)|STATEMENT_EXECUTE|[49]
19:49:36.5 (295584605)|VARIABLE_ASSIGNMENT|[49]|this.ContractId|null|0x73bc1b0a
19:49:36.5 (295617278)|STATEMENT_EXECUTE|[50]
19:49:36.5 (295705252)|VARIABLE_ASSIGNMENT|[50]|this.Status|"Draft"|0x73bc1b0a
19:49:36.5 (295746740)|STATEMENT_EXECUTE|[51]
19:49:36.5 (295792077)|HEAP_ALLOCATE|[51]|Bytes:4
19:49:36.5 (295964479)|VARIABLE_ASSIGNMENT|[51]|this.EffectiveDate|"2023-02-06T00:00:00.000Z"|0x73bc1b0a
19:49:36.5 (296001810)|STATEMENT_EXECUTE|[52]
19:49:36.5 (296013004)|METHOD_ENTRY|[52]||System.Test.getStandardPricebookId()
19:49:36.5 (296585980)|METHOD_EXIT|[52]||System.Test.getStandardPricebookId()
19:49:36.5 (296751190)|VARIABLE_ASSIGNMENT|[52]|this.Pricebook2Id|"01s7Q00000E4lgPQAR"|0x73bc1b0a
19:49:36.5 (296804593)|STATEMENT_EXECUTE|[53]
19:49:36.5 (296832016)|HEAP_ALLOCATE|[53]|Bytes:28
19:49:36.5 (296968515)|VARIABLE_ASSIGNMENT|[53]|this.UnitPrice__c|200|0x73bc1b0a
19:49:36.5 (297003595)|STATEMENT_EXECUTE|[54]
19:49:36.5 (297017031)|HEAP_ALLOCATE|[54]|Bytes:28
19:49:36.5 (297043677)|HEAP_ALLOCATE|[54]|Bytes:28
19:49:36.5 (297146410)|VARIABLE_ASSIGNMENT|[54]|this.Quantity__c|1|0x73bc1b0a
19:49:36.5 (297179434)|STATEMENT_EXECUTE|[55]
19:49:36.5 (297197762)|HEAP_ALLOCATE|[EXTERNAL]|Bytes:4
19:49:36.5 (297224817)|HEAP_ALLOCATE|[46]|Bytes:4
19:49:36.5 (297258639)|VARIABLE_ASSIGNMENT|[46]|i|4
19:49:36.5 (297302417)|HEAP_ALLOCATE|[39]|Bytes:5
19:49:36.5 (297364992)|VARIABLE_ASSIGNMENT|[39]|acc|null|
19:49:36.5 (297387822)|STATEMENT_EXECUTE|[58]
19:49:36.5 (297539844)|DML_BEGIN|[58]|Op:Insert|Type:Order|Rows:16
19:49:36.5 (297644343)|HEAP_ALLOCATE|[EXTERNAL]|Bytes:68
19:49:36.5 (384525383)|DML_END|[58]
19:49:36.5 (384647061)|HEAP_ALLOCATE|[EXTERNAL]|Bytes:68
19:49:36.5 (384678927)|STATEMENT_EXECUTE|[59]
19:49:36.5 (384763952)|DML_BEGIN|[59]|Op:Insert|Type:Contract|Rows:4
19:49:36.5 (384830830)|HEAP_ALLOCATE|[EXTERNAL]|Bytes:20
19:49:36.5 (428539278)|DML_END|[59]
19:49:36.5 (428607994)|HEAP_ALLOCATE|[EXTERNAL]|Bytes:20
19:49:36.5 (428642052)|STATEMENT_EXECUTE|[62]
19:49:36.5 (428722578)|HEAP_ALLOCATE|[62]|Bytes:4
19:49:36.5 (428877545)|HEAP_ALLOCATE|[62]|Bytes:24
19:49:36.5 (429027224)|VARIABLE_ASSIGNMENT|[62]|this.Name|"Chemise Verte longue (4 more) ..."|0x69dc4f24
19:49:36.5 (429043823)|HEAP_ALLOCATE|[62]|Bytes:7
19:49:36.5 (429083746)|VARIABLE_ASSIGNMENT|[62]|this.Family|"Chemise"|0x69dc4f24
19:49:36.5 (429160699)|VARIABLE_SCOPE_BEGIN|[62]|p|Product2|true|false
19:49:36.5 (429210131)|VARIABLE_ASSIGNMENT|[62]|p|{"Name":"Chemise Verte longue (4 more) ...","Family":"Chemise"}|0x69dc4f24
19:49:36.5 (429222521)|STATEMENT_EXECUTE|[63]
19:49:36.5 (429264022)|HEAP_ALLOCATE|[63]|Bytes:8
19:49:36.5 (429279031)|DML_BEGIN|[63]|Op:Insert|Type:Product2|Rows:1
19:49:36.5 (429328795)|HEAP_ALLOCATE|[EXTERNAL]|Bytes:8
19:49:36.5 (458552114)|DML_END|[63]
19:49:36.5 (458595864)|STATEMENT_EXECUTE|[66]
19:49:36.5 (458680003)|HEAP_ALLOCATE|[66]|Bytes:4
19:49:36.5 (458839479)|METHOD_ENTRY|[67]||System.Test.getStandardPricebookId()
19:49:36.5 (459411977)|METHOD_EXIT|[67]||System.Test.getStandardPricebookId()
19:49:36.5 (459562489)|VARIABLE_ASSIGNMENT|[66]|this.Pricebook2Id|"01s7Q00000E4lgPQAR"|0x180904cb
19:49:36.5 (459653414)|VARIABLE_ASSIGNMENT|[66]|this.Product2Id|"01t7Q000003N48nQAC"|0x180904cb
19:49:36.5 (459691368)|HEAP_ALLOCATE|[66]|Bytes:28
19:49:36.5 (459738178)|VARIABLE_ASSIGNMENT|[66]|this.UnitPrice|200|0x180904cb
19:49:36.5 (459769351)|VARIABLE_ASSIGNMENT|[66]|this.IsActive|true|0x180904cb
19:49:36.5 (459839114)|VARIABLE_SCOPE_BEGIN|[66]|pbe|PricebookEntry|true|false
19:49:36.5 (459883687)|VARIABLE_ASSIGNMENT|[66]|pbe|{"Pricebook2Id":"01s7Q00000E4lgPQAR","Product2Id":"01t7Q000003N48nQAC","UnitPrice":200,"IsActive":true}|0x180904cb
19:49:36.5 (459895830)|STATEMENT_EXECUTE|[72]
19:49:36.5 (459948447)|HEAP_ALLOCATE|[72]|Bytes:8
19:49:36.5 (459966392)|DML_BEGIN|[72]|Op:Insert|Type:PricebookEntry|Rows:1
19:49:36.5 (460015122)|HEAP_ALLOCATE|[EXTERNAL]|Bytes:8
19:49:36.5 (489221103)|DML_END|[72]
19:49:36.5 (489264243)|STATEMENT_EXECUTE|[74]
19:49:36.5 (489376974)|HEAP_ALLOCATE|[74]|Bytes:4
19:49:36.5 (489569877)|VARIABLE_SCOPE_BEGIN|[74]|oi|List<OrderItem>|true|false
19:49:36.5 (489604039)|HEAP_ALLOCATE|[EXTERNAL]|Bytes:4
19:49:36.5 (489646937)|VARIABLE_ASSIGNMENT|[74]|oi|[]|0x13d3296
19:49:36.5 (489829373)|HEAP_ALLOCATE|[77]|Bytes:5
19:49:36.5 (489861738)|HEAP_ALLOCATE|[77]|Bytes:36
19:49:36.5 (489882408)|VARIABLE_SCOPE_BEGIN|[77]|o|Order|true|false
19:49:36.5 (490030169)|VARIABLE_ASSIGNMENT|[77]|o|{"AccountId":"0017Q00000peCTEQA2","Status":"Draft","EffectiveDate":"2023-02-06T00:00:00.000Z","Pricebook2Id":"01s7Q00000E4lgPQAR","UnitPrice__c":200,"Quantity__c":1,"Id":"8017Q0000055L59QAE"}|0x1fe0a8f9
19:49:36.5 (490048020)|STATEMENT_EXECUTE|[77]
19:49:36.5 (490050747)|STATEMENT_EXECUTE|[78]
19:49:36.5 (490091546)|HEAP_ALLOCATE|[78]|Bytes:4
19:49:36.5 (490230547)|VARIABLE_SCOPE_BEGIN|[78]|oit|OrderItem|true|false
19:49:36.5 (490261086)|VARIABLE_ASSIGNMENT|[78]|oit|{}|0x4e707cfb
19:49:36.5 (490293168)|STATEMENT_EXECUTE|[79]
19:49:36.5 (490541035)|VARIABLE_ASSIGNMENT|[79]|this.OrderId|"8017Q0000055L59QAE"|0x4e707cfb
19:49:36.5 (490557031)|STATEMENT_EXECUTE|[80]
19:49:36.5 (490663770)|VARIABLE_ASSIGNMENT|[80]|this.PricebookEntryId|"01u7Q000008ejV7QAI"|0x4e707cfb
19:49:36.5 (490676560)|STATEMENT_EXECUTE|[81]
19:49:36.5 (490704729)|HEAP_ALLOCATE|[81]|Bytes:28
19:49:36.5 (490728237)|HEAP_ALLOCATE|[81]|Bytes:28
19:49:36.5 (490801067)|VARIABLE_ASSIGNMENT|[81]|this.Quantity|1|0x4e707cfb
19:49:36.5 (490813439)|STATEMENT_EXECUTE|[82]
19:49:36.5 (490823143)|HEAP_ALLOCATE|[82]|Bytes:28
19:49:36.5 (490895168)|VARIABLE_ASSIGNMENT|[82]|this.UnitPrice|200|0x4e707cfb
19:49:36.5 (490907346)|STATEMENT_EXECUTE|[83]
19:49:36.5 (490981552)|HEAP_ALLOCATE|[EXTERNAL]|Bytes:4
19:49:36.5 (491031999)|HEAP_ALLOCATE|[77]|Bytes:5
19:49:36.5 (491066192)|HEAP_ALLOCATE|[77]|Bytes:36
19:49:36.5 (491090495)|VARIABLE_SCOPE_BEGIN|[77]|o|Order|true|false
19:49:36.5 (491570203)|VARIABLE_ASSIGNMENT|[77]|o|{"AccountId":"0017Q00000peCTEQA2","Status":"Draft","EffectiveDate":"2023-02-06T00:00:00.000Z","Pricebook2Id":"01s7Q00000E4lgPQAR","UnitPrice__c":200,"Quantity__c":1,"Id":"8017Q0000055L5AQAU"}|0x35eaf2d1
19:49:36.5 (491580195)|STATEMENT_EXECUTE|[77]
19:49:36.5 (491582243)|STATEMENT_EXECUTE|[78]
19:49:36.5 (491606889)|HEAP_ALLOCATE|[78]|Bytes:4
19:49:36.5 (491632117)|VARIABLE_SCOPE_BEGIN|[78]|oit|OrderItem|true|false
19:49:36.5 (491648929)|VARIABLE_ASSIGNMENT|[78]|oit|{}|0x6ab7d360
19:49:36.5 (491658807)|STATEMENT_EXECUTE|[79]
19:49:36.5 (491756634)|VARIABLE_ASSIGNMENT|[79]|this.OrderId|"8017Q0000055L5AQAU"|0x6ab7d360
19:49:36.5 (491772413)|STATEMENT_EXECUTE|[80]
19:49:36.5 (491834765)|VARIABLE_ASSIGNMENT|[80]|this.PricebookEntryId|"01u7Q000008ejV7QAI"|0x6ab7d360
19:49:36.5 (491842910)|STATEMENT_EXECUTE|[81]
19:49:36.5 (491859061)|HEAP_ALLOCATE|[81]|Bytes:28
19:49:36.5 (491867646)|HEAP_ALLOCATE|[81]|Bytes:28
19:49:36.5 (491952943)|VARIABLE_ASSIGNMENT|[81]|this.Quantity|1|0x6ab7d360
19:49:36.5 (491966710)|STATEMENT_EXECUTE|[82]
19:49:36.5 (491975135)|HEAP_ALLOCATE|[82]|Bytes:28
19:49:36.5 (492022593)|VARIABLE_ASSIGNMENT|[82]|this.UnitPrice|200|0x6ab7d360
19:49:36.5 (492031201)|STATEMENT_EXECUTE|[83]
19:49:36.5 (492048584)|HEAP_ALLOCATE|[EXTERNAL]|Bytes:4
19:49:36.5 (492073395)|HEAP_ALLOCATE|[77]|Bytes:5
19:49:36.5 (492091843)|HEAP_ALLOCATE|[77]|Bytes:36
19:49:36.5 (492110857)|VARIABLE_SCOPE_BEGIN|[77]|o|Order|true|false
19:49:36.5 (492159327)|VARIABLE_ASSIGNMENT|[77]|o|{"AccountId":"0017Q00000peCTEQA2","Status":"Draft","EffectiveDate":"2023-02-06T00:00:00.000Z","Pricebook2Id":"01s7Q00000E4lgPQAR","UnitPrice__c":200,"Quantity__c":1,"Id":"8017Q0000055L5BQAU"}|0x675f285d
19:49:36.5 (492172020)|STATEMENT_EXECUTE|[77]
19:49:36.5 (492174224)|STATEMENT_EXECUTE|[78]
19:49:36.5 (492189059)|HEAP_ALLOCATE|[78]|Bytes:4
19:49:36.5 (492212338)|VARIABLE_SCOPE_BEGIN|[78]|oit|OrderItem|true|false
19:49:36.5 (492234561)|VARIABLE_ASSIGNMENT|[78]|oit|{}|0xb01efe3
19:49:36.5 (492244860)|STATEMENT_EXECUTE|[79]
19:49:36.5 (492315851)|VARIABLE_ASSIGNMENT|[79]|this.OrderId|"8017Q0000055L5BQAU"|0xb01efe3
19:49:36.5 (492327381)|STATEMENT_EXECUTE|[80]
19:49:36.5 (492369131)|VARIABLE_ASSIGNMENT|[80]|this.PricebookEntryId|"01u7Q000008ejV7QAI"|0xb01efe3
19:49:36.5 (492376777)|STATEMENT_EXECUTE|[81]
19:49:36.5 (492389308)|HEAP_ALLOCATE|[81]|Bytes:28
19:49:36.5 (492397090)|HEAP_ALLOCATE|[81]|Bytes:28
19:49:36.5 (492439592)|VARIABLE_ASSIGNMENT|[81]|this.Quantity|1|0xb01efe3
19:49:36.5 (492447016)|STATEMENT_EXECUTE|[82]
19:49:36.5 (492453273)|HEAP_ALLOCATE|[82]|Bytes:28
19:49:36.5 (492504589)|VARIABLE_ASSIGNMENT|[82]|this.UnitPrice|200|0xb01efe3
19:49:36.5 (492511093)|STATEMENT_EXECUTE|[83]
19:49:36.5 (492524547)|HEAP_ALLOCATE|[EXTERNAL]|Bytes:4
19:49:36.5 (492545004)|HEAP_ALLOCATE|[77]|Bytes:5
19:49:36.5 (492559951)|HEAP_ALLOCATE|[77]|Bytes:36
19:49:36.5 (492573111)|VARIABLE_SCOPE_BEGIN|[77]|o|Order|true|false
19:49:36.5 (492606968)|VARIABLE_ASSIGNMENT|[77]|o|{"AccountId":"0017Q00000peCTEQA2","Status":"Draft","EffectiveDate":"2023-02-06T00:00:00.000Z","Pricebook2Id":"01s7Q00000E4lgPQAR","UnitPrice__c":200,"Quantity__c":1,"Id":"8017Q0000055L5CQAU"}|0x14684f42
19:49:36.5 (492615153)|STATEMENT_EXECUTE|[77]
19:49:36.5 (492616926)|STATEMENT_EXECUTE|[78]
19:49:36.5 (492628392)|HEAP_ALLOCATE|[78]|Bytes:4
19:49:36.5 (492645163)|VARIABLE_SCOPE_BEGIN|[78]|oit|OrderItem|true|false
19:49:36.5 (492659454)|VARIABLE_ASSIGNMENT|[78]|oit|{}|0x624b25a8
19:49:36.5 (492665469)|STATEMENT_EXECUTE|[79]
19:49:36.5 (492740906)|VARIABLE_ASSIGNMENT|[79]|this.OrderId|"8017Q0000055L5CQAU"|0x624b25a8
19:49:36.5 (492749184)|STATEMENT_EXECUTE|[80]
19:49:36.5 (492786513)|VARIABLE_ASSIGNMENT|[80]|this.PricebookEntryId|"01u7Q000008ejV7QAI"|0x624b25a8
19:49:36.5 (492793128)|STATEMENT_EXECUTE|[81]
19:49:36.5 (492804419)|HEAP_ALLOCATE|[81]|Bytes:28
19:49:36.5 (492811098)|HEAP_ALLOCATE|[81]|Bytes:28
19:49:36.5 (492848179)|VARIABLE_ASSIGNMENT|[81]|this.Quantity|1|0x624b25a8
19:49:36.5 (492854906)|STATEMENT_EXECUTE|[82]
19:49:36.5 (492860264)|HEAP_ALLOCATE|[82]|Bytes:28
19:49:36.5 (492896893)|VARIABLE_ASSIGNMENT|[82]|this.UnitPrice|200|0x624b25a8
19:49:36.5 (492906288)|STATEMENT_EXECUTE|[83]
19:49:36.5 (492925918)|HEAP_ALLOCATE|[EXTERNAL]|Bytes:4
19:49:36.5 (492947519)|HEAP_ALLOCATE|[77]|Bytes:5
19:49:36.5 (492964286)|HEAP_ALLOCATE|[77]|Bytes:36
19:49:36.5 (492978140)|VARIABLE_SCOPE_BEGIN|[77]|o|Order|true|false
19:49:36.5 (493024253)|VARIABLE_ASSIGNMENT|[77]|o|{"AccountId":"0017Q00000peDBSQA2","Status":"Draft","EffectiveDate":"2023-02-06T00:00:00.000Z","Pricebook2Id":"01s7Q00000E4lgPQAR","UnitPrice__c":200,"Quantity__c":1,"Id":"8017Q0000055L5DQAU"}|0xf418f9e
19:49:36.5 (493041436)|STATEMENT_EXECUTE|[77]
19:49:36.5 (493043297)|STATEMENT_EXECUTE|[78]
19:49:36.5 (493055640)|HEAP_ALLOCATE|[78]|Bytes:4
19:49:36.5 (493072981)|VARIABLE_SCOPE_BEGIN|[78]|oit|OrderItem|true|false
19:49:36.5 (493088540)|VARIABLE_ASSIGNMENT|[78]|oit|{}|0x2eff1669
19:49:36.5 (493094308)|STATEMENT_EXECUTE|[79]
19:49:36.5 (493162381)|VARIABLE_ASSIGNMENT|[79]|this.OrderId|"8017Q0000055L5DQAU"|0x2eff1669
19:49:36.5 (493170566)|STATEMENT_EXECUTE|[80]
19:49:36.5 (493210026)|VARIABLE_ASSIGNMENT|[80]|this.PricebookEntryId|"01u7Q000008ejV7QAI"|0x2eff1669
19:49:36.5 (493217652)|STATEMENT_EXECUTE|[81]
19:49:36.5 (493229139)|HEAP_ALLOCATE|[81]|Bytes:28
19:49:36.5 (493432693)|HEAP_ALLOCATE|[81]|Bytes:28
19:49:36.5 (493490964)|VARIABLE_ASSIGNMENT|[81]|this.Quantity|1|0x2eff1669
19:49:36.5 (493498879)|STATEMENT_EXECUTE|[82]
19:49:36.5 (493506906)|HEAP_ALLOCATE|[82]|Bytes:28
19:49:36.5 (493571089)|VARIABLE_ASSIGNMENT|[82]|this.UnitPrice|200|0x2eff1669
19:49:36.5 (493579885)|STATEMENT_EXECUTE|[83]
19:49:36.5 (493594566)|HEAP_ALLOCATE|[EXTERNAL]|Bytes:4
19:49:36.5 (493617917)|HEAP_ALLOCATE|[77]|Bytes:5
19:49:36.5 (493636158)|HEAP_ALLOCATE|[77]|Bytes:36
19:49:36.5 (493665804)|VARIABLE_SCOPE_BEGIN|[77]|o|Order|true|false
19:49:36.5 (493708039)|VARIABLE_ASSIGNMENT|[77]|o|{"AccountId":"0017Q00000peDBSQA2","Status":"Draft","EffectiveDate":"2023-02-06T00:00:00.000Z","Pricebook2Id":"01s7Q00000E4lgPQAR","UnitPrice__c":200,"Quantity__c":1,"Id":"8017Q0000055L5EQAU"}|0x4b2809d7
19:49:36.5 (493717275)|STATEMENT_EXECUTE|[77]
19:49:36.5 (493719430)|STATEMENT_EXECUTE|[78]
19:49:36.5 (493733715)|HEAP_ALLOCATE|[78]|Bytes:4
19:49:36.5 (493753293)|VARIABLE_SCOPE_BEGIN|[78]|oit|OrderItem|true|false
19:49:36.5 (493769863)|VARIABLE_ASSIGNMENT|[78]|oit|{}|0x3d5f6152
19:49:36.5 (493776599)|STATEMENT_EXECUTE|[79]
19:49:36.5 (493842503)|VARIABLE_ASSIGNMENT|[79]|this.OrderId|"8017Q0000055L5EQAU"|0x3d5f6152
19:49:36.5 (493851475)|STATEMENT_EXECUTE|[80]
19:49:36.5 (493890398)|VARIABLE_ASSIGNMENT|[80]|this.PricebookEntryId|"01u7Q000008ejV7QAI"|0x3d5f6152
19:49:36.5 (493898004)|STATEMENT_EXECUTE|[81]
19:49:36.5 (493909718)|HEAP_ALLOCATE|[81]|Bytes:28
19:49:36.5 (493924166)|HEAP_ALLOCATE|[81]|Bytes:28
19:49:36.5 (493967916)|VARIABLE_ASSIGNMENT|[81]|this.Quantity|1|0x3d5f6152
19:49:36.5 (493975975)|STATEMENT_EXECUTE|[82]
19:49:36.5 (493982506)|HEAP_ALLOCATE|[82]|Bytes:28
19:49:36.5 (494022550)|VARIABLE_ASSIGNMENT|[82]|this.UnitPrice|200|0x3d5f6152
19:49:36.5 (494030768)|STATEMENT_EXECUTE|[83]
19:49:36.5 (494044770)|HEAP_ALLOCATE|[EXTERNAL]|Bytes:4
19:49:36.5 (494066302)|HEAP_ALLOCATE|[77]|Bytes:5
19:49:36.5 (494084013)|HEAP_ALLOCATE|[77]|Bytes:36
19:49:36.5 (494113806)|VARIABLE_SCOPE_BEGIN|[77]|o|Order|true|false
19:49:36.5 (494154828)|VARIABLE_ASSIGNMENT|[77]|o|{"AccountId":"0017Q00000peDBSQA2","Status":"Draft","EffectiveDate":"2023-02-06T00:00:00.000Z","Pricebook2Id":"01s7Q00000E4lgPQAR","UnitPrice__c":200,"Quantity__c":1,"Id":"8017Q0000055L5FQAU"}|0x37bef4da
19:49:36.5 (494164529)|STATEMENT_EXECUTE|[77]
19:49:36.5 (494166658)|STATEMENT_EXECUTE|[78]
19:49:36.5 (494180214)|HEAP_ALLOCATE|[78]|Bytes:4
19:49:36.5 (494199785)|VARIABLE_SCOPE_BEGIN|[78]|oit|OrderItem|true|false
19:49:36.5 (494216411)|VARIABLE_ASSIGNMENT|[78]|oit|{}|0x6d1755e0
19:49:36.5 (494223506)|STATEMENT_EXECUTE|[79]
19:49:36.5 (494324757)|VARIABLE_ASSIGNMENT|[79]|this.OrderId|"8017Q0000055L5FQAU"|0x6d1755e0
19:49:36.5 (494334668)|STATEMENT_EXECUTE|[80]
19:49:36.5 (494380694)|VARIABLE_ASSIGNMENT|[80]|this.PricebookEntryId|"01u7Q000008ejV7QAI"|0x6d1755e0
19:49:36.5 (494388469)|STATEMENT_EXECUTE|[81]
19:49:36.5 (494402126)|HEAP_ALLOCATE|[81]|Bytes:28
19:49:36.5 (494409978)|HEAP_ALLOCATE|[81]|Bytes:28
19:49:36.5 (494453877)|VARIABLE_ASSIGNMENT|[81]|this.Quantity|1|0x6d1755e0
19:49:36.5 (494461476)|STATEMENT_EXECUTE|[82]
19:49:36.5 (494467941)|HEAP_ALLOCATE|[82]|Bytes:28
19:49:36.5 (494507010)|VARIABLE_ASSIGNMENT|[82]|this.UnitPrice|200|0x6d1755e0
19:49:36.5 (494514488)|STATEMENT_EXECUTE|[83]
19:49:36.5 (494529460)|HEAP_ALLOCATE|[EXTERNAL]|Bytes:4
19:49:36.5 (494551406)|HEAP_ALLOCATE|[77]|Bytes:5
19:49:36.5 (494568739)|HEAP_ALLOCATE|[77]|Bytes:36
19:49:36.5 (494584380)|VARIABLE_SCOPE_BEGIN|[77]|o|Order|true|false
19:49:36.5 (494622839)|VARIABLE_ASSIGNMENT|[77]|o|{"AccountId":"0017Q00000peDBSQA2","Status":"Draft","EffectiveDate":"2023-02-06T00:00:00.000Z","Pricebook2Id":"01s7Q00000E4lgPQAR","UnitPrice__c":200,"Quantity__c":1,"Id":"8017Q0000055L5GQAU"}|0x7e633c66
19:49:36.5 (494632041)|STATEMENT_EXECUTE|[77]
19:49:36.5 (494634203)|STATEMENT_EXECUTE|[78]
19:49:36.5 (494647089)|HEAP_ALLOCATE|[78]|Bytes:4
19:49:36.5 (494665274)|VARIABLE_SCOPE_BEGIN|[78]|oit|OrderItem|true|false
19:49:36.5 (494681176)|VARIABLE_ASSIGNMENT|[78]|oit|{}|0x3e8179a6
19:49:36.5 (494687790)|STATEMENT_EXECUTE|[79]
19:49:36.5 (494753318)|VARIABLE_ASSIGNMENT|[79]|this.OrderId|"8017Q0000055L5GQAU"|0x3e8179a6
19:49:36.5 (494770702)|STATEMENT_EXECUTE|[80]
19:49:36.5 (494809530)|VARIABLE_ASSIGNMENT|[80]|this.PricebookEntryId|"01u7Q000008ejV7QAI"|0x3e8179a6
19:49:36.5 (494817530)|STATEMENT_EXECUTE|[81]
19:49:36.5 (494828673)|HEAP_ALLOCATE|[81]|Bytes:28
19:49:36.5 (494839409)|HEAP_ALLOCATE|[81]|Bytes:28
19:49:36.5 (494886716)|VARIABLE_ASSIGNMENT|[81]|this.Quantity|1|0x3e8179a6
19:49:36.5 (494899285)|STATEMENT_EXECUTE|[82]
19:49:36.5 (494905565)|HEAP_ALLOCATE|[82]|Bytes:28
19:49:36.5 (494965129)|VARIABLE_ASSIGNMENT|[82]|this.UnitPrice|200|0x3e8179a6
19:49:36.5 (494981791)|STATEMENT_EXECUTE|[83]
19:49:36.5 (494995877)|HEAP_ALLOCATE|[EXTERNAL]|Bytes:4
19:49:36.5 (495023456)|HEAP_ALLOCATE|[77]|Bytes:5
19:49:36.5 (495042710)|HEAP_ALLOCATE|[77]|Bytes:36
19:49:36.5 (495073867)|VARIABLE_SCOPE_BEGIN|[77]|o|Order|true|false
19:49:36.5 (495122662)|VARIABLE_ASSIGNMENT|[77]|o|{"AccountId":"0017Q00000peDBTQA2","Status":"Draft","EffectiveDate":"2023-02-06T00:00:00.000Z","Pricebook2Id":"01s7Q00000E4lgPQAR","UnitPrice__c":200,"Quantity__c":1,"Id":"8017Q0000055L5HQAU"}|0xba04f65
19:49:36.5 (495135430)|STATEMENT_EXECUTE|[77]
19:49:36.5 (495139590)|STATEMENT_EXECUTE|[78]
19:49:36.5 (495153591)|HEAP_ALLOCATE|[78]|Bytes:4
19:49:36.5 (495173495)|VARIABLE_SCOPE_BEGIN|[78]|oit|OrderItem|true|false
19:49:36.5 (495192610)|VARIABLE_ASSIGNMENT|[78]|oit|{}|0x38b766fe
19:49:36.5 (495199574)|STATEMENT_EXECUTE|[79]
19:49:36.5 (495266731)|VARIABLE_ASSIGNMENT|[79]|this.OrderId|"8017Q0000055L5HQAU"|0x38b766fe
19:49:36.5 (495274791)|STATEMENT_EXECUTE|[80]
19:49:36.5 (495314292)|VARIABLE_ASSIGNMENT|[80]|this.PricebookEntryId|"01u7Q000008ejV7QAI"|0x38b766fe
19:49:36.5 (495321957)|STATEMENT_EXECUTE|[81]
19:49:36.5 (495333834)|HEAP_ALLOCATE|[81]|Bytes:28
19:49:36.5 (495341182)|HEAP_ALLOCATE|[81]|Bytes:28
19:49:36.5 (495383358)|VARIABLE_ASSIGNMENT|[81]|this.Quantity|1|0x38b766fe
19:49:36.5 (495390648)|STATEMENT_EXECUTE|[82]
19:49:36.5 (495397137)|HEAP_ALLOCATE|[82]|Bytes:28
19:49:36.5 (495446256)|VARIABLE_ASSIGNMENT|[82]|this.UnitPrice|200|0x38b766fe
19:49:36.5 (495452986)|STATEMENT_EXECUTE|[83]
19:49:36.5 (495465101)|HEAP_ALLOCATE|[EXTERNAL]|Bytes:4
19:49:36.5 (495483848)|HEAP_ALLOCATE|[77]|Bytes:5
19:49:36.5 (495498771)|HEAP_ALLOCATE|[77]|Bytes:36
19:49:36.5 (495512011)|VARIABLE_SCOPE_BEGIN|[77]|o|Order|true|false
19:49:36.5 (495547868)|VARIABLE_ASSIGNMENT|[77]|o|{"AccountId":"0017Q00000peDBTQA2","Status":"Draft","EffectiveDate":"2023-02-06T00:00:00.000Z","Pricebook2Id":"01s7Q00000E4lgPQAR","UnitPrice__c":200,"Quantity__c":1,"Id":"8017Q0000055L5IQAU"}|0x1b50b78c
19:49:36.5 (495555836)|STATEMENT_EXECUTE|[77]
19:49:36.5 (495557670)|STATEMENT_EXECUTE|[78]
19:49:36.5 (495569190)|HEAP_ALLOCATE|[78]|Bytes:4
19:49:36.5 (495584868)|VARIABLE_SCOPE_BEGIN|[78]|oit|OrderItem|true|false
19:49:36.5 (495599035)|VARIABLE_ASSIGNMENT|[78]|oit|{}|0x63a296a1
19:49:36.5 (495605305)|STATEMENT_EXECUTE|[79]
19:49:36.5 (495658188)|VARIABLE_ASSIGNMENT|[79]|this.OrderId|"8017Q0000055L5IQAU"|0x63a296a1
19:49:36.5 (495665823)|STATEMENT_EXECUTE|[80]
19:49:36.5 (495698889)|VARIABLE_ASSIGNMENT|[80]|this.PricebookEntryId|"01u7Q000008ejV7QAI"|0x63a296a1
19:49:36.5 (495705560)|STATEMENT_EXECUTE|[81]
19:49:36.5 (495715736)|HEAP_ALLOCATE|[81]|Bytes:28
19:49:36.5 (495721713)|HEAP_ALLOCATE|[81]|Bytes:28
19:49:36.5 (495757777)|VARIABLE_ASSIGNMENT|[81]|this.Quantity|1|0x63a296a1
19:49:36.5 (495764211)|STATEMENT_EXECUTE|[82]
19:49:36.5 (495769700)|HEAP_ALLOCATE|[82]|Bytes:28
19:49:36.5 (495805873)|VARIABLE_ASSIGNMENT|[82]|this.UnitPrice|200|0x63a296a1
19:49:36.5 (495812679)|STATEMENT_EXECUTE|[83]
19:49:36.5 (495824313)|HEAP_ALLOCATE|[EXTERNAL]|Bytes:4
19:49:36.5 (495843713)|HEAP_ALLOCATE|[77]|Bytes:5
19:49:36.5 (495858093)|HEAP_ALLOCATE|[77]|Bytes:36
19:49:36.5 (495870884)|VARIABLE_SCOPE_BEGIN|[77]|o|Order|true|false
19:49:36.5 (495902942)|VARIABLE_ASSIGNMENT|[77]|o|{"AccountId":"0017Q00000peDBTQA2","Status":"Draft","EffectiveDate":"2023-02-06T00:00:00.000Z","Pricebook2Id":"01s7Q00000E4lgPQAR","UnitPrice__c":200,"Quantity__c":1,"Id":"8017Q0000055L5JQAU"}|0x7b9df98b
19:49:36.5 (495911072)|STATEMENT_EXECUTE|[77]
19:49:36.5 (495912820)|STATEMENT_EXECUTE|[78]
19:49:36.5 (495933600)|HEAP_ALLOCATE|[78]|Bytes:4
19:49:36.5 (495949685)|VARIABLE_SCOPE_BEGIN|[78]|oit|OrderItem|true|false
19:49:36.5 (495963772)|VARIABLE_ASSIGNMENT|[78]|oit|{}|0x4be7fe87
19:49:36.5 (495969587)|STATEMENT_EXECUTE|[79]
19:49:36.5 (496023830)|VARIABLE_ASSIGNMENT|[79]|this.OrderId|"8017Q0000055L5JQAU"|0x4be7fe87
19:49:36.5 (496031697)|STATEMENT_EXECUTE|[80]
19:49:36.5 (496065575)|VARIABLE_ASSIGNMENT|[80]|this.PricebookEntryId|"01u7Q000008ejV7QAI"|0x4be7fe87
19:49:36.5 (496072021)|STATEMENT_EXECUTE|[81]
19:49:36.5 (496081388)|HEAP_ALLOCATE|[81]|Bytes:28
19:49:36.5 (496087672)|HEAP_ALLOCATE|[81]|Bytes:28
19:49:36.5 (496134545)|VARIABLE_ASSIGNMENT|[81]|this.Quantity|1|0x4be7fe87
19:49:36.5 (496141749)|STATEMENT_EXECUTE|[82]
19:49:36.5 (496148485)|HEAP_ALLOCATE|[82]|Bytes:28
19:49:36.5 (496190491)|VARIABLE_ASSIGNMENT|[82]|this.UnitPrice|200|0x4be7fe87
19:49:36.5 (496197528)|STATEMENT_EXECUTE|[83]
19:49:36.5 (496210201)|HEAP_ALLOCATE|[EXTERNAL]|Bytes:4
19:49:36.5 (496229581)|HEAP_ALLOCATE|[77]|Bytes:5
19:49:36.5 (496244496)|HEAP_ALLOCATE|[77]|Bytes:36
19:49:36.5 (496258002)|VARIABLE_SCOPE_BEGIN|[77]|o|Order|true|false
19:49:36.5 (496291578)|VARIABLE_ASSIGNMENT|[77]|o|{"AccountId":"0017Q00000peDBTQA2","Status":"Draft","EffectiveDate":"2023-02-06T00:00:00.000Z","Pricebook2Id":"01s7Q00000E4lgPQAR","UnitPrice__c":200,"Quantity__c":1,"Id":"8017Q0000055L5KQAU"}|0x320becef
19:49:36.5 (496299544)|STATEMENT_EXECUTE|[77]
19:49:36.5 (496301428)|STATEMENT_EXECUTE|[78]
19:49:36.5 (496313286)|HEAP_ALLOCATE|[78]|Bytes:4
19:49:36.5 (496329918)|VARIABLE_SCOPE_BEGIN|[78]|oit|OrderItem|true|false
19:49:36.5 (496344038)|VARIABLE_ASSIGNMENT|[78]|oit|{}|0x369ac0df
19:49:36.5 (496351111)|STATEMENT_EXECUTE|[79]
19:49:36.5 (496404997)|VARIABLE_ASSIGNMENT|[79]|this.OrderId|"8017Q0000055L5KQAU"|0x369ac0df
19:49:36.5 (496412247)|STATEMENT_EXECUTE|[80]
19:49:36.5 (496446522)|VARIABLE_ASSIGNMENT|[80]|this.PricebookEntryId|"01u7Q000008ejV7QAI"|0x369ac0df
19:49:36.5 (496452894)|STATEMENT_EXECUTE|[81]
19:49:36.5 (496462969)|HEAP_ALLOCATE|[81]|Bytes:28
19:49:36.5 (496469152)|HEAP_ALLOCATE|[81]|Bytes:28
19:49:36.5 (496511096)|VARIABLE_ASSIGNMENT|[81]|this.Quantity|1|0x369ac0df
19:49:36.5 (496519128)|STATEMENT_EXECUTE|[82]
19:49:36.5 (496524719)|HEAP_ALLOCATE|[82]|Bytes:28
19:49:36.5 (496560374)|VARIABLE_ASSIGNMENT|[82]|this.UnitPrice|200|0x369ac0df
19:49:36.5 (496568222)|STATEMENT_EXECUTE|[83]
19:49:36.5 (496590665)|HEAP_ALLOCATE|[EXTERNAL]|Bytes:4
19:49:36.5 (496611426)|HEAP_ALLOCATE|[77]|Bytes:5
19:49:36.5 (496627937)|HEAP_ALLOCATE|[77]|Bytes:36
19:49:36.5 (496643667)|VARIABLE_SCOPE_BEGIN|[77]|o|Order|true|false
19:49:36.5 (496686013)|VARIABLE_ASSIGNMENT|[77]|o|{"AccountId":"0017Q00000peDBUQA2","Status":"Draft","EffectiveDate":"2023-02-06T00:00:00.000Z","Pricebook2Id":"01s7Q00000E4lgPQAR","UnitPrice__c":200,"Quantity__c":1,"Id":"8017Q0000055L5LQAU"}|0x4020975
19:49:36.5 (496699010)|STATEMENT_EXECUTE|[77]
19:49:36.5 (496702546)|STATEMENT_EXECUTE|[78]
19:49:36.5 (496715137)|HEAP_ALLOCATE|[78]|Bytes:4
19:49:36.5 (496734227)|VARIABLE_SCOPE_BEGIN|[78]|oit|OrderItem|true|false
19:49:36.5 (496755124)|VARIABLE_ASSIGNMENT|[78]|oit|{}|0x2df98a64
19:49:36.5 (496766003)|STATEMENT_EXECUTE|[79]
19:49:36.5 (496831003)|VARIABLE_ASSIGNMENT|[79]|this.OrderId|"8017Q0000055L5LQAU"|0x2df98a64
19:49:36.5 (496843221)|STATEMENT_EXECUTE|[80]
19:49:36.5 (496885552)|VARIABLE_ASSIGNMENT|[80]|this.PricebookEntryId|"01u7Q000008ejV7QAI"|0x2df98a64
19:49:36.5 (496904446)|STATEMENT_EXECUTE|[81]
19:49:36.5 (496915568)|HEAP_ALLOCATE|[81]|Bytes:28
19:49:36.5 (496931085)|HEAP_ALLOCATE|[81]|Bytes:28
19:49:36.5 (496977997)|VARIABLE_ASSIGNMENT|[81]|this.Quantity|1|0x2df98a64
19:49:36.5 (496989107)|STATEMENT_EXECUTE|[82]
19:49:36.5 (496995869)|HEAP_ALLOCATE|[82]|Bytes:28
19:49:36.5 (497040984)|VARIABLE_ASSIGNMENT|[82]|this.UnitPrice|200|0x2df98a64
19:49:36.5 (497083795)|STATEMENT_EXECUTE|[83]
19:49:36.5 (497098743)|HEAP_ALLOCATE|[EXTERNAL]|Bytes:4
19:49:36.5 (497123514)|HEAP_ALLOCATE|[77]|Bytes:5
19:49:36.5 (497143106)|HEAP_ALLOCATE|[77]|Bytes:36
19:49:36.5 (497247395)|VARIABLE_SCOPE_BEGIN|[77]|o|Order|true|false
19:49:36.5 (497298143)|VARIABLE_ASSIGNMENT|[77]|o|{"AccountId":"0017Q00000peDBUQA2","Status":"Draft","EffectiveDate":"2023-02-06T00:00:00.000Z","Pricebook2Id":"01s7Q00000E4lgPQAR","UnitPrice__c":200,"Quantity__c":1,"Id":"8017Q0000055L5MQAU"}|0x10b938bd
19:49:36.5 (497312602)|STATEMENT_EXECUTE|[77]
19:49:36.5 (497314739)|STATEMENT_EXECUTE|[78]
19:49:36.5 (497329737)|HEAP_ALLOCATE|[78]|Bytes:4
19:49:36.5 (497349741)|VARIABLE_SCOPE_BEGIN|[78]|oit|OrderItem|true|false
19:49:36.5 (497371306)|VARIABLE_ASSIGNMENT|[78]|oit|{}|0x5ee27189
19:49:36.5 (497381532)|STATEMENT_EXECUTE|[79]
19:49:36.5 (497456191)|VARIABLE_ASSIGNMENT|[79]|this.OrderId|"8017Q0000055L5MQAU"|0x5ee27189
19:49:36.5 (497468331)|STATEMENT_EXECUTE|[80]
19:49:36.5 (497513040)|VARIABLE_ASSIGNMENT|[80]|this.PricebookEntryId|"01u7Q000008ejV7QAI"|0x5ee27189
19:49:36.5 (497526067)|STATEMENT_EXECUTE|[81]
19:49:36.5 (497543206)|HEAP_ALLOCATE|[81]|Bytes:28
19:49:36.5 (497550606)|HEAP_ALLOCATE|[81]|Bytes:28
19:49:36.5 (497601320)|VARIABLE_ASSIGNMENT|[81]|this.Quantity|1|0x5ee27189
19:49:36.5 (497614035)|STATEMENT_EXECUTE|[82]
19:49:36.5 (497632476)|HEAP_ALLOCATE|[82]|Bytes:28
19:49:36.5 (497675298)|VARIABLE_ASSIGNMENT|[82]|this.UnitPrice|200|0x5ee27189
19:49:36.5 (497685334)|STATEMENT_EXECUTE|[83]
19:49:36.5 (497697598)|HEAP_ALLOCATE|[EXTERNAL]|Bytes:4
19:49:36.5 (497729230)|HEAP_ALLOCATE|[77]|Bytes:5
19:49:36.5 (497745455)|HEAP_ALLOCATE|[77]|Bytes:36
19:49:36.5 (497759003)|VARIABLE_SCOPE_BEGIN|[77]|o|Order|true|false
19:49:36.5 (497800552)|VARIABLE_ASSIGNMENT|[77]|o|{"AccountId":"0017Q00000peDBUQA2","Status":"Draft","EffectiveDate":"2023-02-06T00:00:00.000Z","Pricebook2Id":"01s7Q00000E4lgPQAR","UnitPrice__c":200,"Quantity__c":1,"Id":"8017Q0000055L5NQAU"}|0x42ea59a4
19:49:36.5 (497812259)|STATEMENT_EXECUTE|[77]
19:49:36.5 (497814155)|STATEMENT_EXECUTE|[78]
19:49:36.5 (497826212)|HEAP_ALLOCATE|[78]|Bytes:4
19:49:36.5 (497842017)|VARIABLE_SCOPE_BEGIN|[78]|oit|OrderItem|true|false
19:49:36.5 (497861263)|VARIABLE_ASSIGNMENT|[78]|oit|{}|0x143cbec7
19:49:36.5 (497870155)|STATEMENT_EXECUTE|[79]
19:49:36.5 (497937572)|VARIABLE_ASSIGNMENT|[79]|this.OrderId|"8017Q0000055L5NQAU"|0x143cbec7
19:49:36.5 (497946363)|STATEMENT_EXECUTE|[80]
19:49:36.5 (497986349)|VARIABLE_ASSIGNMENT|[80]|this.PricebookEntryId|"01u7Q000008ejV7QAI"|0x143cbec7
19:49:36.5 (497995994)|STATEMENT_EXECUTE|[81]
19:49:36.5 (498006995)|HEAP_ALLOCATE|[81]|Bytes:28
19:49:36.5 (498015864)|HEAP_ALLOCATE|[81]|Bytes:28
19:49:36.5 (498057369)|VARIABLE_ASSIGNMENT|[81]|this.Quantity|1|0x143cbec7
19:49:36.5 (498077292)|STATEMENT_EXECUTE|[82]
19:49:36.5 (498083606)|HEAP_ALLOCATE|[82]|Bytes:28
19:49:36.5 (498615200)|VARIABLE_ASSIGNMENT|[82]|this.UnitPrice|200|0x143cbec7
19:49:36.5 (498634140)|STATEMENT_EXECUTE|[83]
19:49:36.5 (498654228)|HEAP_ALLOCATE|[EXTERNAL]|Bytes:4
19:49:36.5 (498689385)|HEAP_ALLOCATE|[77]|Bytes:5
19:49:36.5 (498716651)|HEAP_ALLOCATE|[77]|Bytes:36
19:49:36.5 (498760872)|VARIABLE_SCOPE_BEGIN|[77]|o|Order|true|false
19:49:36.5 (498823279)|VARIABLE_ASSIGNMENT|[77]|o|{"AccountId":"0017Q00000peDBUQA2","Status":"Draft","EffectiveDate":"2023-02-06T00:00:00.000Z","Pricebook2Id":"01s7Q00000E4lgPQAR","UnitPrice__c":200,"Quantity__c":1,"Id":"8017Q0000055L5OQAU"}|0x73bc1b0a
19:49:36.5 (498861017)|STATEMENT_EXECUTE|[77]
19:49:36.5 (498864925)|STATEMENT_EXECUTE|[78]
19:49:36.5 (498883059)|HEAP_ALLOCATE|[78]|Bytes:4
19:49:36.5 (498904195)|VARIABLE_SCOPE_BEGIN|[78]|oit|OrderItem|true|false
19:49:36.5 (498941342)|VARIABLE_ASSIGNMENT|[78]|oit|{}|0x11dc41f8
19:49:36.5 (498952000)|STATEMENT_EXECUTE|[79]
19:49:36.5 (499035885)|VARIABLE_ASSIGNMENT|[79]|this.OrderId|"8017Q0000055L5OQAU"|0x11dc41f8
19:49:36.5 (499048925)|STATEMENT_EXECUTE|[80]
19:49:36.5 (499095682)|VARIABLE_ASSIGNMENT|[80]|this.PricebookEntryId|"01u7Q000008ejV7QAI"|0x11dc41f8
19:49:36.5 (499107207)|STATEMENT_EXECUTE|[81]
19:49:36.5 (499121574)|HEAP_ALLOCATE|[81]|Bytes:28
19:49:36.5 (499132182)|HEAP_ALLOCATE|[81]|Bytes:28
19:49:36.5 (499182331)|VARIABLE_ASSIGNMENT|[81]|this.Quantity|1|0x11dc41f8
19:49:36.5 (499193296)|STATEMENT_EXECUTE|[82]
19:49:36.5 (499199875)|HEAP_ALLOCATE|[82]|Bytes:28
19:49:36.5 (499246100)|VARIABLE_ASSIGNMENT|[82]|this.UnitPrice|200|0x11dc41f8
19:49:36.5 (499278680)|STATEMENT_EXECUTE|[83]
19:49:36.5 (499336762)|HEAP_ALLOCATE|[EXTERNAL]|Bytes:4
19:49:36.5 (499380087)|HEAP_ALLOCATE|[77]|Bytes:5
19:49:36.5 (499418605)|VARIABLE_ASSIGNMENT|[77]|o|null|
19:49:36.5 (499428665)|STATEMENT_EXECUTE|[86]
19:49:36.5 (499503286)|DML_BEGIN|[86]|Op:Insert|Type:OrderItem|Rows:16
19:49:36.5 (499575929)|HEAP_ALLOCATE|[EXTERNAL]|Bytes:68
19:49:36.5 (777251803)|CODE_UNIT_STARTED|[EXTERNAL]|Workflow:Order
19:49:36.5 (777547592)|CODE_UNIT_FINISHED|Workflow:Order
19:49:36.5 (793429909)|DML_END|[86]
19:49:36.5 (793536808)|HEAP_ALLOCATE|[EXTERNAL]|Bytes:68
19:49:36.5 (793613537)|STATEMENT_EXECUTE|[89]
19:49:36.5 (793647199)|SYSTEM_MODE_EXIT|false
19:49:36.5 (793733472)|METHOD_EXIT|[9]|01p7Q00000PIbOv|DataFactoyTest.createOrdersForAccounts(List<Account>, Integer, Integer, Integer)
19:49:36.5 (793773612)|VARIABLE_SCOPE_BEGIN|[9]|ords|List<Order>|true|false
19:49:36.5 (793851904)|VARIABLE_ASSIGNMENT|[9]|ords|"List of size 16 too large to display"|0x5092b123
19:49:36.5 (793864498)|STATEMENT_EXECUTE|[12]
19:49:36.5 (793999581)|HEAP_ALLOCATE|[12]|Bytes:28
19:49:36.5 (794035717)|VARIABLE_SCOPE_BEGIN|[12]|expectedT|Decimal|false|false
19:49:36.5 (794079522)|VARIABLE_ASSIGNMENT|[12]|expectedT|3200
19:49:36.5 (794088691)|STATEMENT_EXECUTE|[15]
19:49:36.5 (794097887)|HEAP_ALLOCATE|[15]|Bytes:77
19:49:36.5 (794138125)|HEAP_ALLOCATE|[15]|Bytes:4
19:49:36.5 (794171039)|HEAP_ALLOCATE|[15]|Bytes:7
19:49:36.5 (794993626)|SOQL_EXECUTE_BEGIN|[15]|Aggregations:0|SELECT SUM(TotalAmount) total FROM Order WHERE Id IN :tmpVar1 GROUP BY Status
19:49:36.5 (819407656)|SOQL_EXECUTE_END|[15]|Rows:1
19:49:36.5 (819465602)|HEAP_ALLOCATE|[15]|Bytes:8
19:49:36.5 (819516241)|HEAP_ALLOCATE|[15]|Bytes:18
19:49:36.5 (819615796)|HEAP_ALLOCATE|[15]|Bytes:8
19:49:36.5 (819661262)|VARIABLE_SCOPE_BEGIN|[15]|results|List<AggregateResult>|true|false
19:49:36.5 (819734493)|VARIABLE_ASSIGNMENT|[15]|results|[{"total":3200.0}]|0x74e19670
19:49:36.5 (819745789)|STATEMENT_EXECUTE|[17]
19:49:36.5 (819821373)|HEAP_ALLOCATE|[17]|Bytes:8
19:49:36.5 (819836213)|HEAP_ALLOCATE|[17]|Bytes:5
19:49:36.5 (820003712)|HEAP_ALLOCATE|[17]|Bytes:28
19:49:36.5 (820078546)|VARIABLE_SCOPE_BEGIN|[17]|totalOrders|Decimal|false|false
19:49:36.5 (820215936)|VARIABLE_ASSIGNMENT|[17]|totalOrders|3200.0
19:49:36.5 (820225427)|STATEMENT_EXECUTE|[20]
19:49:36.5 (820234521)|HEAP_ALLOCATE|[20]|Bytes:11
19:49:36.5 (820349279)|STATEMENT_EXECUTE|[21]
19:49:36.5 (820372767)|METHOD_ENTRY|[21]||System.Test.stopTest()
19:49:36.5 (821578525)|METHOD_EXIT|[21]||System.Test.stopTest()
19:49:36.821 (821607504)|CUMULATIVE_LIMIT_USAGE
19:49:36.821 (821607504)|LIMIT_USAGE_FOR_NS|(default)|
  Number of SOQL queries: 0 out of 100
  Number of query rows: 0 out of 50000
  Number of SOSL queries: 0 out of 20
  Number of DML statements: 0 out of 150
  Number of Publish Immediate DML: 0 out of 150
  Number of DML rows: 0 out of 10000
  Maximum CPU time: 0 out of 10000
  Maximum heap size: 0 out of 6000000
  Number of callouts: 0 out of 100
  Number of Email Invocations: 0 out of 10
  Number of future calls: 0 out of 50
  Number of queueable jobs added to the queue: 0 out of 50
  Number of Mobile Apex push calls: 0 out of 10

19:49:36.821 (821607504)|TESTING_LIMITS
19:49:36.821 (821607504)|LIMIT_USAGE_FOR_NS|(default)|
  Number of SOQL queries: 1 out of 100
  Number of query rows: 16 out of 50000
  Number of SOSL queries: 0 out of 20
  Number of DML statements: 9 out of 150
  Number of Publish Immediate DML: 0 out of 150
  Number of DML rows: 42 out of 10000
  Maximum CPU time: 0 out of 10000
  Maximum heap size: 0 out of 6000000
  Number of callouts: 0 out of 100
  Number of Email Invocations: 0 out of 10
  Number of future calls: 0 out of 50
  Number of queueable jobs added to the queue: 0 out of 50
  Number of Mobile Apex push calls: 0 out of 10

19:49:36.821 (821607504)|CUMULATIVE_LIMIT_USAGE_END

19:49:36.5 (821819141)|CODE_UNIT_FINISHED|MyTeamOrdersControllerTest.testSumOrders()
19:49:36.5 (821843182)|EXECUTION_FINISHED
19:49:37.176 (1176052804)|USER_INFO|[EXTERNAL]|0057Q0000059GzZ|sankal@sales.com|(GMT+01:00) Central European Standard Time (Europe/Paris)|GMT+01:00
19:49:37.176 (1176090290)|EXECUTION_STARTED
19:49:37.176 (1176099252)|CODE_UNIT_STARTED|[EXTERNAL]|DuplicateDetector
19:49:37.176 (1176178435)|DUPLICATE_DETECTION_BEGIN
19:49:37.176 (1176285518)|DUPLICATE_DETECTION_RULE_INVOCATION|DuplicateRuleId:0Bm7Q00000F3oUV|DuplicateRuleName:Standard Account Duplicate Rule|DmlType:INSERT
19:49:37.176 (1227232535)|DUPLICATE_DETECTION_END
19:49:37.176 (1227266662)|CODE_UNIT_FINISHED|DuplicateDetector
19:49:37.176 (1227293731)|EXECUTION_FINISHED
