56.0 APEX_CODE,FINEST;APEX_PROFILING,INFO;CALLOUT,INFO;DB,INFO;NBA,INFO;SYSTEM,DEBUG;VALIDATION,INFO;VISUALFORCE,FINER;WAVE,INFO;WORKFLOW,INFO
15:12:39.4 (4223322)|USER_INFO|[EXTERNAL]|0057Q0000059GzZ|sankal@sales.com|(GMT+01:00) Central European Standard Time (Europe/Paris)|GMT+01:00
15:12:39.4 (4322761)|EXECUTION_STARTED
15:12:39.4 (4337192)|CODE_UNIT_STARTED|[EXTERNAL]|01p7Q00000PIbUt|MyTeamOrdersControllerTest.testSumOrders()
15:12:39.4 (4876448)|HEAP_ALLOCATE|[79]|Bytes:3
15:12:39.4 (4975883)|HEAP_ALLOCATE|[84]|Bytes:152
15:12:39.4 (4999200)|HEAP_ALLOCATE|[399]|Bytes:408
15:12:39.4 (5022966)|HEAP_ALLOCATE|[412]|Bytes:408
15:12:39.4 (5044942)|HEAP_ALLOCATE|[520]|Bytes:48
15:12:39.4 (5120387)|HEAP_ALLOCATE|[139]|Bytes:6
15:12:39.4 (5142557)|HEAP_ALLOCATE|[EXTERNAL]|Bytes:44
15:12:39.4 (5205325)|METHOD_ENTRY|[2]|01p7Q00000PIbUt|MyTeamOrdersControllerTest.MyTeamOrdersControllerTest()
15:12:39.4 (5245042)|STATEMENT_EXECUTE|[2]
15:12:39.4 (5298734)|STATEMENT_EXECUTE|[2]
15:12:39.4 (5313132)|METHOD_EXIT|[2]|MyTeamOrdersControllerTest
15:12:39.4 (5400470)|HEAP_ALLOCATE|[52]|Bytes:5
15:12:39.4 (5449046)|HEAP_ALLOCATE|[58]|Bytes:5
15:12:39.4 (5463535)|HEAP_ALLOCATE|[66]|Bytes:7
15:12:39.4 (5512627)|STATEMENT_EXECUTE|[5]
15:12:39.4 (5516044)|STATEMENT_EXECUTE|[6]
15:12:39.4 (5557461)|HEAP_ALLOCATE|[6]|Bytes:94
15:12:39.4 (5575351)|SYSTEM_METHOD_ENTRY|[1]|Test.Test()
15:12:39.4 (5583044)|STATEMENT_EXECUTE|[1]
15:12:39.4 (5592845)|SYSTEM_METHOD_EXIT|[1]|Test
15:12:39.4 (5721222)|METHOD_ENTRY|[6]||System.Test.startTest()
15:12:39.4 (7391638)|METHOD_EXIT|[6]||System.Test.startTest()
15:12:39.4 (7419723)|STATEMENT_EXECUTE|[8]
15:12:39.4 (9030714)|HEAP_ALLOCATE|[8]|Bytes:8
15:12:39.4 (9077340)|METHOD_ENTRY|[10]|01p7Q00000PIbOv|DataFactoyTest.DataFactoyTest()
15:12:39.4 (9090927)|STATEMENT_EXECUTE|[10]
15:12:39.4 (9098241)|STATEMENT_EXECUTE|[10]
15:12:39.4 (9650935)|SYSTEM_MODE_ENTER|false
15:12:39.4 (9702700)|HEAP_ALLOCATE|[8]|Bytes:5
15:12:39.4 (9720301)|SYSTEM_MODE_EXIT|false
15:12:39.4 (9742754)|METHOD_EXIT|[10]|DataFactoyTest
15:12:39.4 (9821964)|METHOD_ENTRY|[8]|01p7Q00000PIbOv|DataFactoyTest.createAccounts(Integer)
15:12:39.4 (10030231)|VARIABLE_SCOPE_BEGIN|[13]|nbAccount|Integer|false|false
15:12:39.4 (10173815)|VARIABLE_ASSIGNMENT|[13]|nbAccount|4
15:12:39.4 (10236997)|SYSTEM_MODE_ENTER|false
15:12:39.4 (10252906)|HEAP_ALLOCATE|[14]|Bytes:5
15:12:39.4 (10266160)|STATEMENT_EXECUTE|[13]
15:12:39.4 (10269679)|STATEMENT_EXECUTE|[14]
15:12:39.4 (10287437)|HEAP_ALLOCATE|[14]|Bytes:4
15:12:39.4 (10589145)|VARIABLE_SCOPE_BEGIN|[14]|accounts|List<Account>|true|false
15:12:39.4 (10628139)|HEAP_ALLOCATE|[EXTERNAL]|Bytes:4
15:12:39.4 (10757459)|VARIABLE_ASSIGNMENT|[14]|accounts|[]|0x4f38c1f1
15:12:39.4 (10774936)|STATEMENT_EXECUTE|[15]
15:12:39.4 (10783956)|VARIABLE_SCOPE_BEGIN|[15]|i|Integer|false|false
15:12:39.4 (10808487)|HEAP_ALLOCATE|[15]|Bytes:4
15:12:39.4 (10834139)|VARIABLE_ASSIGNMENT|[15]|i|0
15:12:39.4 (10878871)|STATEMENT_EXECUTE|[15]
15:12:39.4 (10894117)|STATEMENT_EXECUTE|[18]
15:12:39.4 (10902743)|HEAP_ALLOCATE|[18]|Bytes:13
15:12:39.4 (11061683)|HEAP_ALLOCATE|[18]|Bytes:1
15:12:39.4 (11095456)|HEAP_ALLOCATE|[18]|Bytes:14
15:12:39.4 (11118193)|METHOD_ENTRY|[18]|01p7Q00000PIbOv|DataFactoyTest.createAccount(String)
15:12:39.4 (11143063)|VARIABLE_SCOPE_BEGIN|[26]|name|String|false|false
15:12:39.4 (11174343)|VARIABLE_ASSIGNMENT|[26]|name|"Test Account 0"
15:12:39.4 (11200747)|HEAP_ALLOCATE|[28]|Bytes:5
15:12:39.4 (11210973)|STATEMENT_EXECUTE|[26]
15:12:39.4 (11214860)|STATEMENT_EXECUTE|[28]
15:12:39.4 (11275252)|HEAP_ALLOCATE|[28]|Bytes:4
15:12:39.4 (11511940)|VARIABLE_ASSIGNMENT|[28]|this.Name|"Test Account 0"|0x4a1b74b0
15:12:39.4 (11560368)|VARIABLE_SCOPE_BEGIN|[28]|account|Account|true|false
15:12:39.4 (11591459)|VARIABLE_ASSIGNMENT|[28]|account|{"Name":"Test Account 0"}|0x4a1b74b0
15:12:39.4 (11603497)|STATEMENT_EXECUTE|[29]
15:12:39.4 (11641389)|HEAP_ALLOCATE|[29]|Bytes:8
15:12:39.4 (11678337)|DML_BEGIN|[29]|Op:Insert|Type:Account|Rows:1
15:12:39.4 (11747318)|HEAP_ALLOCATE|[EXTERNAL]|Bytes:8
15:12:39.4 (29662047)|CODE_UNIT_STARTED|[EXTERNAL]|DuplicateDetector
15:12:39.4 (29704095)|DUPLICATE_DETECTION_BEGIN
15:12:39.4 (30237225)|DUPLICATE_DETECTION_RULE_INVOCATION|DuplicateRuleId:0Bm7Q00000F3oUV|DuplicateRuleName:Standard Account Duplicate Rule|DmlType:INSERT
15:12:39.4 (51457802)|DUPLICATE_DETECTION_MATCH_INVOCATION_DETAILS|EntityType:Account|ActionTaken:Allow_[Alert,Report]|DuplicateRecordIds:
15:12:39.4 (51498377)|DUPLICATE_DETECTION_MATCH_INVOCATION_SUMMARY|EntityType:Account|NumRecordsToBeSaved:1|NumRecordsToBeSavedWithDuplicates:0|NumDuplicateRecordsFound:0
15:12:39.4 (51706182)|DUPLICATE_DETECTION_END
15:12:39.4 (51729497)|CODE_UNIT_FINISHED|DuplicateDetector
15:12:39.4 (95013023)|DML_END|[29]
15:12:39.4 (95068401)|STATEMENT_EXECUTE|[30]
15:12:39.4 (95099263)|METHOD_EXIT|[18]|01p7Q00000PIbOv|DataFactoyTest.createAccount(String)
15:12:39.4 (95170754)|HEAP_ALLOCATE|[EXTERNAL]|Bytes:4
15:12:39.4 (95188669)|HEAP_ALLOCATE|[15]|Bytes:4
15:12:39.4 (95236531)|VARIABLE_ASSIGNMENT|[15]|i|1
15:12:39.4 (95253846)|STATEMENT_EXECUTE|[15]
15:12:39.4 (95256816)|STATEMENT_EXECUTE|[18]
15:12:39.4 (95299255)|HEAP_ALLOCATE|[18]|Bytes:1
15:12:39.4 (95317541)|HEAP_ALLOCATE|[18]|Bytes:14
15:12:39.4 (95329975)|METHOD_ENTRY|[18]|01p7Q00000PIbOv|DataFactoyTest.createAccount(String)
15:12:39.4 (95353526)|VARIABLE_SCOPE_BEGIN|[26]|name|String|false|false
15:12:39.4 (95377913)|VARIABLE_ASSIGNMENT|[26]|name|"Test Account 1"
15:12:39.4 (95409533)|HEAP_ALLOCATE|[28]|Bytes:5
15:12:39.4 (95417641)|STATEMENT_EXECUTE|[26]
15:12:39.4 (95420668)|STATEMENT_EXECUTE|[28]
15:12:39.4 (95444673)|HEAP_ALLOCATE|[28]|Bytes:4
15:12:39.4 (95533734)|VARIABLE_ASSIGNMENT|[28]|this.Name|"Test Account 1"|0x24a07d0
15:12:39.4 (95562691)|VARIABLE_SCOPE_BEGIN|[28]|account|Account|true|false
15:12:39.4 (95593774)|VARIABLE_ASSIGNMENT|[28]|account|{"Name":"Test Account 1"}|0x24a07d0
15:12:39.4 (95604823)|STATEMENT_EXECUTE|[29]
15:12:39.4 (95627017)|HEAP_ALLOCATE|[29]|Bytes:8
15:12:39.4 (95662247)|DML_BEGIN|[29]|Op:Insert|Type:Account|Rows:1
15:12:39.4 (95709947)|HEAP_ALLOCATE|[EXTERNAL]|Bytes:8
15:12:39.4 (98966530)|CODE_UNIT_STARTED|[EXTERNAL]|DuplicateDetector
15:12:39.4 (98999395)|DUPLICATE_DETECTION_BEGIN
15:12:39.4 (99038446)|DUPLICATE_DETECTION_RULE_INVOCATION|DuplicateRuleId:0Bm7Q00000F3oUV|DuplicateRuleName:Standard Account Duplicate Rule|DmlType:INSERT
15:12:39.4 (200666099)|DUPLICATE_DETECTION_MATCH_INVOCATION_DETAILS|EntityType:Account|ActionTaken:Allow_[Alert,Report]|DuplicateRecordIds:
15:12:39.4 (200703648)|DUPLICATE_DETECTION_MATCH_INVOCATION_SUMMARY|EntityType:Account|NumRecordsToBeSaved:1|NumRecordsToBeSavedWithDuplicates:0|NumDuplicateRecordsFound:0
15:12:39.4 (201227529)|DUPLICATE_DETECTION_END
15:12:39.4 (201250407)|CODE_UNIT_FINISHED|DuplicateDetector
15:12:39.4 (219084036)|DML_END|[29]
15:12:39.4 (219141197)|STATEMENT_EXECUTE|[30]
15:12:39.4 (219173635)|METHOD_EXIT|[18]|01p7Q00000PIbOv|DataFactoyTest.createAccount(String)
15:12:39.4 (219285713)|HEAP_ALLOCATE|[EXTERNAL]|Bytes:4
15:12:39.4 (219304966)|HEAP_ALLOCATE|[15]|Bytes:4
15:12:39.4 (219346796)|VARIABLE_ASSIGNMENT|[15]|i|2
15:12:39.4 (219365365)|STATEMENT_EXECUTE|[15]
15:12:39.4 (219369886)|STATEMENT_EXECUTE|[18]
15:12:39.4 (219408128)|HEAP_ALLOCATE|[18]|Bytes:1
15:12:39.4 (219429214)|HEAP_ALLOCATE|[18]|Bytes:14
15:12:39.4 (219442618)|METHOD_ENTRY|[18]|01p7Q00000PIbOv|DataFactoyTest.createAccount(String)
15:12:39.4 (219473602)|VARIABLE_SCOPE_BEGIN|[26]|name|String|false|false
15:12:39.4 (219528430)|VARIABLE_ASSIGNMENT|[26]|name|"Test Account 2"
15:12:39.4 (219574894)|HEAP_ALLOCATE|[28]|Bytes:5
15:12:39.4 (219589297)|STATEMENT_EXECUTE|[26]
15:12:39.4 (219593623)|STATEMENT_EXECUTE|[28]
15:12:39.4 (219623724)|HEAP_ALLOCATE|[28]|Bytes:4
15:12:39.4 (219708536)|VARIABLE_ASSIGNMENT|[28]|this.Name|"Test Account 2"|0x36b816aa
15:12:39.4 (219738345)|VARIABLE_SCOPE_BEGIN|[28]|account|Account|true|false
15:12:39.4 (219768554)|VARIABLE_ASSIGNMENT|[28]|account|{"Name":"Test Account 2"}|0x36b816aa
15:12:39.4 (219780584)|STATEMENT_EXECUTE|[29]
15:12:39.4 (219804896)|HEAP_ALLOCATE|[29]|Bytes:8
15:12:39.4 (219831509)|DML_BEGIN|[29]|Op:Insert|Type:Account|Rows:1
15:12:39.4 (219882665)|HEAP_ALLOCATE|[EXTERNAL]|Bytes:8
15:12:39.4 (223223104)|CODE_UNIT_STARTED|[EXTERNAL]|DuplicateDetector
15:12:39.4 (223256710)|DUPLICATE_DETECTION_BEGIN
15:12:39.4 (223316311)|DUPLICATE_DETECTION_RULE_INVOCATION|DuplicateRuleId:0Bm7Q00000F3oUV|DuplicateRuleName:Standard Account Duplicate Rule|DmlType:INSERT
15:12:39.4 (238200901)|DUPLICATE_DETECTION_MATCH_INVOCATION_DETAILS|EntityType:Account|ActionTaken:Allow_[Alert,Report]|DuplicateRecordIds:
15:12:39.4 (238238837)|DUPLICATE_DETECTION_MATCH_INVOCATION_SUMMARY|EntityType:Account|NumRecordsToBeSaved:1|NumRecordsToBeSavedWithDuplicates:0|NumDuplicateRecordsFound:0
15:12:39.4 (238459004)|DUPLICATE_DETECTION_END
15:12:39.4 (238489761)|CODE_UNIT_FINISHED|DuplicateDetector
15:12:39.4 (260763484)|DML_END|[29]
15:12:39.4 (260826621)|STATEMENT_EXECUTE|[30]
15:12:39.4 (260864073)|METHOD_EXIT|[18]|01p7Q00000PIbOv|DataFactoyTest.createAccount(String)
15:12:39.4 (260920631)|HEAP_ALLOCATE|[EXTERNAL]|Bytes:4
15:12:39.4 (260944364)|HEAP_ALLOCATE|[15]|Bytes:4
15:12:39.4 (260991976)|VARIABLE_ASSIGNMENT|[15]|i|3
15:12:39.4 (261015312)|STATEMENT_EXECUTE|[15]
15:12:39.4 (261020676)|STATEMENT_EXECUTE|[18]
15:12:39.4 (261069248)|HEAP_ALLOCATE|[18]|Bytes:1
15:12:39.4 (261095898)|HEAP_ALLOCATE|[18]|Bytes:14
15:12:39.4 (261116155)|METHOD_ENTRY|[18]|01p7Q00000PIbOv|DataFactoyTest.createAccount(String)
15:12:39.4 (261149716)|VARIABLE_SCOPE_BEGIN|[26]|name|String|false|false
15:12:39.4 (261186843)|VARIABLE_ASSIGNMENT|[26]|name|"Test Account 3"
15:12:39.4 (261229882)|HEAP_ALLOCATE|[28]|Bytes:5
15:12:39.4 (261243447)|STATEMENT_EXECUTE|[26]
15:12:39.4 (261248164)|STATEMENT_EXECUTE|[28]
15:12:39.4 (261277132)|HEAP_ALLOCATE|[28]|Bytes:4
15:12:39.4 (261370535)|VARIABLE_ASSIGNMENT|[28]|this.Name|"Test Account 3"|0x5a28fe07
15:12:39.4 (261411399)|VARIABLE_SCOPE_BEGIN|[28]|account|Account|true|false
15:12:39.4 (261452945)|VARIABLE_ASSIGNMENT|[28]|account|{"Name":"Test Account 3"}|0x5a28fe07
15:12:39.4 (261469128)|STATEMENT_EXECUTE|[29]
15:12:39.4 (261499468)|HEAP_ALLOCATE|[29]|Bytes:8
15:12:39.4 (261531621)|DML_BEGIN|[29]|Op:Insert|Type:Account|Rows:1
15:12:39.4 (261600778)|HEAP_ALLOCATE|[EXTERNAL]|Bytes:8
15:12:39.4 (264523803)|CODE_UNIT_STARTED|[EXTERNAL]|DuplicateDetector
15:12:39.4 (264546512)|DUPLICATE_DETECTION_BEGIN
15:12:39.4 (264587592)|DUPLICATE_DETECTION_RULE_INVOCATION|DuplicateRuleId:0Bm7Q00000F3oUV|DuplicateRuleName:Standard Account Duplicate Rule|DmlType:INSERT
15:12:39.4 (277138574)|DUPLICATE_DETECTION_MATCH_INVOCATION_DETAILS|EntityType:Account|ActionTaken:Allow_[Alert,Report]|DuplicateRecordIds:
15:12:39.4 (277166185)|DUPLICATE_DETECTION_MATCH_INVOCATION_SUMMARY|EntityType:Account|NumRecordsToBeSaved:1|NumRecordsToBeSavedWithDuplicates:0|NumDuplicateRecordsFound:0
15:12:39.4 (277303122)|DUPLICATE_DETECTION_END
15:12:39.4 (277327820)|CODE_UNIT_FINISHED|DuplicateDetector
15:12:39.4 (291499361)|DML_END|[29]
15:12:39.4 (291545120)|STATEMENT_EXECUTE|[30]
15:12:39.4 (291568881)|METHOD_EXIT|[18]|01p7Q00000PIbOv|DataFactoyTest.createAccount(String)
15:12:39.4 (291611167)|HEAP_ALLOCATE|[EXTERNAL]|Bytes:4
15:12:39.4 (291626317)|HEAP_ALLOCATE|[15]|Bytes:4
15:12:39.4 (291686334)|VARIABLE_ASSIGNMENT|[15]|i|4
15:12:39.4 (291701814)|STATEMENT_EXECUTE|[22]
15:12:39.4 (291715978)|SYSTEM_MODE_EXIT|false
15:12:39.4 (291756723)|METHOD_EXIT|[8]|01p7Q00000PIbOv|DataFactoyTest.createAccounts(Integer)
15:12:39.4 (291772301)|VARIABLE_SCOPE_BEGIN|[8]|accs|List<Account>|true|false
15:12:39.4 (291832240)|VARIABLE_ASSIGNMENT|[8]|accs|[{"Name":"Test Account 0","Id":"0017Q00000o9lrUQAQ"},{"Name":"Test Account 1","Id":"0017Q00000o9lrVQAQ"},{"Name":"Test Account 2","Id":"0017Q00000o9lrWQAQ"},{"Name":"Test Account 3","Id":"0017Q00000o9lrXQAQ"}]|0x4f38c1f1
15:12:39.4 (291847449)|STATEMENT_EXECUTE|[9]
15:12:39.4 (291872500)|METHOD_ENTRY|[9]|01p7Q00000PIbOv|DataFactoyTest.createOrdersForAccounts(List<Account>, Integer, Integer, Integer)
15:12:39.4 (291971749)|VARIABLE_SCOPE_BEGIN|[34]|accs|List<Account>|true|false
15:12:39.4 (292015670)|VARIABLE_ASSIGNMENT|[34]|accs|[{"Name":"Test Account 0","Id":"0017Q00000o9lrUQAQ"},{"Name":"Test Account 1","Id":"0017Q00000o9lrVQAQ"},{"Name":"Test Account 2","Id":"0017Q00000o9lrWQAQ"},{"Name":"Test Account 3","Id":"0017Q00000o9lrXQAQ"}]|0x4f38c1f1
15:12:39.4 (292030714)|VARIABLE_SCOPE_BEGIN|[34]|nbOr|Integer|false|false
15:12:39.4 (292046637)|VARIABLE_ASSIGNMENT|[34]|nbOr|4
15:12:39.4 (292055602)|VARIABLE_SCOPE_BEGIN|[34]|unitPrice|Integer|false|false
15:12:39.4 (292070384)|VARIABLE_ASSIGNMENT|[34]|unitPrice|200
15:12:39.4 (292078396)|VARIABLE_SCOPE_BEGIN|[34]|quantity|Integer|false|false
15:12:39.4 (292093132)|VARIABLE_ASSIGNMENT|[34]|quantity|1
15:12:39.4 (292123591)|SYSTEM_MODE_ENTER|false
15:12:39.4 (292138133)|HEAP_ALLOCATE|[37]|Bytes:5
15:12:39.4 (292147909)|STATEMENT_EXECUTE|[34]
15:12:39.4 (292152249)|STATEMENT_EXECUTE|[37]
15:12:39.4 (292227597)|HEAP_ALLOCATE|[37]|Bytes:4
15:12:39.4 (292308936)|VARIABLE_SCOPE_BEGIN|[37]|contrct|List<Contract>|true|false
15:12:39.4 (292326431)|HEAP_ALLOCATE|[EXTERNAL]|Bytes:4
15:12:39.4 (292340199)|VARIABLE_ASSIGNMENT|[37]|contrct|[]|0x575890ca
15:12:39.4 (292349028)|STATEMENT_EXECUTE|[38]
15:12:39.4 (292359001)|HEAP_ALLOCATE|[38]|Bytes:4
15:12:39.4 (292398571)|VARIABLE_SCOPE_BEGIN|[38]|orders|List<Order>|true|false
15:12:39.4 (292412420)|HEAP_ALLOCATE|[EXTERNAL]|Bytes:4
15:12:39.4 (292422300)|VARIABLE_ASSIGNMENT|[38]|orders|[]|0x1cd4cc58
15:12:39.4 (292628702)|HEAP_ALLOCATE|[39]|Bytes:5
15:12:39.4 (292688476)|HEAP_ALLOCATE|[39]|Bytes:12
15:12:39.4 (292704718)|VARIABLE_SCOPE_BEGIN|[39]|acc|Account|true|false
15:12:39.4 (292738343)|VARIABLE_ASSIGNMENT|[39]|acc|{"Name":"Test Account 0","Id":"0017Q00000o9lrUQAQ"}|0x4a1b74b0
15:12:39.4 (292756002)|STATEMENT_EXECUTE|[39]
15:12:39.4 (292758932)|STATEMENT_EXECUTE|[40]
15:12:39.4 (292792698)|HEAP_ALLOCATE|[40]|Bytes:4
15:12:39.4 (293914466)|VARIABLE_ASSIGNMENT|[40]|this.AccountId|"0017Q00000o9lrUQAQ"|0x61a53a9
15:12:39.4 (293941127)|HEAP_ALLOCATE|[42]|Bytes:5
15:12:39.4 (293978986)|VARIABLE_ASSIGNMENT|[40]|this.Status|"Draft"|0x61a53a9
15:12:39.4 (294024099)|VARIABLE_ASSIGNMENT|[40]|this.ContractTerm|5|0x61a53a9
15:12:39.4 (294070170)|VARIABLE_SCOPE_BEGIN|[40]|cont|Contract|true|false
15:12:39.4 (294103272)|VARIABLE_ASSIGNMENT|[40]|cont|{"AccountId":"0017Q00000o9lrUQAQ","Status":"Draft","ContractTerm":5}|0x61a53a9
15:12:39.4 (294117340)|STATEMENT_EXECUTE|[45]
15:12:39.4 (294177159)|HEAP_ALLOCATE|[EXTERNAL]|Bytes:4
15:12:39.4 (294193364)|STATEMENT_EXECUTE|[46]
15:12:39.4 (294200541)|VARIABLE_SCOPE_BEGIN|[46]|i|Integer|false|false
15:12:39.4 (294215476)|HEAP_ALLOCATE|[46]|Bytes:4
15:12:39.4 (294226993)|VARIABLE_ASSIGNMENT|[46]|i|0
15:12:39.4 (294239535)|STATEMENT_EXECUTE|[46]
15:12:39.4 (294242318)|STATEMENT_EXECUTE|[47]
15:12:39.4 (294277531)|HEAP_ALLOCATE|[47]|Bytes:4
15:12:39.4 (294358292)|VARIABLE_SCOPE_BEGIN|[47]|o|Order|true|false
15:12:39.4 (294383164)|VARIABLE_ASSIGNMENT|[47]|o|{}|0xc261bf5
15:12:39.4 (294394731)|STATEMENT_EXECUTE|[48]
15:12:39.4 (294554281)|VARIABLE_ASSIGNMENT|[48]|this.AccountId|"0017Q00000o9lrUQAQ"|0xc261bf5
15:12:39.4 (294570111)|STATEMENT_EXECUTE|[49]
15:12:39.4 (294632866)|VARIABLE_ASSIGNMENT|[49]|this.ContractId|null|0xc261bf5
15:12:39.4 (294644856)|STATEMENT_EXECUTE|[50]
15:12:39.4 (294695940)|VARIABLE_ASSIGNMENT|[50]|this.Status|"Draft"|0xc261bf5
15:12:39.4 (294707258)|STATEMENT_EXECUTE|[51]
15:12:39.4 (294808213)|HEAP_ALLOCATE|[51]|Bytes:4
15:12:39.4 (294906564)|VARIABLE_ASSIGNMENT|[51]|this.EffectiveDate|"2023-02-05T00:00:00.000Z"|0xc261bf5
15:12:39.4 (294919274)|STATEMENT_EXECUTE|[52]
15:12:39.4 (294939926)|METHOD_ENTRY|[52]||System.Test.getStandardPricebookId()
15:12:39.4 (296487492)|METHOD_EXIT|[52]||System.Test.getStandardPricebookId()
15:12:39.4 (296641648)|VARIABLE_ASSIGNMENT|[52]|this.Pricebook2Id|"01s7Q00000E4lgPQAR"|0xc261bf5
15:12:39.4 (296667865)|STATEMENT_EXECUTE|[53]
15:12:39.4 (296697430)|HEAP_ALLOCATE|[53]|Bytes:28
15:12:39.4 (296770948)|VARIABLE_ASSIGNMENT|[53]|this.UnitPrice__c|200|0xc261bf5
15:12:39.4 (296783551)|STATEMENT_EXECUTE|[54]
15:12:39.4 (296802160)|HEAP_ALLOCATE|[54]|Bytes:28
15:12:39.4 (296815273)|HEAP_ALLOCATE|[54]|Bytes:28
15:12:39.4 (296865313)|VARIABLE_ASSIGNMENT|[54]|this.Quantity__c|1|0xc261bf5
15:12:39.4 (296876804)|STATEMENT_EXECUTE|[55]
15:12:39.4 (296927436)|HEAP_ALLOCATE|[EXTERNAL]|Bytes:4
15:12:39.4 (296941739)|HEAP_ALLOCATE|[46]|Bytes:4
15:12:39.4 (296957699)|VARIABLE_ASSIGNMENT|[46]|i|1
15:12:39.4 (296970500)|STATEMENT_EXECUTE|[46]
15:12:39.4 (296973432)|STATEMENT_EXECUTE|[47]
15:12:39.4 (296996115)|HEAP_ALLOCATE|[47]|Bytes:4
15:12:39.4 (297015862)|VARIABLE_SCOPE_BEGIN|[47]|o|Order|true|false
15:12:39.4 (297045616)|VARIABLE_ASSIGNMENT|[47]|o|{}|0x546c096f
15:12:39.4 (297056193)|STATEMENT_EXECUTE|[48]
15:12:39.4 (297124547)|VARIABLE_ASSIGNMENT|[48]|this.AccountId|"0017Q00000o9lrUQAQ"|0x546c096f
15:12:39.4 (297137227)|STATEMENT_EXECUTE|[49]
15:12:39.4 (297176312)|VARIABLE_ASSIGNMENT|[49]|this.ContractId|null|0x546c096f
15:12:39.4 (297185093)|STATEMENT_EXECUTE|[50]
15:12:39.4 (297223233)|VARIABLE_ASSIGNMENT|[50]|this.Status|"Draft"|0x546c096f
15:12:39.4 (297233638)|STATEMENT_EXECUTE|[51]
15:12:39.4 (297263462)|HEAP_ALLOCATE|[51]|Bytes:4
15:12:39.4 (297324708)|VARIABLE_ASSIGNMENT|[51]|this.EffectiveDate|"2023-02-05T00:00:00.000Z"|0x546c096f
15:12:39.4 (297336681)|STATEMENT_EXECUTE|[52]
15:12:39.4 (297346829)|METHOD_ENTRY|[52]||System.Test.getStandardPricebookId()
15:12:39.4 (297712169)|METHOD_EXIT|[52]||System.Test.getStandardPricebookId()
15:12:39.4 (297792170)|VARIABLE_ASSIGNMENT|[52]|this.Pricebook2Id|"01s7Q00000E4lgPQAR"|0x546c096f
15:12:39.4 (297806101)|STATEMENT_EXECUTE|[53]
15:12:39.4 (297816343)|HEAP_ALLOCATE|[53]|Bytes:28
15:12:39.4 (297868567)|VARIABLE_ASSIGNMENT|[53]|this.UnitPrice__c|200|0x546c096f
15:12:39.4 (297880273)|STATEMENT_EXECUTE|[54]
15:12:39.4 (297889874)|HEAP_ALLOCATE|[54]|Bytes:28
15:12:39.4 (297896625)|HEAP_ALLOCATE|[54]|Bytes:28
15:12:39.4 (297936277)|VARIABLE_ASSIGNMENT|[54]|this.Quantity__c|1|0x546c096f
15:12:39.4 (297947492)|STATEMENT_EXECUTE|[55]
15:12:39.4 (297962754)|HEAP_ALLOCATE|[EXTERNAL]|Bytes:4
15:12:39.4 (297975328)|HEAP_ALLOCATE|[46]|Bytes:4
15:12:39.4 (297989386)|VARIABLE_ASSIGNMENT|[46]|i|2
15:12:39.4 (298000892)|STATEMENT_EXECUTE|[46]
15:12:39.4 (298004661)|STATEMENT_EXECUTE|[47]
15:12:39.4 (298020661)|HEAP_ALLOCATE|[47]|Bytes:4
15:12:39.4 (298050283)|VARIABLE_SCOPE_BEGIN|[47]|o|Order|true|false
15:12:39.4 (298071737)|VARIABLE_ASSIGNMENT|[47]|o|{}|0x9d27658
15:12:39.4 (298081589)|STATEMENT_EXECUTE|[48]
15:12:39.4 (298156285)|VARIABLE_ASSIGNMENT|[48]|this.AccountId|"0017Q00000o9lrUQAQ"|0x9d27658
15:12:39.4 (298166533)|STATEMENT_EXECUTE|[49]
15:12:39.4 (298197681)|VARIABLE_ASSIGNMENT|[49]|this.ContractId|null|0x9d27658
15:12:39.4 (298206816)|STATEMENT_EXECUTE|[50]
15:12:39.4 (298237726)|VARIABLE_ASSIGNMENT|[50]|this.Status|"Draft"|0x9d27658
15:12:39.4 (298246908)|STATEMENT_EXECUTE|[51]
15:12:39.4 (298273399)|HEAP_ALLOCATE|[51]|Bytes:4
15:12:39.4 (298323893)|VARIABLE_ASSIGNMENT|[51]|this.EffectiveDate|"2023-02-05T00:00:00.000Z"|0x9d27658
15:12:39.4 (298334587)|STATEMENT_EXECUTE|[52]
15:12:39.4 (298342617)|METHOD_ENTRY|[52]||System.Test.getStandardPricebookId()
15:12:39.4 (298687793)|METHOD_EXIT|[52]||System.Test.getStandardPricebookId()
15:12:39.4 (298761523)|VARIABLE_ASSIGNMENT|[52]|this.Pricebook2Id|"01s7Q00000E4lgPQAR"|0x9d27658
15:12:39.4 (298774271)|STATEMENT_EXECUTE|[53]
15:12:39.4 (298783269)|HEAP_ALLOCATE|[53]|Bytes:28
15:12:39.4 (298828474)|VARIABLE_ASSIGNMENT|[53]|this.UnitPrice__c|200|0x9d27658
15:12:39.4 (298839116)|STATEMENT_EXECUTE|[54]
15:12:39.4 (298847746)|HEAP_ALLOCATE|[54]|Bytes:28
15:12:39.4 (298851825)|HEAP_ALLOCATE|[54]|Bytes:28
15:12:39.4 (298888269)|VARIABLE_ASSIGNMENT|[54]|this.Quantity__c|1|0x9d27658
15:12:39.4 (298896979)|STATEMENT_EXECUTE|[55]
15:12:39.4 (298910617)|HEAP_ALLOCATE|[EXTERNAL]|Bytes:4
15:12:39.4 (298918980)|HEAP_ALLOCATE|[46]|Bytes:4
15:12:39.4 (298931529)|VARIABLE_ASSIGNMENT|[46]|i|3
15:12:39.4 (298942638)|STATEMENT_EXECUTE|[46]
15:12:39.4 (298945167)|STATEMENT_EXECUTE|[47]
15:12:39.4 (298957873)|HEAP_ALLOCATE|[47]|Bytes:4
15:12:39.4 (298975269)|VARIABLE_SCOPE_BEGIN|[47]|o|Order|true|false
15:12:39.4 (298996651)|VARIABLE_ASSIGNMENT|[47]|o|{}|0x38d40f4c
15:12:39.4 (299004443)|STATEMENT_EXECUTE|[48]
15:12:39.4 (299056503)|VARIABLE_ASSIGNMENT|[48]|this.AccountId|"0017Q00000o9lrUQAQ"|0x38d40f4c
15:12:39.4 (299066304)|STATEMENT_EXECUTE|[49]
15:12:39.4 (299095752)|VARIABLE_ASSIGNMENT|[49]|this.ContractId|null|0x38d40f4c
15:12:39.4 (299105201)|STATEMENT_EXECUTE|[50]
15:12:39.4 (299135306)|VARIABLE_ASSIGNMENT|[50]|this.Status|"Draft"|0x38d40f4c
15:12:39.4 (299143428)|STATEMENT_EXECUTE|[51]
15:12:39.4 (299166245)|HEAP_ALLOCATE|[51]|Bytes:4
15:12:39.4 (299216730)|VARIABLE_ASSIGNMENT|[51]|this.EffectiveDate|"2023-02-05T00:00:00.000Z"|0x38d40f4c
15:12:39.4 (299225645)|STATEMENT_EXECUTE|[52]
15:12:39.4 (299234741)|METHOD_ENTRY|[52]||System.Test.getStandardPricebookId()
15:12:39.4 (299539163)|METHOD_EXIT|[52]||System.Test.getStandardPricebookId()
15:12:39.4 (299613818)|VARIABLE_ASSIGNMENT|[52]|this.Pricebook2Id|"01s7Q00000E4lgPQAR"|0x38d40f4c
15:12:39.4 (299626973)|STATEMENT_EXECUTE|[53]
15:12:39.4 (299635112)|HEAP_ALLOCATE|[53]|Bytes:28
15:12:39.4 (299692352)|VARIABLE_ASSIGNMENT|[53]|this.UnitPrice__c|200|0x38d40f4c
15:12:39.4 (299702522)|STATEMENT_EXECUTE|[54]
15:12:39.4 (299711283)|HEAP_ALLOCATE|[54]|Bytes:28
15:12:39.4 (299715505)|HEAP_ALLOCATE|[54]|Bytes:28
15:12:39.4 (299751595)|VARIABLE_ASSIGNMENT|[54]|this.Quantity__c|1|0x38d40f4c
15:12:39.4 (299760956)|STATEMENT_EXECUTE|[55]
15:12:39.4 (299774871)|HEAP_ALLOCATE|[EXTERNAL]|Bytes:4
15:12:39.4 (299783422)|HEAP_ALLOCATE|[46]|Bytes:4
15:12:39.4 (299796262)|VARIABLE_ASSIGNMENT|[46]|i|4
15:12:39.4 (299824693)|HEAP_ALLOCATE|[39]|Bytes:5
15:12:39.4 (299844720)|HEAP_ALLOCATE|[39]|Bytes:12
15:12:39.4 (299856926)|VARIABLE_SCOPE_BEGIN|[39]|acc|Account|true|false
15:12:39.4 (299900408)|VARIABLE_ASSIGNMENT|[39]|acc|{"Name":"Test Account 1","Id":"0017Q00000o9lrVQAQ"}|0x24a07d0
15:12:39.4 (299912719)|STATEMENT_EXECUTE|[39]
15:12:39.4 (299915508)|STATEMENT_EXECUTE|[40]
15:12:39.4 (299932450)|HEAP_ALLOCATE|[40]|Bytes:4
15:12:39.4 (299977081)|VARIABLE_ASSIGNMENT|[40]|this.AccountId|"0017Q00000o9lrVQAQ"|0x58578610
15:12:39.4 (300001983)|VARIABLE_ASSIGNMENT|[40]|this.Status|"Draft"|0x58578610
15:12:39.4 (300028714)|VARIABLE_ASSIGNMENT|[40]|this.ContractTerm|5|0x58578610
15:12:39.4 (300047393)|VARIABLE_SCOPE_BEGIN|[40]|cont|Contract|true|false
15:12:39.4 (300077282)|VARIABLE_ASSIGNMENT|[40]|cont|{"AccountId":"0017Q00000o9lrVQAQ","Status":"Draft","ContractTerm":5}|0x58578610
15:12:39.4 (300092612)|STATEMENT_EXECUTE|[45]
15:12:39.4 (300109324)|HEAP_ALLOCATE|[EXTERNAL]|Bytes:4
15:12:39.4 (300126149)|STATEMENT_EXECUTE|[46]
15:12:39.4 (300134041)|VARIABLE_SCOPE_BEGIN|[46]|i|Integer|false|false
15:12:39.4 (300148216)|HEAP_ALLOCATE|[46]|Bytes:4
15:12:39.4 (300159852)|VARIABLE_ASSIGNMENT|[46]|i|0
15:12:39.4 (300172557)|STATEMENT_EXECUTE|[46]
15:12:39.4 (300176406)|STATEMENT_EXECUTE|[47]
15:12:39.4 (300214800)|HEAP_ALLOCATE|[47]|Bytes:4
15:12:39.4 (300236466)|VARIABLE_SCOPE_BEGIN|[47]|o|Order|true|false
15:12:39.4 (300259674)|VARIABLE_ASSIGNMENT|[47]|o|{}|0x4da0b3bf
15:12:39.4 (300270928)|STATEMENT_EXECUTE|[48]
15:12:39.4 (300347115)|VARIABLE_ASSIGNMENT|[48]|this.AccountId|"0017Q00000o9lrVQAQ"|0x4da0b3bf
15:12:39.4 (300359229)|STATEMENT_EXECUTE|[49]
15:12:39.4 (300399552)|VARIABLE_ASSIGNMENT|[49]|this.ContractId|null|0x4da0b3bf
15:12:39.4 (300408470)|STATEMENT_EXECUTE|[50]
15:12:39.4 (300444888)|VARIABLE_ASSIGNMENT|[50]|this.Status|"Draft"|0x4da0b3bf
15:12:39.4 (300455337)|STATEMENT_EXECUTE|[51]
15:12:39.4 (300481476)|HEAP_ALLOCATE|[51]|Bytes:4
15:12:39.4 (300540952)|VARIABLE_ASSIGNMENT|[51]|this.EffectiveDate|"2023-02-05T00:00:00.000Z"|0x4da0b3bf
15:12:39.4 (300553115)|STATEMENT_EXECUTE|[52]
15:12:39.4 (300562513)|METHOD_ENTRY|[52]||System.Test.getStandardPricebookId()
15:12:39.4 (300891810)|METHOD_EXIT|[52]||System.Test.getStandardPricebookId()
15:12:39.4 (300963326)|VARIABLE_ASSIGNMENT|[52]|this.Pricebook2Id|"01s7Q00000E4lgPQAR"|0x4da0b3bf
15:12:39.4 (300975900)|STATEMENT_EXECUTE|[53]
15:12:39.4 (300984605)|HEAP_ALLOCATE|[53]|Bytes:28
15:12:39.4 (301029869)|VARIABLE_ASSIGNMENT|[53]|this.UnitPrice__c|200|0x4da0b3bf
15:12:39.4 (301040574)|STATEMENT_EXECUTE|[54]
15:12:39.4 (301047896)|HEAP_ALLOCATE|[54]|Bytes:28
15:12:39.4 (301053649)|HEAP_ALLOCATE|[54]|Bytes:28
15:12:39.4 (301088571)|VARIABLE_ASSIGNMENT|[54]|this.Quantity__c|1|0x4da0b3bf
15:12:39.4 (301098237)|STATEMENT_EXECUTE|[55]
15:12:39.4 (301110513)|HEAP_ALLOCATE|[EXTERNAL]|Bytes:4
15:12:39.4 (301120543)|HEAP_ALLOCATE|[46]|Bytes:4
15:12:39.4 (301132798)|VARIABLE_ASSIGNMENT|[46]|i|1
15:12:39.4 (301142402)|STATEMENT_EXECUTE|[46]
15:12:39.4 (301144892)|STATEMENT_EXECUTE|[47]
15:12:39.4 (301157660)|HEAP_ALLOCATE|[47]|Bytes:4
15:12:39.4 (301175056)|VARIABLE_SCOPE_BEGIN|[47]|o|Order|true|false
15:12:39.4 (301197157)|VARIABLE_ASSIGNMENT|[47]|o|{}|0x4f2a7350
15:12:39.4 (301206335)|STATEMENT_EXECUTE|[48]
15:12:39.4 (301256239)|VARIABLE_ASSIGNMENT|[48]|this.AccountId|"0017Q00000o9lrVQAQ"|0x4f2a7350
15:12:39.4 (301265841)|STATEMENT_EXECUTE|[49]
15:12:39.4 (301302303)|VARIABLE_ASSIGNMENT|[49]|this.ContractId|null|0x4f2a7350
15:12:39.4 (301311969)|STATEMENT_EXECUTE|[50]
15:12:39.4 (301340801)|VARIABLE_ASSIGNMENT|[50]|this.Status|"Draft"|0x4f2a7350
15:12:39.4 (301350275)|STATEMENT_EXECUTE|[51]
15:12:39.4 (301372410)|HEAP_ALLOCATE|[51]|Bytes:4
15:12:39.4 (301438067)|VARIABLE_ASSIGNMENT|[51]|this.EffectiveDate|"2023-02-05T00:00:00.000Z"|0x4f2a7350
15:12:39.4 (301449827)|STATEMENT_EXECUTE|[52]
15:12:39.4 (301458663)|METHOD_ENTRY|[52]||System.Test.getStandardPricebookId()
15:12:39.4 (301795003)|METHOD_EXIT|[52]||System.Test.getStandardPricebookId()
15:12:39.4 (301877712)|VARIABLE_ASSIGNMENT|[52]|this.Pricebook2Id|"01s7Q00000E4lgPQAR"|0x4f2a7350
15:12:39.4 (301890575)|STATEMENT_EXECUTE|[53]
15:12:39.4 (301901223)|HEAP_ALLOCATE|[53]|Bytes:28
15:12:39.4 (301952347)|VARIABLE_ASSIGNMENT|[53]|this.UnitPrice__c|200|0x4f2a7350
15:12:39.4 (301963712)|STATEMENT_EXECUTE|[54]
15:12:39.4 (301972150)|HEAP_ALLOCATE|[54]|Bytes:28
15:12:39.4 (301978656)|HEAP_ALLOCATE|[54]|Bytes:28
15:12:39.4 (302018034)|VARIABLE_ASSIGNMENT|[54]|this.Quantity__c|1|0x4f2a7350
15:12:39.4 (302030270)|STATEMENT_EXECUTE|[55]
15:12:39.4 (302054219)|HEAP_ALLOCATE|[EXTERNAL]|Bytes:4
15:12:39.4 (302064711)|HEAP_ALLOCATE|[46]|Bytes:4
15:12:39.4 (302077310)|VARIABLE_ASSIGNMENT|[46]|i|2
15:12:39.4 (302086772)|STATEMENT_EXECUTE|[46]
15:12:39.4 (302089093)|STATEMENT_EXECUTE|[47]
15:12:39.4 (302102880)|HEAP_ALLOCATE|[47]|Bytes:4
15:12:39.4 (302118438)|VARIABLE_SCOPE_BEGIN|[47]|o|Order|true|false
15:12:39.4 (302146216)|VARIABLE_ASSIGNMENT|[47]|o|{}|0x1afe5a17
15:12:39.4 (302159198)|STATEMENT_EXECUTE|[48]
15:12:39.4 (302224773)|VARIABLE_ASSIGNMENT|[48]|this.AccountId|"0017Q00000o9lrVQAQ"|0x1afe5a17
15:12:39.4 (302236305)|STATEMENT_EXECUTE|[49]
15:12:39.4 (302270184)|VARIABLE_ASSIGNMENT|[49]|this.ContractId|null|0x1afe5a17
15:12:39.4 (302278310)|STATEMENT_EXECUTE|[50]
15:12:39.4 (302309104)|VARIABLE_ASSIGNMENT|[50]|this.Status|"Draft"|0x1afe5a17
15:12:39.4 (302318553)|STATEMENT_EXECUTE|[51]
15:12:39.4 (302344092)|HEAP_ALLOCATE|[51]|Bytes:4
15:12:39.4 (302393834)|VARIABLE_ASSIGNMENT|[51]|this.EffectiveDate|"2023-02-05T00:00:00.000Z"|0x1afe5a17
15:12:39.4 (302403128)|STATEMENT_EXECUTE|[52]
15:12:39.4 (302416501)|METHOD_ENTRY|[52]||System.Test.getStandardPricebookId()
15:12:39.4 (302711968)|METHOD_EXIT|[52]||System.Test.getStandardPricebookId()
15:12:39.4 (302782746)|VARIABLE_ASSIGNMENT|[52]|this.Pricebook2Id|"01s7Q00000E4lgPQAR"|0x1afe5a17
15:12:39.4 (302795295)|STATEMENT_EXECUTE|[53]
15:12:39.4 (302805276)|HEAP_ALLOCATE|[53]|Bytes:28
15:12:39.4 (302850288)|VARIABLE_ASSIGNMENT|[53]|this.UnitPrice__c|200|0x1afe5a17
15:12:39.4 (302860522)|STATEMENT_EXECUTE|[54]
15:12:39.4 (302867767)|HEAP_ALLOCATE|[54]|Bytes:28
15:12:39.4 (302873684)|HEAP_ALLOCATE|[54]|Bytes:28
15:12:39.4 (302908079)|VARIABLE_ASSIGNMENT|[54]|this.Quantity__c|1|0x1afe5a17
15:12:39.4 (302917538)|STATEMENT_EXECUTE|[55]
15:12:39.4 (302929742)|HEAP_ALLOCATE|[EXTERNAL]|Bytes:4
15:12:39.4 (302939542)|HEAP_ALLOCATE|[46]|Bytes:4
15:12:39.4 (302950416)|VARIABLE_ASSIGNMENT|[46]|i|3
15:12:39.4 (302961543)|STATEMENT_EXECUTE|[46]
15:12:39.4 (302964764)|STATEMENT_EXECUTE|[47]
15:12:39.4 (302977774)|HEAP_ALLOCATE|[47]|Bytes:4
15:12:39.4 (302994782)|VARIABLE_SCOPE_BEGIN|[47]|o|Order|true|false
15:12:39.4 (303016749)|VARIABLE_ASSIGNMENT|[47]|o|{}|0xb16da7a
15:12:39.4 (303030207)|STATEMENT_EXECUTE|[48]
15:12:39.4 (303081538)|VARIABLE_ASSIGNMENT|[48]|this.AccountId|"0017Q00000o9lrVQAQ"|0xb16da7a
15:12:39.4 (303091642)|STATEMENT_EXECUTE|[49]
15:12:39.4 (303123919)|VARIABLE_ASSIGNMENT|[49]|this.ContractId|null|0xb16da7a
15:12:39.4 (303131689)|STATEMENT_EXECUTE|[50]
15:12:39.4 (303162337)|VARIABLE_ASSIGNMENT|[50]|this.Status|"Draft"|0xb16da7a
15:12:39.4 (303171789)|STATEMENT_EXECUTE|[51]
15:12:39.4 (303193517)|HEAP_ALLOCATE|[51]|Bytes:4
15:12:39.4 (303244905)|VARIABLE_ASSIGNMENT|[51]|this.EffectiveDate|"2023-02-05T00:00:00.000Z"|0xb16da7a
15:12:39.4 (303255581)|STATEMENT_EXECUTE|[52]
15:12:39.4 (303263418)|METHOD_ENTRY|[52]||System.Test.getStandardPricebookId()
15:12:39.4 (303551929)|METHOD_EXIT|[52]||System.Test.getStandardPricebookId()
15:12:39.4 (303623105)|VARIABLE_ASSIGNMENT|[52]|this.Pricebook2Id|"01s7Q00000E4lgPQAR"|0xb16da7a
15:12:39.4 (303634236)|STATEMENT_EXECUTE|[53]
15:12:39.4 (303644320)|HEAP_ALLOCATE|[53]|Bytes:28
15:12:39.4 (303697304)|VARIABLE_ASSIGNMENT|[53]|this.UnitPrice__c|200|0xb16da7a
15:12:39.4 (303707650)|STATEMENT_EXECUTE|[54]
15:12:39.4 (303714839)|HEAP_ALLOCATE|[54]|Bytes:28
15:12:39.4 (303721256)|HEAP_ALLOCATE|[54]|Bytes:28
15:12:39.4 (303767037)|VARIABLE_ASSIGNMENT|[54]|this.Quantity__c|1|0xb16da7a
15:12:39.4 (303781842)|STATEMENT_EXECUTE|[55]
15:12:39.4 (303805360)|HEAP_ALLOCATE|[EXTERNAL]|Bytes:4
15:12:39.4 (303816109)|HEAP_ALLOCATE|[46]|Bytes:4
15:12:39.4 (303829076)|VARIABLE_ASSIGNMENT|[46]|i|4
15:12:39.4 (303853591)|HEAP_ALLOCATE|[39]|Bytes:5
15:12:39.4 (303876545)|HEAP_ALLOCATE|[39]|Bytes:12
15:12:39.4 (303892783)|VARIABLE_SCOPE_BEGIN|[39]|acc|Account|true|false
15:12:39.4 (303932702)|VARIABLE_ASSIGNMENT|[39]|acc|{"Name":"Test Account 2","Id":"0017Q00000o9lrWQAQ"}|0x36b816aa
15:12:39.4 (303943901)|STATEMENT_EXECUTE|[39]
15:12:39.4 (303946429)|STATEMENT_EXECUTE|[40]
15:12:39.4 (303962425)|HEAP_ALLOCATE|[40]|Bytes:4
15:12:39.4 (304004054)|VARIABLE_ASSIGNMENT|[40]|this.AccountId|"0017Q00000o9lrWQAQ"|0x1672bed1
15:12:39.4 (304027907)|VARIABLE_ASSIGNMENT|[40]|this.Status|"Draft"|0x1672bed1
15:12:39.4 (304050102)|VARIABLE_ASSIGNMENT|[40]|this.ContractTerm|5|0x1672bed1
15:12:39.4 (304078663)|VARIABLE_SCOPE_BEGIN|[40]|cont|Contract|true|false
15:12:39.4 (304099947)|VARIABLE_ASSIGNMENT|[40]|cont|{"AccountId":"0017Q00000o9lrWQAQ","Status":"Draft","ContractTerm":5}|0x1672bed1
15:12:39.4 (304108523)|STATEMENT_EXECUTE|[45]
15:12:39.4 (304120274)|HEAP_ALLOCATE|[EXTERNAL]|Bytes:4
15:12:39.4 (304129569)|STATEMENT_EXECUTE|[46]
15:12:39.4 (304133829)|VARIABLE_SCOPE_BEGIN|[46]|i|Integer|false|false
15:12:39.4 (304143416)|HEAP_ALLOCATE|[46]|Bytes:4
15:12:39.4 (304152732)|VARIABLE_ASSIGNMENT|[46]|i|0
15:12:39.4 (304160395)|STATEMENT_EXECUTE|[46]
15:12:39.4 (304164048)|STATEMENT_EXECUTE|[47]
15:12:39.4 (304173162)|HEAP_ALLOCATE|[47]|Bytes:4
15:12:39.4 (304183883)|VARIABLE_SCOPE_BEGIN|[47]|o|Order|true|false
15:12:39.4 (304197786)|VARIABLE_ASSIGNMENT|[47]|o|{}|0x6c5385f2
15:12:39.4 (304208155)|STATEMENT_EXECUTE|[48]
15:12:39.4 (304260468)|VARIABLE_ASSIGNMENT|[48]|this.AccountId|"0017Q00000o9lrWQAQ"|0x6c5385f2
15:12:39.4 (304270587)|STATEMENT_EXECUTE|[49]
15:12:39.4 (304301963)|VARIABLE_ASSIGNMENT|[49]|this.ContractId|null|0x6c5385f2
15:12:39.4 (304312058)|STATEMENT_EXECUTE|[50]
15:12:39.4 (304340314)|VARIABLE_ASSIGNMENT|[50]|this.Status|"Draft"|0x6c5385f2
15:12:39.4 (304347736)|STATEMENT_EXECUTE|[51]
15:12:39.4 (304370212)|HEAP_ALLOCATE|[51]|Bytes:4
15:12:39.4 (304417587)|VARIABLE_ASSIGNMENT|[51]|this.EffectiveDate|"2023-02-05T00:00:00.000Z"|0x6c5385f2
15:12:39.4 (304427666)|STATEMENT_EXECUTE|[52]
15:12:39.4 (304436363)|METHOD_ENTRY|[52]||System.Test.getStandardPricebookId()
15:12:39.4 (304763896)|METHOD_EXIT|[52]||System.Test.getStandardPricebookId()
15:12:39.4 (304846506)|VARIABLE_ASSIGNMENT|[52]|this.Pricebook2Id|"01s7Q00000E4lgPQAR"|0x6c5385f2
15:12:39.4 (304860844)|STATEMENT_EXECUTE|[53]
15:12:39.4 (304870445)|HEAP_ALLOCATE|[53]|Bytes:28
15:12:39.4 (304923331)|VARIABLE_ASSIGNMENT|[53]|this.UnitPrice__c|200|0x6c5385f2
15:12:39.4 (304935261)|STATEMENT_EXECUTE|[54]
15:12:39.4 (304943416)|HEAP_ALLOCATE|[54]|Bytes:28
15:12:39.4 (304950854)|HEAP_ALLOCATE|[54]|Bytes:28
15:12:39.4 (304994325)|VARIABLE_ASSIGNMENT|[54]|this.Quantity__c|1|0x6c5385f2
15:12:39.4 (305006254)|STATEMENT_EXECUTE|[55]
15:12:39.4 (305020760)|HEAP_ALLOCATE|[EXTERNAL]|Bytes:4
15:12:39.4 (305030366)|HEAP_ALLOCATE|[46]|Bytes:4
15:12:39.4 (305044363)|VARIABLE_ASSIGNMENT|[46]|i|1
15:12:39.4 (305056583)|STATEMENT_EXECUTE|[46]
15:12:39.4 (305059376)|STATEMENT_EXECUTE|[47]
15:12:39.4 (305073528)|HEAP_ALLOCATE|[47]|Bytes:4
15:12:39.4 (305102273)|VARIABLE_SCOPE_BEGIN|[47]|o|Order|true|false
15:12:39.4 (305126453)|VARIABLE_ASSIGNMENT|[47]|o|{}|0x64c100f1
15:12:39.4 (305135233)|STATEMENT_EXECUTE|[48]
15:12:39.4 (305195203)|VARIABLE_ASSIGNMENT|[48]|this.AccountId|"0017Q00000o9lrWQAQ"|0x64c100f1
15:12:39.4 (305206887)|STATEMENT_EXECUTE|[49]
15:12:39.4 (305242046)|VARIABLE_ASSIGNMENT|[49]|this.ContractId|null|0x64c100f1
15:12:39.4 (305253455)|STATEMENT_EXECUTE|[50]
15:12:39.4 (305286896)|VARIABLE_ASSIGNMENT|[50]|this.Status|"Draft"|0x64c100f1
15:12:39.4 (305297753)|STATEMENT_EXECUTE|[51]
15:12:39.4 (305324478)|HEAP_ALLOCATE|[51]|Bytes:4
15:12:39.4 (305381756)|VARIABLE_ASSIGNMENT|[51]|this.EffectiveDate|"2023-02-05T00:00:00.000Z"|0x64c100f1
15:12:39.4 (305400730)|STATEMENT_EXECUTE|[52]
15:12:39.4 (305409662)|METHOD_ENTRY|[52]||System.Test.getStandardPricebookId()
15:12:39.4 (305800454)|METHOD_EXIT|[52]||System.Test.getStandardPricebookId()
15:12:39.4 (305898001)|VARIABLE_ASSIGNMENT|[52]|this.Pricebook2Id|"01s7Q00000E4lgPQAR"|0x64c100f1
15:12:39.4 (305910754)|STATEMENT_EXECUTE|[53]
15:12:39.4 (305918820)|HEAP_ALLOCATE|[53]|Bytes:28
15:12:39.4 (305962861)|VARIABLE_ASSIGNMENT|[53]|this.UnitPrice__c|200|0x64c100f1
15:12:39.4 (305971256)|STATEMENT_EXECUTE|[54]
15:12:39.4 (305997017)|HEAP_ALLOCATE|[54]|Bytes:28
15:12:39.4 (306001489)|HEAP_ALLOCATE|[54]|Bytes:28
15:12:39.4 (306041854)|VARIABLE_ASSIGNMENT|[54]|this.Quantity__c|1|0x64c100f1
15:12:39.4 (306050723)|STATEMENT_EXECUTE|[55]
15:12:39.4 (306063751)|HEAP_ALLOCATE|[EXTERNAL]|Bytes:4
15:12:39.4 (306072175)|HEAP_ALLOCATE|[46]|Bytes:4
15:12:39.4 (306084086)|VARIABLE_ASSIGNMENT|[46]|i|2
15:12:39.4 (306095469)|STATEMENT_EXECUTE|[46]
15:12:39.4 (306098086)|STATEMENT_EXECUTE|[47]
15:12:39.4 (306110899)|HEAP_ALLOCATE|[47]|Bytes:4
15:12:39.4 (306128507)|VARIABLE_SCOPE_BEGIN|[47]|o|Order|true|false
15:12:39.4 (306150081)|VARIABLE_ASSIGNMENT|[47]|o|{}|0x15de094
15:12:39.4 (306159634)|STATEMENT_EXECUTE|[48]
15:12:39.4 (306207903)|VARIABLE_ASSIGNMENT|[48]|this.AccountId|"0017Q00000o9lrWQAQ"|0x15de094
15:12:39.4 (306218068)|STATEMENT_EXECUTE|[49]
15:12:39.4 (306247922)|VARIABLE_ASSIGNMENT|[49]|this.ContractId|null|0x15de094
15:12:39.4 (306257178)|STATEMENT_EXECUTE|[50]
15:12:39.4 (306286756)|VARIABLE_ASSIGNMENT|[50]|this.Status|"Draft"|0x15de094
15:12:39.4 (306294611)|STATEMENT_EXECUTE|[51]
15:12:39.4 (306317431)|HEAP_ALLOCATE|[51]|Bytes:4
15:12:39.4 (306366970)|VARIABLE_ASSIGNMENT|[51]|this.EffectiveDate|"2023-02-05T00:00:00.000Z"|0x15de094
15:12:39.4 (306376102)|STATEMENT_EXECUTE|[52]
15:12:39.4 (306385150)|METHOD_ENTRY|[52]||System.Test.getStandardPricebookId()
15:12:39.4 (306687950)|METHOD_EXIT|[52]||System.Test.getStandardPricebookId()
15:12:39.4 (307493356)|VARIABLE_ASSIGNMENT|[52]|this.Pricebook2Id|"01s7Q00000E4lgPQAR"|0x15de094
15:12:39.4 (307508809)|STATEMENT_EXECUTE|[53]
15:12:39.4 (307518395)|HEAP_ALLOCATE|[53]|Bytes:28
15:12:39.4 (307565246)|VARIABLE_ASSIGNMENT|[53]|this.UnitPrice__c|200|0x15de094
15:12:39.4 (307577531)|STATEMENT_EXECUTE|[54]
15:12:39.4 (307584867)|HEAP_ALLOCATE|[54]|Bytes:28
15:12:39.4 (307590481)|HEAP_ALLOCATE|[54]|Bytes:28
15:12:39.4 (307626140)|VARIABLE_ASSIGNMENT|[54]|this.Quantity__c|1|0x15de094
15:12:39.4 (307636454)|STATEMENT_EXECUTE|[55]
15:12:39.4 (307654186)|HEAP_ALLOCATE|[EXTERNAL]|Bytes:4
15:12:39.4 (307674936)|HEAP_ALLOCATE|[46]|Bytes:4
15:12:39.4 (307687111)|VARIABLE_ASSIGNMENT|[46]|i|3
15:12:39.4 (307699284)|STATEMENT_EXECUTE|[46]
15:12:39.4 (307701998)|STATEMENT_EXECUTE|[47]
15:12:39.4 (307716253)|HEAP_ALLOCATE|[47]|Bytes:4
15:12:39.4 (307736201)|VARIABLE_SCOPE_BEGIN|[47]|o|Order|true|false
15:12:39.4 (307761068)|VARIABLE_ASSIGNMENT|[47]|o|{}|0x44061c12
15:12:39.4 (307771210)|STATEMENT_EXECUTE|[48]
15:12:39.4 (307827368)|VARIABLE_ASSIGNMENT|[48]|this.AccountId|"0017Q00000o9lrWQAQ"|0x44061c12
15:12:39.4 (307839361)|STATEMENT_EXECUTE|[49]
15:12:39.4 (307873910)|VARIABLE_ASSIGNMENT|[49]|this.ContractId|null|0x44061c12
15:12:39.4 (307885371)|STATEMENT_EXECUTE|[50]
15:12:39.4 (307920820)|VARIABLE_ASSIGNMENT|[50]|this.Status|"Draft"|0x44061c12
15:12:39.4 (307931261)|STATEMENT_EXECUTE|[51]
15:12:39.4 (307955477)|HEAP_ALLOCATE|[51]|Bytes:4
15:12:39.4 (308013577)|VARIABLE_ASSIGNMENT|[51]|this.EffectiveDate|"2023-02-05T00:00:00.000Z"|0x44061c12
15:12:39.4 (308026251)|STATEMENT_EXECUTE|[52]
15:12:39.4 (308034825)|METHOD_ENTRY|[52]||System.Test.getStandardPricebookId()
15:12:39.4 (308338701)|METHOD_EXIT|[52]||System.Test.getStandardPricebookId()
15:12:39.4 (308423739)|VARIABLE_ASSIGNMENT|[52]|this.Pricebook2Id|"01s7Q00000E4lgPQAR"|0x44061c12
15:12:39.4 (308437906)|STATEMENT_EXECUTE|[53]
15:12:39.4 (308447120)|HEAP_ALLOCATE|[53]|Bytes:28
15:12:39.4 (308499176)|VARIABLE_ASSIGNMENT|[53]|this.UnitPrice__c|200|0x44061c12
15:12:39.4 (308509178)|STATEMENT_EXECUTE|[54]
15:12:39.4 (308518651)|HEAP_ALLOCATE|[54]|Bytes:28
15:12:39.4 (308523665)|HEAP_ALLOCATE|[54]|Bytes:28
15:12:39.4 (308565013)|VARIABLE_ASSIGNMENT|[54]|this.Quantity__c|1|0x44061c12
15:12:39.4 (308576454)|STATEMENT_EXECUTE|[55]
15:12:39.4 (308591062)|HEAP_ALLOCATE|[EXTERNAL]|Bytes:4
15:12:39.4 (308603439)|HEAP_ALLOCATE|[46]|Bytes:4
15:12:39.4 (308618791)|VARIABLE_ASSIGNMENT|[46]|i|4
15:12:39.4 (308644254)|HEAP_ALLOCATE|[39]|Bytes:5
15:12:39.4 (308672145)|HEAP_ALLOCATE|[39]|Bytes:12
15:12:39.4 (308687452)|VARIABLE_SCOPE_BEGIN|[39]|acc|Account|true|false
15:12:39.4 (308722458)|VARIABLE_ASSIGNMENT|[39]|acc|{"Name":"Test Account 3","Id":"0017Q00000o9lrXQAQ"}|0x5a28fe07
15:12:39.4 (308732426)|STATEMENT_EXECUTE|[39]
15:12:39.4 (308738156)|STATEMENT_EXECUTE|[40]
15:12:39.4 (308755010)|HEAP_ALLOCATE|[40]|Bytes:4
15:12:39.4 (308798418)|VARIABLE_ASSIGNMENT|[40]|this.AccountId|"0017Q00000o9lrXQAQ"|0x10ea9874
15:12:39.4 (308824647)|VARIABLE_ASSIGNMENT|[40]|this.Status|"Draft"|0x10ea9874
15:12:39.4 (308849284)|VARIABLE_ASSIGNMENT|[40]|this.ContractTerm|5|0x10ea9874
15:12:39.4 (308865438)|VARIABLE_SCOPE_BEGIN|[40]|cont|Contract|true|false
15:12:39.4 (308892124)|VARIABLE_ASSIGNMENT|[40]|cont|{"AccountId":"0017Q00000o9lrXQAQ","Status":"Draft","ContractTerm":5}|0x10ea9874
15:12:39.4 (308902789)|STATEMENT_EXECUTE|[45]
15:12:39.4 (308915915)|HEAP_ALLOCATE|[EXTERNAL]|Bytes:4
15:12:39.4 (308927610)|STATEMENT_EXECUTE|[46]
15:12:39.4 (308932686)|VARIABLE_SCOPE_BEGIN|[46]|i|Integer|false|false
15:12:39.4 (308945275)|HEAP_ALLOCATE|[46]|Bytes:4
15:12:39.4 (308956204)|VARIABLE_ASSIGNMENT|[46]|i|0
15:12:39.4 (308965115)|STATEMENT_EXECUTE|[46]
15:12:39.4 (308967789)|STATEMENT_EXECUTE|[47]
15:12:39.4 (308980230)|HEAP_ALLOCATE|[47]|Bytes:4
15:12:39.4 (308993149)|VARIABLE_SCOPE_BEGIN|[47]|o|Order|true|false
15:12:39.4 (309010635)|VARIABLE_ASSIGNMENT|[47]|o|{}|0x4d18681e
15:12:39.4 (309022355)|STATEMENT_EXECUTE|[48]
15:12:39.4 (309082990)|VARIABLE_ASSIGNMENT|[48]|this.AccountId|"0017Q00000o9lrXQAQ"|0x4d18681e
15:12:39.4 (309093667)|STATEMENT_EXECUTE|[49]
15:12:39.4 (309131092)|VARIABLE_ASSIGNMENT|[49]|this.ContractId|null|0x4d18681e
15:12:39.4 (309141795)|STATEMENT_EXECUTE|[50]
15:12:39.4 (309174975)|VARIABLE_ASSIGNMENT|[50]|this.Status|"Draft"|0x4d18681e
15:12:39.4 (309187566)|STATEMENT_EXECUTE|[51]
15:12:39.4 (309213785)|HEAP_ALLOCATE|[51]|Bytes:4
15:12:39.4 (309268858)|VARIABLE_ASSIGNMENT|[51]|this.EffectiveDate|"2023-02-05T00:00:00.000Z"|0x4d18681e
15:12:39.4 (309281389)|STATEMENT_EXECUTE|[52]
15:12:39.4 (309290361)|METHOD_ENTRY|[52]||System.Test.getStandardPricebookId()
15:12:39.4 (309679544)|METHOD_EXIT|[52]||System.Test.getStandardPricebookId()
15:12:39.4 (309754965)|VARIABLE_ASSIGNMENT|[52]|this.Pricebook2Id|"01s7Q00000E4lgPQAR"|0x4d18681e
15:12:39.4 (309768185)|STATEMENT_EXECUTE|[53]
15:12:39.4 (309776656)|HEAP_ALLOCATE|[53]|Bytes:28
15:12:39.4 (309833962)|VARIABLE_ASSIGNMENT|[53]|this.UnitPrice__c|200|0x4d18681e
15:12:39.4 (309843692)|STATEMENT_EXECUTE|[54]
15:12:39.4 (309867963)|HEAP_ALLOCATE|[54]|Bytes:28
15:12:39.4 (309874135)|HEAP_ALLOCATE|[54]|Bytes:28
15:12:39.4 (309909641)|VARIABLE_ASSIGNMENT|[54]|this.Quantity__c|1|0x4d18681e
15:12:39.4 (309919763)|STATEMENT_EXECUTE|[55]
15:12:39.4 (309931767)|HEAP_ALLOCATE|[EXTERNAL]|Bytes:4
15:12:39.4 (309941707)|HEAP_ALLOCATE|[46]|Bytes:4
15:12:39.4 (309954048)|VARIABLE_ASSIGNMENT|[46]|i|1
15:12:39.4 (309963216)|STATEMENT_EXECUTE|[46]
15:12:39.4 (309965686)|STATEMENT_EXECUTE|[47]
15:12:39.4 (309979751)|HEAP_ALLOCATE|[47]|Bytes:4
15:12:39.4 (309995873)|VARIABLE_SCOPE_BEGIN|[47]|o|Order|true|false
15:12:39.4 (310017138)|VARIABLE_ASSIGNMENT|[47]|o|{}|0x604d63a9
15:12:39.4 (310027117)|STATEMENT_EXECUTE|[48]
15:12:39.4 (310078667)|VARIABLE_ASSIGNMENT|[48]|this.AccountId|"0017Q00000o9lrXQAQ"|0x604d63a9
15:12:39.4 (310088897)|STATEMENT_EXECUTE|[49]
15:12:39.4 (310120174)|VARIABLE_ASSIGNMENT|[49]|this.ContractId|null|0x604d63a9
15:12:39.4 (310129927)|STATEMENT_EXECUTE|[50]
15:12:39.4 (310159415)|VARIABLE_ASSIGNMENT|[50]|this.Status|"Draft"|0x604d63a9
15:12:39.4 (310169222)|STATEMENT_EXECUTE|[51]
15:12:39.4 (310193230)|HEAP_ALLOCATE|[51]|Bytes:4
15:12:39.4 (310242369)|VARIABLE_ASSIGNMENT|[51]|this.EffectiveDate|"2023-02-05T00:00:00.000Z"|0x604d63a9
15:12:39.4 (310253681)|STATEMENT_EXECUTE|[52]
15:12:39.4 (310261600)|METHOD_ENTRY|[52]||System.Test.getStandardPricebookId()
15:12:39.4 (310556367)|METHOD_EXIT|[52]||System.Test.getStandardPricebookId()
15:12:39.4 (310628803)|VARIABLE_ASSIGNMENT|[52]|this.Pricebook2Id|"01s7Q00000E4lgPQAR"|0x604d63a9
15:12:39.4 (310641576)|STATEMENT_EXECUTE|[53]
15:12:39.4 (310658862)|HEAP_ALLOCATE|[53]|Bytes:28
15:12:39.4 (310705269)|VARIABLE_ASSIGNMENT|[53]|this.UnitPrice__c|200|0x604d63a9
15:12:39.4 (310716913)|STATEMENT_EXECUTE|[54]
15:12:39.4 (310724243)|HEAP_ALLOCATE|[54]|Bytes:28
15:12:39.4 (310730515)|HEAP_ALLOCATE|[54]|Bytes:28
15:12:39.4 (310765759)|VARIABLE_ASSIGNMENT|[54]|this.Quantity__c|1|0x604d63a9
15:12:39.4 (310776093)|STATEMENT_EXECUTE|[55]
15:12:39.4 (310788598)|HEAP_ALLOCATE|[EXTERNAL]|Bytes:4
15:12:39.4 (310802161)|HEAP_ALLOCATE|[46]|Bytes:4
15:12:39.4 (310824524)|VARIABLE_ASSIGNMENT|[46]|i|2
15:12:39.4 (310865316)|STATEMENT_EXECUTE|[46]
15:12:39.4 (310871423)|STATEMENT_EXECUTE|[47]
15:12:39.4 (310895617)|HEAP_ALLOCATE|[47]|Bytes:4
15:12:39.4 (310919164)|VARIABLE_SCOPE_BEGIN|[47]|o|Order|true|false
15:12:39.4 (310957408)|VARIABLE_ASSIGNMENT|[47]|o|{}|0x558e477a
15:12:39.4 (310968539)|STATEMENT_EXECUTE|[48]
15:12:39.4 (311032721)|VARIABLE_ASSIGNMENT|[48]|this.AccountId|"0017Q00000o9lrXQAQ"|0x558e477a
15:12:39.4 (311043672)|STATEMENT_EXECUTE|[49]
15:12:39.4 (311081637)|VARIABLE_ASSIGNMENT|[49]|this.ContractId|null|0x558e477a
15:12:39.4 (311092316)|STATEMENT_EXECUTE|[50]
15:12:39.4 (311124911)|VARIABLE_ASSIGNMENT|[50]|this.Status|"Draft"|0x558e477a
15:12:39.4 (311136588)|STATEMENT_EXECUTE|[51]
15:12:39.4 (311173148)|HEAP_ALLOCATE|[51]|Bytes:4
15:12:39.4 (311232309)|VARIABLE_ASSIGNMENT|[51]|this.EffectiveDate|"2023-02-05T00:00:00.000Z"|0x558e477a
15:12:39.4 (311242861)|STATEMENT_EXECUTE|[52]
15:12:39.4 (311253285)|METHOD_ENTRY|[52]||System.Test.getStandardPricebookId()
15:12:39.4 (311542117)|METHOD_EXIT|[52]||System.Test.getStandardPricebookId()
15:12:39.4 (311631613)|VARIABLE_ASSIGNMENT|[52]|this.Pricebook2Id|"01s7Q00000E4lgPQAR"|0x558e477a
15:12:39.4 (311643198)|STATEMENT_EXECUTE|[53]
15:12:39.4 (311662715)|HEAP_ALLOCATE|[53]|Bytes:28
15:12:39.4 (311708433)|VARIABLE_ASSIGNMENT|[53]|this.UnitPrice__c|200|0x558e477a
15:12:39.4 (311718761)|STATEMENT_EXECUTE|[54]
15:12:39.4 (311726142)|HEAP_ALLOCATE|[54]|Bytes:28
15:12:39.4 (311732700)|HEAP_ALLOCATE|[54]|Bytes:28
15:12:39.4 (311767924)|VARIABLE_ASSIGNMENT|[54]|this.Quantity__c|1|0x558e477a
15:12:39.4 (311777927)|STATEMENT_EXECUTE|[55]
15:12:39.4 (311790018)|HEAP_ALLOCATE|[EXTERNAL]|Bytes:4
15:12:39.4 (311800219)|HEAP_ALLOCATE|[46]|Bytes:4
15:12:39.4 (311811030)|VARIABLE_ASSIGNMENT|[46]|i|3
15:12:39.4 (311821960)|STATEMENT_EXECUTE|[46]
15:12:39.4 (311824859)|STATEMENT_EXECUTE|[47]
15:12:39.4 (311839354)|HEAP_ALLOCATE|[47]|Bytes:4
15:12:39.4 (311855339)|VARIABLE_SCOPE_BEGIN|[47]|o|Order|true|false
15:12:39.4 (311876620)|VARIABLE_ASSIGNMENT|[47]|o|{}|0x6d7acac7
15:12:39.4 (311885517)|STATEMENT_EXECUTE|[48]
15:12:39.4 (311935880)|VARIABLE_ASSIGNMENT|[48]|this.AccountId|"0017Q00000o9lrXQAQ"|0x6d7acac7
15:12:39.4 (311946182)|STATEMENT_EXECUTE|[49]
15:12:39.4 (311977774)|VARIABLE_ASSIGNMENT|[49]|this.ContractId|null|0x6d7acac7
15:12:39.4 (311986148)|STATEMENT_EXECUTE|[50]
15:12:39.4 (312015818)|VARIABLE_ASSIGNMENT|[50]|this.Status|"Draft"|0x6d7acac7
15:12:39.4 (312025969)|STATEMENT_EXECUTE|[51]
15:12:39.4 (312047531)|HEAP_ALLOCATE|[51]|Bytes:4
15:12:39.4 (312098800)|VARIABLE_ASSIGNMENT|[51]|this.EffectiveDate|"2023-02-05T00:00:00.000Z"|0x6d7acac7
15:12:39.4 (312108935)|STATEMENT_EXECUTE|[52]
15:12:39.4 (312116780)|METHOD_ENTRY|[52]||System.Test.getStandardPricebookId()
15:12:39.4 (312389027)|METHOD_EXIT|[52]||System.Test.getStandardPricebookId()
15:12:39.4 (312459710)|VARIABLE_ASSIGNMENT|[52]|this.Pricebook2Id|"01s7Q00000E4lgPQAR"|0x6d7acac7
15:12:39.4 (312472282)|STATEMENT_EXECUTE|[53]
15:12:39.4 (312482444)|HEAP_ALLOCATE|[53]|Bytes:28
15:12:39.4 (312556283)|VARIABLE_ASSIGNMENT|[53]|this.UnitPrice__c|200|0x6d7acac7
15:12:39.4 (312566667)|STATEMENT_EXECUTE|[54]
15:12:39.4 (312573709)|HEAP_ALLOCATE|[54]|Bytes:28
15:12:39.4 (312579254)|HEAP_ALLOCATE|[54]|Bytes:28
15:12:39.4 (312616629)|VARIABLE_ASSIGNMENT|[54]|this.Quantity__c|1|0x6d7acac7
15:12:39.4 (312625847)|STATEMENT_EXECUTE|[55]
15:12:39.4 (312637799)|HEAP_ALLOCATE|[EXTERNAL]|Bytes:4
15:12:39.4 (312654618)|HEAP_ALLOCATE|[46]|Bytes:4
15:12:39.4 (312666670)|VARIABLE_ASSIGNMENT|[46]|i|4
15:12:39.4 (312686326)|HEAP_ALLOCATE|[39]|Bytes:5
15:12:39.4 (312703095)|VARIABLE_ASSIGNMENT|[39]|acc|null|
15:12:39.4 (312710495)|STATEMENT_EXECUTE|[58]
15:12:39.4 (312796835)|DML_BEGIN|[58]|Op:Insert|Type:Order|Rows:16
15:12:39.4 (312876422)|HEAP_ALLOCATE|[EXTERNAL]|Bytes:68
15:12:39.4 (383934030)|DML_END|[58]
15:12:39.4 (384049289)|HEAP_ALLOCATE|[EXTERNAL]|Bytes:68
15:12:39.4 (384118323)|STATEMENT_EXECUTE|[59]
15:12:39.4 (384235120)|DML_BEGIN|[59]|Op:Insert|Type:Contract|Rows:4
15:12:39.4 (384298262)|HEAP_ALLOCATE|[EXTERNAL]|Bytes:20
15:12:39.4 (419206653)|DML_END|[59]
15:12:39.4 (419279357)|HEAP_ALLOCATE|[EXTERNAL]|Bytes:20
15:12:39.4 (419324495)|STATEMENT_EXECUTE|[62]
15:12:39.4 (419418967)|HEAP_ALLOCATE|[62]|Bytes:4
15:12:39.4 (419538312)|HEAP_ALLOCATE|[62]|Bytes:24
15:12:39.4 (420302778)|VARIABLE_ASSIGNMENT|[62]|this.Name|"Chemise Verte longue (4 more) ..."|0x44565fa2
15:12:39.4 (420326049)|HEAP_ALLOCATE|[62]|Bytes:7
15:12:39.4 (420362654)|VARIABLE_ASSIGNMENT|[62]|this.Family|"Chemise"|0x44565fa2
15:12:39.4 (420420419)|VARIABLE_SCOPE_BEGIN|[62]|p|Product2|true|false
15:12:39.4 (420465953)|VARIABLE_ASSIGNMENT|[62]|p|{"Name":"Chemise Verte longue (4 more) ...","Family":"Chemise"}|0x44565fa2
15:12:39.4 (420479532)|STATEMENT_EXECUTE|[63]
15:12:39.4 (420529465)|HEAP_ALLOCATE|[63]|Bytes:8
15:12:39.4 (420558669)|DML_BEGIN|[63]|Op:Insert|Type:Product2|Rows:1
15:12:39.4 (420616970)|HEAP_ALLOCATE|[EXTERNAL]|Bytes:8
15:12:39.4 (447310617)|DML_END|[63]
15:12:39.4 (447351156)|STATEMENT_EXECUTE|[66]
15:12:39.4 (447425115)|HEAP_ALLOCATE|[66]|Bytes:4
15:12:39.4 (447547579)|METHOD_ENTRY|[67]||System.Test.getStandardPricebookId()
15:12:39.4 (448157051)|METHOD_EXIT|[67]||System.Test.getStandardPricebookId()
15:12:39.4 (448788948)|VARIABLE_ASSIGNMENT|[66]|this.Pricebook2Id|"01s7Q00000E4lgPQAR"|0x2e0fb03b
15:12:39.4 (448862329)|VARIABLE_ASSIGNMENT|[66]|this.Product2Id|"01t7Q000003N3ASQA0"|0x2e0fb03b
15:12:39.4 (448891224)|HEAP_ALLOCATE|[66]|Bytes:28
15:12:39.4 (448926703)|VARIABLE_ASSIGNMENT|[66]|this.UnitPrice|200|0x2e0fb03b
15:12:39.4 (448957706)|VARIABLE_ASSIGNMENT|[66]|this.IsActive|true|0x2e0fb03b
15:12:39.4 (449003367)|VARIABLE_SCOPE_BEGIN|[66]|pbe|PricebookEntry|true|false
15:12:39.4 (449052344)|VARIABLE_ASSIGNMENT|[66]|pbe|{"Pricebook2Id":"01s7Q00000E4lgPQAR","Product2Id":"01t7Q000003N3ASQA0","UnitPrice":200,"IsActive":true}|0x2e0fb03b
15:12:39.4 (449071545)|STATEMENT_EXECUTE|[72]
15:12:39.4 (449106641)|HEAP_ALLOCATE|[72]|Bytes:8
15:12:39.4 (449132616)|DML_BEGIN|[72]|Op:Insert|Type:PricebookEntry|Rows:1
15:12:39.4 (449184787)|HEAP_ALLOCATE|[EXTERNAL]|Bytes:8
15:12:39.4 (474028749)|DML_END|[72]
15:12:39.4 (474063213)|STATEMENT_EXECUTE|[74]
15:12:39.4 (474159418)|HEAP_ALLOCATE|[74]|Bytes:4
15:12:39.4 (474279449)|VARIABLE_SCOPE_BEGIN|[74]|oi|List<OrderItem>|true|false
15:12:39.4 (474307488)|HEAP_ALLOCATE|[EXTERNAL]|Bytes:4
15:12:39.4 (474336530)|VARIABLE_ASSIGNMENT|[74]|oi|[]|0x5b0d0091
15:12:39.4 (474489978)|HEAP_ALLOCATE|[77]|Bytes:5
15:12:39.4 (474517838)|HEAP_ALLOCATE|[77]|Bytes:36
15:12:39.4 (474533611)|VARIABLE_SCOPE_BEGIN|[77]|o|Order|true|false
15:12:39.4 (474610383)|VARIABLE_ASSIGNMENT|[77]|o|{"AccountId":"0017Q00000o9lrUQAQ","Status":"Draft","EffectiveDate":"2023-02-05T00:00:00.000Z","Pricebook2Id":"01s7Q00000E4lgPQAR","UnitPrice__c":200,"Quantity__c":1,"Id":"8017Q0000055KDMQA2"}|0xc261bf5
15:12:39.4 (474628209)|STATEMENT_EXECUTE|[77]
15:12:39.4 (474633227)|STATEMENT_EXECUTE|[78]
15:12:39.4 (474675729)|HEAP_ALLOCATE|[78]|Bytes:4
15:12:39.4 (474778167)|VARIABLE_SCOPE_BEGIN|[78]|oit|OrderItem|true|false
15:12:39.4 (474804188)|VARIABLE_ASSIGNMENT|[78]|oit|{}|0x15c9637a
15:12:39.4 (474816027)|STATEMENT_EXECUTE|[79]
15:12:39.4 (475834043)|VARIABLE_ASSIGNMENT|[79]|this.OrderId|"8017Q0000055KDMQA2"|0x15c9637a
15:12:39.4 (475858368)|STATEMENT_EXECUTE|[80]
15:12:39.4 (475946271)|VARIABLE_ASSIGNMENT|[80]|this.PricebookEntryId|"01u7Q000008eiv4QAA"|0x15c9637a
15:12:39.4 (475958190)|STATEMENT_EXECUTE|[81]
15:12:39.4 (475983215)|HEAP_ALLOCATE|[81]|Bytes:28
15:12:39.4 (475990668)|HEAP_ALLOCATE|[81]|Bytes:28
15:12:39.4 (476049298)|VARIABLE_ASSIGNMENT|[81]|this.Quantity|1|0x15c9637a
15:12:39.4 (476061493)|STATEMENT_EXECUTE|[82]
15:12:39.4 (476074263)|HEAP_ALLOCATE|[82]|Bytes:28
15:12:39.4 (476127124)|VARIABLE_ASSIGNMENT|[82]|this.UnitPrice|200|0x15c9637a
15:12:39.4 (476137288)|STATEMENT_EXECUTE|[83]
15:12:39.4 (476214071)|HEAP_ALLOCATE|[EXTERNAL]|Bytes:4
15:12:39.4 (476239070)|HEAP_ALLOCATE|[77]|Bytes:5
15:12:39.4 (476258384)|HEAP_ALLOCATE|[77]|Bytes:36
15:12:39.4 (476273554)|VARIABLE_SCOPE_BEGIN|[77]|o|Order|true|false
15:12:39.4 (476327676)|VARIABLE_ASSIGNMENT|[77]|o|{"AccountId":"0017Q00000o9lrUQAQ","Status":"Draft","EffectiveDate":"2023-02-05T00:00:00.000Z","Pricebook2Id":"01s7Q00000E4lgPQAR","UnitPrice__c":200,"Quantity__c":1,"Id":"8017Q0000055KDNQA2"}|0x546c096f
15:12:39.4 (476340361)|STATEMENT_EXECUTE|[77]
15:12:39.4 (476343111)|STATEMENT_EXECUTE|[78]
15:12:39.4 (476363600)|HEAP_ALLOCATE|[78]|Bytes:4
15:12:39.4 (476381058)|VARIABLE_SCOPE_BEGIN|[78]|oit|OrderItem|true|false
15:12:39.4 (476400729)|VARIABLE_ASSIGNMENT|[78]|oit|{}|0x83cfdd7
15:12:39.4 (476414570)|STATEMENT_EXECUTE|[79]
15:12:39.4 (476507903)|VARIABLE_ASSIGNMENT|[79]|this.OrderId|"8017Q0000055KDNQA2"|0x83cfdd7
15:12:39.4 (476520605)|STATEMENT_EXECUTE|[80]
15:12:39.4 (476565875)|VARIABLE_ASSIGNMENT|[80]|this.PricebookEntryId|"01u7Q000008eiv4QAA"|0x83cfdd7
15:12:39.4 (476577014)|STATEMENT_EXECUTE|[81]
15:12:39.4 (476588218)|HEAP_ALLOCATE|[81]|Bytes:28
15:12:39.4 (476595292)|HEAP_ALLOCATE|[81]|Bytes:28
15:12:39.4 (476640079)|VARIABLE_ASSIGNMENT|[81]|this.Quantity|1|0x83cfdd7
15:12:39.4 (476666376)|STATEMENT_EXECUTE|[82]
15:12:39.4 (476674045)|HEAP_ALLOCATE|[82]|Bytes:28
15:12:39.4 (476717017)|VARIABLE_ASSIGNMENT|[82]|this.UnitPrice|200|0x83cfdd7
15:12:39.4 (476727804)|STATEMENT_EXECUTE|[83]
15:12:39.4 (476741884)|HEAP_ALLOCATE|[EXTERNAL]|Bytes:4
15:12:39.4 (476769631)|HEAP_ALLOCATE|[77]|Bytes:5
15:12:39.4 (476786506)|HEAP_ALLOCATE|[77]|Bytes:36
15:12:39.4 (476799114)|VARIABLE_SCOPE_BEGIN|[77]|o|Order|true|false
15:12:39.4 (476848948)|VARIABLE_ASSIGNMENT|[77]|o|{"AccountId":"0017Q00000o9lrUQAQ","Status":"Draft","EffectiveDate":"2023-02-05T00:00:00.000Z","Pricebook2Id":"01s7Q00000E4lgPQAR","UnitPrice__c":200,"Quantity__c":1,"Id":"8017Q0000055KDOQA2"}|0x9d27658
15:12:39.4 (476861578)|STATEMENT_EXECUTE|[77]
15:12:39.4 (476864274)|STATEMENT_EXECUTE|[78]
15:12:39.4 (476880777)|HEAP_ALLOCATE|[78]|Bytes:4
15:12:39.4 (476897169)|VARIABLE_SCOPE_BEGIN|[78]|oit|OrderItem|true|false
15:12:39.4 (476915489)|VARIABLE_ASSIGNMENT|[78]|oit|{}|0x1ed166fe
15:12:39.4 (476925572)|STATEMENT_EXECUTE|[79]
15:12:39.4 (476989018)|VARIABLE_ASSIGNMENT|[79]|this.OrderId|"8017Q0000055KDOQA2"|0x1ed166fe
15:12:39.4 (476999010)|STATEMENT_EXECUTE|[80]
15:12:39.4 (477040954)|VARIABLE_ASSIGNMENT|[80]|this.PricebookEntryId|"01u7Q000008eiv4QAA"|0x1ed166fe
15:12:39.4 (477052267)|STATEMENT_EXECUTE|[81]
15:12:39.4 (477062215)|HEAP_ALLOCATE|[81]|Bytes:28
15:12:39.4 (477069413)|HEAP_ALLOCATE|[81]|Bytes:28
15:12:39.4 (477112390)|VARIABLE_ASSIGNMENT|[81]|this.Quantity|1|0x1ed166fe
15:12:39.4 (477123278)|STATEMENT_EXECUTE|[82]
15:12:39.4 (477128895)|HEAP_ALLOCATE|[82]|Bytes:28
15:12:39.4 (477169141)|VARIABLE_ASSIGNMENT|[82]|this.UnitPrice|200|0x1ed166fe
15:12:39.4 (477180345)|STATEMENT_EXECUTE|[83]
15:12:39.4 (477193404)|HEAP_ALLOCATE|[EXTERNAL]|Bytes:4
15:12:39.4 (477214113)|HEAP_ALLOCATE|[77]|Bytes:5
15:12:39.4 (477230824)|HEAP_ALLOCATE|[77]|Bytes:36
15:12:39.4 (477243617)|VARIABLE_SCOPE_BEGIN|[77]|o|Order|true|false
15:12:39.4 (477287576)|VARIABLE_ASSIGNMENT|[77]|o|{"AccountId":"0017Q00000o9lrUQAQ","Status":"Draft","EffectiveDate":"2023-02-05T00:00:00.000Z","Pricebook2Id":"01s7Q00000E4lgPQAR","UnitPrice__c":200,"Quantity__c":1,"Id":"8017Q0000055KDPQA2"}|0x38d40f4c
15:12:39.4 (477299832)|STATEMENT_EXECUTE|[77]
15:12:39.4 (477304441)|STATEMENT_EXECUTE|[78]
15:12:39.4 (477317318)|HEAP_ALLOCATE|[78]|Bytes:4
15:12:39.4 (477337948)|VARIABLE_SCOPE_BEGIN|[78]|oit|OrderItem|true|false
15:12:39.4 (477357238)|VARIABLE_ASSIGNMENT|[78]|oit|{}|0x11c6b1c4
15:12:39.4 (477365865)|STATEMENT_EXECUTE|[79]
15:12:39.4 (477425090)|VARIABLE_ASSIGNMENT|[79]|this.OrderId|"8017Q0000055KDPQA2"|0x11c6b1c4
15:12:39.4 (477437223)|STATEMENT_EXECUTE|[80]
15:12:39.4 (477476081)|VARIABLE_ASSIGNMENT|[80]|this.PricebookEntryId|"01u7Q000008eiv4QAA"|0x11c6b1c4
15:12:39.4 (477486977)|STATEMENT_EXECUTE|[81]
15:12:39.4 (477498006)|HEAP_ALLOCATE|[81]|Bytes:28
15:12:39.4 (477502941)|HEAP_ALLOCATE|[81]|Bytes:28
15:12:39.4 (477545130)|VARIABLE_ASSIGNMENT|[81]|this.Quantity|1|0x11c6b1c4
15:12:39.4 (477556356)|STATEMENT_EXECUTE|[82]
15:12:39.4 (477561464)|HEAP_ALLOCATE|[82]|Bytes:28
15:12:39.4 (477601215)|VARIABLE_ASSIGNMENT|[82]|this.UnitPrice|200|0x11c6b1c4
15:12:39.4 (477611601)|STATEMENT_EXECUTE|[83]
15:12:39.4 (477624090)|HEAP_ALLOCATE|[EXTERNAL]|Bytes:4
15:12:39.4 (477643914)|HEAP_ALLOCATE|[77]|Bytes:5
15:12:39.4 (477667887)|HEAP_ALLOCATE|[77]|Bytes:36
15:12:39.4 (477680835)|VARIABLE_SCOPE_BEGIN|[77]|o|Order|true|false
15:12:39.4 (477727051)|VARIABLE_ASSIGNMENT|[77]|o|{"AccountId":"0017Q00000o9lrVQAQ","Status":"Draft","EffectiveDate":"2023-02-05T00:00:00.000Z","Pricebook2Id":"01s7Q00000E4lgPQAR","UnitPrice__c":200,"Quantity__c":1,"Id":"8017Q0000055KDQQA2"}|0x4da0b3bf
15:12:39.4 (477739061)|STATEMENT_EXECUTE|[77]
15:12:39.4 (477741844)|STATEMENT_EXECUTE|[78]
15:12:39.4 (477755070)|HEAP_ALLOCATE|[78]|Bytes:4
15:12:39.4 (477770642)|VARIABLE_SCOPE_BEGIN|[78]|oit|OrderItem|true|false
15:12:39.4 (477789846)|VARIABLE_ASSIGNMENT|[78]|oit|{}|0xb39ceec
15:12:39.4 (477799523)|STATEMENT_EXECUTE|[79]
15:12:39.4 (477858466)|VARIABLE_ASSIGNMENT|[79]|this.OrderId|"8017Q0000055KDQQA2"|0xb39ceec
15:12:39.4 (477870774)|STATEMENT_EXECUTE|[80]
15:12:39.4 (477912005)|VARIABLE_ASSIGNMENT|[80]|this.PricebookEntryId|"01u7Q000008eiv4QAA"|0xb39ceec
15:12:39.4 (477921418)|STATEMENT_EXECUTE|[81]
15:12:39.4 (477941637)|HEAP_ALLOCATE|[81]|Bytes:28
15:12:39.4 (477946525)|HEAP_ALLOCATE|[81]|Bytes:28
15:12:39.4 (477982793)|VARIABLE_ASSIGNMENT|[81]|this.Quantity|1|0xb39ceec
15:12:39.4 (477992064)|STATEMENT_EXECUTE|[82]
15:12:39.4 (477998140)|HEAP_ALLOCATE|[82]|Bytes:28
15:12:39.4 (478031617)|VARIABLE_ASSIGNMENT|[82]|this.UnitPrice|200|0xb39ceec
15:12:39.4 (478041882)|STATEMENT_EXECUTE|[83]
15:12:39.4 (478064717)|HEAP_ALLOCATE|[EXTERNAL]|Bytes:4
15:12:39.4 (478081822)|HEAP_ALLOCATE|[77]|Bytes:5
15:12:39.4 (478094683)|HEAP_ALLOCATE|[77]|Bytes:36
15:12:39.4 (478104433)|VARIABLE_SCOPE_BEGIN|[77]|o|Order|true|false
15:12:39.4 (478153646)|VARIABLE_ASSIGNMENT|[77]|o|{"AccountId":"0017Q00000o9lrVQAQ","Status":"Draft","EffectiveDate":"2023-02-05T00:00:00.000Z","Pricebook2Id":"01s7Q00000E4lgPQAR","UnitPrice__c":200,"Quantity__c":1,"Id":"8017Q0000055KDRQA2"}|0x4f2a7350
15:12:39.4 (478164457)|STATEMENT_EXECUTE|[77]
15:12:39.4 (478167031)|STATEMENT_EXECUTE|[78]
15:12:39.4 (478180598)|HEAP_ALLOCATE|[78]|Bytes:4
15:12:39.4 (478193521)|VARIABLE_SCOPE_BEGIN|[78]|oit|OrderItem|true|false
15:12:39.4 (478210628)|VARIABLE_ASSIGNMENT|[78]|oit|{}|0x8c5d533
15:12:39.4 (478220027)|STATEMENT_EXECUTE|[79]
15:12:39.4 (478272051)|VARIABLE_ASSIGNMENT|[79]|this.OrderId|"8017Q0000055KDRQA2"|0x8c5d533
15:12:39.4 (478282502)|STATEMENT_EXECUTE|[80]
15:12:39.4 (478319893)|VARIABLE_ASSIGNMENT|[80]|this.PricebookEntryId|"01u7Q000008eiv4QAA"|0x8c5d533
15:12:39.4 (478329706)|STATEMENT_EXECUTE|[81]
15:12:39.4 (478338572)|HEAP_ALLOCATE|[81]|Bytes:28
15:12:39.4 (478344619)|HEAP_ALLOCATE|[81]|Bytes:28
15:12:39.4 (478382919)|VARIABLE_ASSIGNMENT|[81]|this.Quantity|1|0x8c5d533
15:12:39.4 (478393131)|STATEMENT_EXECUTE|[82]
15:12:39.4 (478397877)|HEAP_ALLOCATE|[82]|Bytes:28
15:12:39.4 (478433607)|VARIABLE_ASSIGNMENT|[82]|this.UnitPrice|200|0x8c5d533
15:12:39.4 (478444047)|STATEMENT_EXECUTE|[83]
15:12:39.4 (478455520)|HEAP_ALLOCATE|[EXTERNAL]|Bytes:4
15:12:39.4 (478473450)|HEAP_ALLOCATE|[77]|Bytes:5
15:12:39.4 (478488348)|HEAP_ALLOCATE|[77]|Bytes:36
15:12:39.4 (478498472)|VARIABLE_SCOPE_BEGIN|[77]|o|Order|true|false
15:12:39.4 (478538876)|VARIABLE_ASSIGNMENT|[77]|o|{"AccountId":"0017Q00000o9lrVQAQ","Status":"Draft","EffectiveDate":"2023-02-05T00:00:00.000Z","Pricebook2Id":"01s7Q00000E4lgPQAR","UnitPrice__c":200,"Quantity__c":1,"Id":"8017Q0000055KDSQA2"}|0x1afe5a17
15:12:39.4 (478551262)|STATEMENT_EXECUTE|[77]
15:12:39.4 (478554096)|STATEMENT_EXECUTE|[78]
15:12:39.4 (478564960)|HEAP_ALLOCATE|[78]|Bytes:4
15:12:39.4 (478578445)|VARIABLE_SCOPE_BEGIN|[78]|oit|OrderItem|true|false
15:12:39.4 (478595675)|VARIABLE_ASSIGNMENT|[78]|oit|{}|0x6254914
15:12:39.4 (478603490)|STATEMENT_EXECUTE|[79]
15:12:39.4 (478663472)|VARIABLE_ASSIGNMENT|[79]|this.OrderId|"8017Q0000055KDSQA2"|0x6254914
15:12:39.4 (478674214)|STATEMENT_EXECUTE|[80]
15:12:39.4 (478711291)|VARIABLE_ASSIGNMENT|[80]|this.PricebookEntryId|"01u7Q000008eiv4QAA"|0x6254914
15:12:39.4 (478721518)|STATEMENT_EXECUTE|[81]
15:12:39.4 (478730060)|HEAP_ALLOCATE|[81]|Bytes:28
15:12:39.4 (478736206)|HEAP_ALLOCATE|[81]|Bytes:28
15:12:39.4 (478774688)|VARIABLE_ASSIGNMENT|[81]|this.Quantity|1|0x6254914
15:12:39.4 (478784805)|STATEMENT_EXECUTE|[82]
15:12:39.4 (478789459)|HEAP_ALLOCATE|[82]|Bytes:28
15:12:39.4 (478824772)|VARIABLE_ASSIGNMENT|[82]|this.UnitPrice|200|0x6254914
15:12:39.4 (478834735)|STATEMENT_EXECUTE|[83]
15:12:39.4 (478846398)|HEAP_ALLOCATE|[EXTERNAL]|Bytes:4
15:12:39.4 (478865173)|HEAP_ALLOCATE|[77]|Bytes:5
15:12:39.4 (478879884)|HEAP_ALLOCATE|[77]|Bytes:36
15:12:39.4 (478892002)|VARIABLE_SCOPE_BEGIN|[77]|o|Order|true|false
15:12:39.4 (478935197)|VARIABLE_ASSIGNMENT|[77]|o|{"AccountId":"0017Q00000o9lrVQAQ","Status":"Draft","EffectiveDate":"2023-02-05T00:00:00.000Z","Pricebook2Id":"01s7Q00000E4lgPQAR","UnitPrice__c":200,"Quantity__c":1,"Id":"8017Q0000055KDTQA2"}|0xb16da7a
15:12:39.4 (478946368)|STATEMENT_EXECUTE|[77]
15:12:39.4 (478948907)|STATEMENT_EXECUTE|[78]
15:12:39.4 (478960431)|HEAP_ALLOCATE|[78]|Bytes:4
15:12:39.4 (478974724)|VARIABLE_SCOPE_BEGIN|[78]|oit|OrderItem|true|false
15:12:39.4 (478992059)|VARIABLE_ASSIGNMENT|[78]|oit|{}|0x446d9388
15:12:39.4 (479001295)|STATEMENT_EXECUTE|[79]
15:12:39.4 (479054012)|VARIABLE_ASSIGNMENT|[79]|this.OrderId|"8017Q0000055KDTQA2"|0x446d9388
15:12:39.4 (479064750)|STATEMENT_EXECUTE|[80]
15:12:39.4 (479099803)|VARIABLE_ASSIGNMENT|[80]|this.PricebookEntryId|"01u7Q000008eiv4QAA"|0x446d9388
15:12:39.4 (479110844)|STATEMENT_EXECUTE|[81]
15:12:39.4 (479119758)|HEAP_ALLOCATE|[81]|Bytes:28
15:12:39.4 (479125985)|HEAP_ALLOCATE|[81]|Bytes:28
15:12:39.4 (479162666)|VARIABLE_ASSIGNMENT|[81]|this.Quantity|1|0x446d9388
15:12:39.4 (479171296)|STATEMENT_EXECUTE|[82]
15:12:39.4 (479187521)|HEAP_ALLOCATE|[82]|Bytes:28
15:12:39.4 (479219752)|VARIABLE_ASSIGNMENT|[82]|this.UnitPrice|200|0x446d9388
15:12:39.4 (479228553)|STATEMENT_EXECUTE|[83]
15:12:39.4 (479239302)|HEAP_ALLOCATE|[EXTERNAL]|Bytes:4
15:12:39.4 (479255596)|HEAP_ALLOCATE|[77]|Bytes:5
15:12:39.4 (479267217)|HEAP_ALLOCATE|[77]|Bytes:36
15:12:39.4 (479288926)|VARIABLE_SCOPE_BEGIN|[77]|o|Order|true|false
15:12:39.4 (479330097)|VARIABLE_ASSIGNMENT|[77]|o|{"AccountId":"0017Q00000o9lrWQAQ","Status":"Draft","EffectiveDate":"2023-02-05T00:00:00.000Z","Pricebook2Id":"01s7Q00000E4lgPQAR","UnitPrice__c":200,"Quantity__c":1,"Id":"8017Q0000055KDUQA2"}|0x6c5385f2
15:12:39.4 (479340742)|STATEMENT_EXECUTE|[77]
15:12:39.4 (479343217)|STATEMENT_EXECUTE|[78]
15:12:39.4 (479356061)|HEAP_ALLOCATE|[78]|Bytes:4
15:12:39.4 (479370067)|VARIABLE_SCOPE_BEGIN|[78]|oit|OrderItem|true|false
15:12:39.4 (479385694)|VARIABLE_ASSIGNMENT|[78]|oit|{}|0x5ebd8f2d
15:12:39.4 (479395348)|STATEMENT_EXECUTE|[79]
15:12:39.4 (479447795)|VARIABLE_ASSIGNMENT|[79]|this.OrderId|"8017Q0000055KDUQA2"|0x5ebd8f2d
15:12:39.4 (479457260)|STATEMENT_EXECUTE|[80]
15:12:39.4 (479493718)|VARIABLE_ASSIGNMENT|[80]|this.PricebookEntryId|"01u7Q000008eiv4QAA"|0x5ebd8f2d
15:12:39.4 (479503348)|STATEMENT_EXECUTE|[81]
15:12:39.4 (479511723)|HEAP_ALLOCATE|[81]|Bytes:28
15:12:39.4 (479517863)|HEAP_ALLOCATE|[81]|Bytes:28
15:12:39.4 (479555091)|VARIABLE_ASSIGNMENT|[81]|this.Quantity|1|0x5ebd8f2d
15:12:39.4 (479565338)|STATEMENT_EXECUTE|[82]
15:12:39.4 (479570014)|HEAP_ALLOCATE|[82]|Bytes:28
15:12:39.4 (479605101)|VARIABLE_ASSIGNMENT|[82]|this.UnitPrice|200|0x5ebd8f2d
15:12:39.4 (479614983)|STATEMENT_EXECUTE|[83]
15:12:39.4 (479625950)|HEAP_ALLOCATE|[EXTERNAL]|Bytes:4
15:12:39.4 (479643772)|HEAP_ALLOCATE|[77]|Bytes:5
15:12:39.4 (479665391)|HEAP_ALLOCATE|[77]|Bytes:36
15:12:39.4 (479678093)|VARIABLE_SCOPE_BEGIN|[77]|o|Order|true|false
15:12:39.4 (479736278)|VARIABLE_ASSIGNMENT|[77]|o|{"AccountId":"0017Q00000o9lrWQAQ","Status":"Draft","EffectiveDate":"2023-02-05T00:00:00.000Z","Pricebook2Id":"01s7Q00000E4lgPQAR","UnitPrice__c":200,"Quantity__c":1,"Id":"8017Q0000055KDVQA2"}|0x64c100f1
15:12:39.4 (479749222)|STATEMENT_EXECUTE|[77]
15:12:39.4 (479752233)|STATEMENT_EXECUTE|[78]
15:12:39.4 (479764576)|HEAP_ALLOCATE|[78]|Bytes:4
15:12:39.4 (479779489)|VARIABLE_SCOPE_BEGIN|[78]|oit|OrderItem|true|false
15:12:39.4 (479798061)|VARIABLE_ASSIGNMENT|[78]|oit|{}|0x2969da8b
15:12:39.4 (479806617)|STATEMENT_EXECUTE|[79]
15:12:39.4 (479864825)|VARIABLE_ASSIGNMENT|[79]|this.OrderId|"8017Q0000055KDVQA2"|0x2969da8b
15:12:39.4 (479875619)|STATEMENT_EXECUTE|[80]
15:12:39.4 (479913672)|VARIABLE_ASSIGNMENT|[80]|this.PricebookEntryId|"01u7Q000008eiv4QAA"|0x2969da8b
15:12:39.4 (479924283)|STATEMENT_EXECUTE|[81]
15:12:39.4 (479933572)|HEAP_ALLOCATE|[81]|Bytes:28
15:12:39.4 (479940501)|HEAP_ALLOCATE|[81]|Bytes:28
15:12:39.4 (479988653)|VARIABLE_ASSIGNMENT|[81]|this.Quantity|1|0x2969da8b
15:12:39.4 (479998471)|STATEMENT_EXECUTE|[82]
15:12:39.4 (480003442)|HEAP_ALLOCATE|[82]|Bytes:28
15:12:39.4 (480038791)|VARIABLE_ASSIGNMENT|[82]|this.UnitPrice|200|0x2969da8b
15:12:39.4 (480048004)|STATEMENT_EXECUTE|[83]
15:12:39.4 (480058444)|HEAP_ALLOCATE|[EXTERNAL]|Bytes:4
15:12:39.4 (480075068)|HEAP_ALLOCATE|[77]|Bytes:5
15:12:39.4 (480089212)|HEAP_ALLOCATE|[77]|Bytes:36
15:12:39.4 (480100740)|VARIABLE_SCOPE_BEGIN|[77]|o|Order|true|false
15:12:39.4 (480139086)|VARIABLE_ASSIGNMENT|[77]|o|{"AccountId":"0017Q00000o9lrWQAQ","Status":"Draft","EffectiveDate":"2023-02-05T00:00:00.000Z","Pricebook2Id":"01s7Q00000E4lgPQAR","UnitPrice__c":200,"Quantity__c":1,"Id":"8017Q0000055KDWQA2"}|0x15de094
15:12:39.4 (480149744)|STATEMENT_EXECUTE|[77]
15:12:39.4 (480152085)|STATEMENT_EXECUTE|[78]
15:12:39.4 (480173961)|HEAP_ALLOCATE|[78]|Bytes:4
15:12:39.4 (480187209)|VARIABLE_SCOPE_BEGIN|[78]|oit|OrderItem|true|false
15:12:39.4 (480203808)|VARIABLE_ASSIGNMENT|[78]|oit|{}|0x9ddc6eb
15:12:39.4 (480212745)|STATEMENT_EXECUTE|[79]
15:12:39.4 (480262056)|VARIABLE_ASSIGNMENT|[79]|this.OrderId|"8017Q0000055KDWQA2"|0x9ddc6eb
15:12:39.4 (480271481)|STATEMENT_EXECUTE|[80]
15:12:39.4 (480306431)|VARIABLE_ASSIGNMENT|[80]|this.PricebookEntryId|"01u7Q000008eiv4QAA"|0x9ddc6eb
15:12:39.4 (480315659)|STATEMENT_EXECUTE|[81]
15:12:39.4 (480323765)|HEAP_ALLOCATE|[81]|Bytes:28
15:12:39.4 (480329418)|HEAP_ALLOCATE|[81]|Bytes:28
15:12:39.4 (480363913)|VARIABLE_ASSIGNMENT|[81]|this.Quantity|1|0x9ddc6eb
15:12:39.4 (480371972)|STATEMENT_EXECUTE|[82]
15:12:39.4 (480377815)|HEAP_ALLOCATE|[82]|Bytes:28
15:12:39.4 (480411156)|VARIABLE_ASSIGNMENT|[82]|this.UnitPrice|200|0x9ddc6eb
15:12:39.4 (480420576)|STATEMENT_EXECUTE|[83]
15:12:39.4 (480431066)|HEAP_ALLOCATE|[EXTERNAL]|Bytes:4
15:12:39.4 (480447497)|HEAP_ALLOCATE|[77]|Bytes:5
15:12:39.4 (480459038)|HEAP_ALLOCATE|[77]|Bytes:36
15:12:39.4 (480470104)|VARIABLE_SCOPE_BEGIN|[77]|o|Order|true|false
15:12:39.4 (480508906)|VARIABLE_ASSIGNMENT|[77]|o|{"AccountId":"0017Q00000o9lrWQAQ","Status":"Draft","EffectiveDate":"2023-02-05T00:00:00.000Z","Pricebook2Id":"01s7Q00000E4lgPQAR","UnitPrice__c":200,"Quantity__c":1,"Id":"8017Q0000055KDXQA2"}|0x44061c12
15:12:39.4 (480531396)|STATEMENT_EXECUTE|[77]
15:12:39.4 (480534065)|STATEMENT_EXECUTE|[78]
15:12:39.4 (480547746)|HEAP_ALLOCATE|[78]|Bytes:4
15:12:39.4 (480562110)|VARIABLE_SCOPE_BEGIN|[78]|oit|OrderItem|true|false
15:12:39.4 (480579565)|VARIABLE_ASSIGNMENT|[78]|oit|{}|0x68f65612
15:12:39.4 (480589832)|STATEMENT_EXECUTE|[79]
15:12:39.4 (480645279)|VARIABLE_ASSIGNMENT|[79]|this.OrderId|"8017Q0000055KDXQA2"|0x68f65612
15:12:39.4 (480663017)|STATEMENT_EXECUTE|[80]
15:12:39.4 (480704823)|VARIABLE_ASSIGNMENT|[80]|this.PricebookEntryId|"01u7Q000008eiv4QAA"|0x68f65612
15:12:39.4 (480715117)|STATEMENT_EXECUTE|[81]
15:12:39.4 (480724372)|HEAP_ALLOCATE|[81]|Bytes:28
15:12:39.4 (480730911)|HEAP_ALLOCATE|[81]|Bytes:28
15:12:39.4 (480772083)|VARIABLE_ASSIGNMENT|[81]|this.Quantity|1|0x68f65612
15:12:39.4 (480783023)|STATEMENT_EXECUTE|[82]
15:12:39.4 (480788500)|HEAP_ALLOCATE|[82]|Bytes:28
15:12:39.4 (480827071)|VARIABLE_ASSIGNMENT|[82]|this.UnitPrice|200|0x68f65612
15:12:39.4 (480837938)|STATEMENT_EXECUTE|[83]
15:12:39.4 (480850279)|HEAP_ALLOCATE|[EXTERNAL]|Bytes:4
15:12:39.4 (480869648)|HEAP_ALLOCATE|[77]|Bytes:5
15:12:39.4 (480884927)|HEAP_ALLOCATE|[77]|Bytes:36
15:12:39.4 (480897852)|VARIABLE_SCOPE_BEGIN|[77]|o|Order|true|false
15:12:39.4 (480938532)|VARIABLE_ASSIGNMENT|[77]|o|{"AccountId":"0017Q00000o9lrXQAQ","Status":"Draft","EffectiveDate":"2023-02-05T00:00:00.000Z","Pricebook2Id":"01s7Q00000E4lgPQAR","UnitPrice__c":200,"Quantity__c":1,"Id":"8017Q0000055KDYQA2"}|0x4d18681e
15:12:39.4 (480951103)|STATEMENT_EXECUTE|[77]
15:12:39.4 (480954127)|STATEMENT_EXECUTE|[78]
15:12:39.4 (480966119)|HEAP_ALLOCATE|[78]|Bytes:4
15:12:39.4 (480980479)|VARIABLE_SCOPE_BEGIN|[78]|oit|OrderItem|true|false
15:12:39.4 (480998796)|VARIABLE_ASSIGNMENT|[78]|oit|{}|0x6ba6d56a
15:12:39.4 (481008895)|STATEMENT_EXECUTE|[79]
15:12:39.4 (481063769)|VARIABLE_ASSIGNMENT|[79]|this.OrderId|"8017Q0000055KDYQA2"|0x6ba6d56a
15:12:39.4 (481074759)|STATEMENT_EXECUTE|[80]
15:12:39.4 (481113116)|VARIABLE_ASSIGNMENT|[80]|this.PricebookEntryId|"01u7Q000008eiv4QAA"|0x6ba6d56a
15:12:39.4 (481123911)|STATEMENT_EXECUTE|[81]
15:12:39.4 (481134439)|HEAP_ALLOCATE|[81]|Bytes:28
15:12:39.4 (481139333)|HEAP_ALLOCATE|[81]|Bytes:28
15:12:39.4 (481179851)|VARIABLE_ASSIGNMENT|[81]|this.Quantity|1|0x6ba6d56a
15:12:39.4 (481190458)|STATEMENT_EXECUTE|[82]
15:12:39.4 (481195715)|HEAP_ALLOCATE|[82]|Bytes:28
15:12:39.4 (481235831)|VARIABLE_ASSIGNMENT|[82]|this.UnitPrice|200|0x6ba6d56a
15:12:39.4 (481244630)|STATEMENT_EXECUTE|[83]
15:12:39.4 (481258443)|HEAP_ALLOCATE|[EXTERNAL]|Bytes:4
15:12:39.4 (481276091)|HEAP_ALLOCATE|[77]|Bytes:5
15:12:39.4 (481291612)|HEAP_ALLOCATE|[77]|Bytes:36
15:12:39.4 (481304223)|VARIABLE_SCOPE_BEGIN|[77]|o|Order|true|false
15:12:39.4 (481346009)|VARIABLE_ASSIGNMENT|[77]|o|{"AccountId":"0017Q00000o9lrXQAQ","Status":"Draft","EffectiveDate":"2023-02-05T00:00:00.000Z","Pricebook2Id":"01s7Q00000E4lgPQAR","UnitPrice__c":200,"Quantity__c":1,"Id":"8017Q0000055KDZQA2"}|0x604d63a9
15:12:39.4 (481358199)|STATEMENT_EXECUTE|[77]
15:12:39.4 (481360923)|STATEMENT_EXECUTE|[78]
15:12:39.4 (481374110)|HEAP_ALLOCATE|[78]|Bytes:4
15:12:39.4 (481386772)|VARIABLE_SCOPE_BEGIN|[78]|oit|OrderItem|true|false
15:12:39.4 (481409055)|VARIABLE_ASSIGNMENT|[78]|oit|{}|0x5dbd2b48
15:12:39.4 (481419282)|STATEMENT_EXECUTE|[79]
15:12:39.4 (481474884)|VARIABLE_ASSIGNMENT|[79]|this.OrderId|"8017Q0000055KDZQA2"|0x5dbd2b48
15:12:39.4 (481486408)|STATEMENT_EXECUTE|[80]
15:12:39.4 (481525522)|VARIABLE_ASSIGNMENT|[80]|this.PricebookEntryId|"01u7Q000008eiv4QAA"|0x5dbd2b48
15:12:39.4 (481535832)|STATEMENT_EXECUTE|[81]
15:12:39.4 (481545301)|HEAP_ALLOCATE|[81]|Bytes:28
15:12:39.4 (481551991)|HEAP_ALLOCATE|[81]|Bytes:28
15:12:39.4 (481591802)|VARIABLE_ASSIGNMENT|[81]|this.Quantity|1|0x5dbd2b48
15:12:39.4 (481601049)|STATEMENT_EXECUTE|[82]
15:12:39.4 (481607700)|HEAP_ALLOCATE|[82]|Bytes:28
15:12:39.4 (481665910)|VARIABLE_ASSIGNMENT|[82]|this.UnitPrice|200|0x5dbd2b48
15:12:39.4 (481677022)|STATEMENT_EXECUTE|[83]
15:12:39.4 (481689307)|HEAP_ALLOCATE|[EXTERNAL]|Bytes:4
15:12:39.4 (481708539)|HEAP_ALLOCATE|[77]|Bytes:5
15:12:39.4 (481723786)|HEAP_ALLOCATE|[77]|Bytes:36
15:12:39.4 (481735308)|VARIABLE_SCOPE_BEGIN|[77]|o|Order|true|false
15:12:39.4 (481777837)|VARIABLE_ASSIGNMENT|[77]|o|{"AccountId":"0017Q00000o9lrXQAQ","Status":"Draft","EffectiveDate":"2023-02-05T00:00:00.000Z","Pricebook2Id":"01s7Q00000E4lgPQAR","UnitPrice__c":200,"Quantity__c":1,"Id":"8017Q0000055KDaQAM"}|0x558e477a
15:12:39.4 (481790095)|STATEMENT_EXECUTE|[77]
15:12:39.4 (481792746)|STATEMENT_EXECUTE|[78]
15:12:39.4 (481806945)|HEAP_ALLOCATE|[78]|Bytes:4
15:12:39.4 (481820938)|VARIABLE_SCOPE_BEGIN|[78]|oit|OrderItem|true|false
15:12:39.4 (481838546)|VARIABLE_ASSIGNMENT|[78]|oit|{}|0x511376f2
15:12:39.4 (481848662)|STATEMENT_EXECUTE|[79]
15:12:39.4 (481906337)|VARIABLE_ASSIGNMENT|[79]|this.OrderId|"8017Q0000055KDaQAM"|0x511376f2
15:12:39.4 (481917746)|STATEMENT_EXECUTE|[80]
15:12:39.4 (481956648)|VARIABLE_ASSIGNMENT|[80]|this.PricebookEntryId|"01u7Q000008eiv4QAA"|0x511376f2
15:12:39.4 (481967063)|STATEMENT_EXECUTE|[81]
15:12:39.4 (481976227)|HEAP_ALLOCATE|[81]|Bytes:28
15:12:39.4 (481982864)|HEAP_ALLOCATE|[81]|Bytes:28
15:12:39.4 (482022740)|VARIABLE_ASSIGNMENT|[81]|this.Quantity|1|0x511376f2
15:12:39.4 (482034657)|STATEMENT_EXECUTE|[82]
15:12:39.4 (482040028)|HEAP_ALLOCATE|[82]|Bytes:28
15:12:39.4 (482078966)|VARIABLE_ASSIGNMENT|[82]|this.UnitPrice|200|0x511376f2
15:12:39.4 (482089987)|STATEMENT_EXECUTE|[83]
15:12:39.4 (482101695)|HEAP_ALLOCATE|[EXTERNAL]|Bytes:4
15:12:39.4 (482120701)|HEAP_ALLOCATE|[77]|Bytes:5
15:12:39.4 (482136547)|HEAP_ALLOCATE|[77]|Bytes:36
15:12:39.4 (482149360)|VARIABLE_SCOPE_BEGIN|[77]|o|Order|true|false
15:12:39.4 (482190021)|VARIABLE_ASSIGNMENT|[77]|o|{"AccountId":"0017Q00000o9lrXQAQ","Status":"Draft","EffectiveDate":"2023-02-05T00:00:00.000Z","Pricebook2Id":"01s7Q00000E4lgPQAR","UnitPrice__c":200,"Quantity__c":1,"Id":"8017Q0000055KDbQAM"}|0x6d7acac7
15:12:39.4 (482203405)|STATEMENT_EXECUTE|[77]
15:12:39.4 (482206266)|STATEMENT_EXECUTE|[78]
15:12:39.4 (482217786)|HEAP_ALLOCATE|[78]|Bytes:4
15:12:39.4 (482232300)|VARIABLE_SCOPE_BEGIN|[78]|oit|OrderItem|true|false
15:12:39.4 (482250824)|VARIABLE_ASSIGNMENT|[78]|oit|{}|0x6f306a1c
15:12:39.4 (482260361)|STATEMENT_EXECUTE|[79]
15:12:39.4 (482325260)|VARIABLE_ASSIGNMENT|[79]|this.OrderId|"8017Q0000055KDbQAM"|0x6f306a1c
15:12:39.4 (482335377)|STATEMENT_EXECUTE|[80]
15:12:39.4 (482370945)|VARIABLE_ASSIGNMENT|[80]|this.PricebookEntryId|"01u7Q000008eiv4QAA"|0x6f306a1c
15:12:39.4 (482380415)|STATEMENT_EXECUTE|[81]
15:12:39.4 (482390243)|HEAP_ALLOCATE|[81]|Bytes:28
15:12:39.4 (482394695)|HEAP_ALLOCATE|[81]|Bytes:28
15:12:39.4 (482431930)|VARIABLE_ASSIGNMENT|[81]|this.Quantity|1|0x6f306a1c
15:12:39.4 (482441591)|STATEMENT_EXECUTE|[82]
15:12:39.4 (482446190)|HEAP_ALLOCATE|[82]|Bytes:28
15:12:39.4 (482481722)|VARIABLE_ASSIGNMENT|[82]|this.UnitPrice|200|0x6f306a1c
15:12:39.4 (482493125)|STATEMENT_EXECUTE|[83]
15:12:39.4 (482504546)|HEAP_ALLOCATE|[EXTERNAL]|Bytes:4
15:12:39.4 (482539985)|HEAP_ALLOCATE|[77]|Bytes:5
15:12:39.4 (482558956)|VARIABLE_ASSIGNMENT|[77]|o|null|
15:12:39.4 (482567775)|STATEMENT_EXECUTE|[86]
15:12:39.4 (482631677)|DML_BEGIN|[86]|Op:Insert|Type:OrderItem|Rows:16
15:12:39.4 (482701073)|HEAP_ALLOCATE|[EXTERNAL]|Bytes:68
15:12:39.4 (635644692)|CODE_UNIT_STARTED|[EXTERNAL]|Workflow:Order
15:12:39.4 (635802150)|CODE_UNIT_FINISHED|Workflow:Order
15:12:39.4 (650543707)|DML_END|[86]
15:12:39.4 (650623695)|HEAP_ALLOCATE|[EXTERNAL]|Bytes:68
15:12:39.4 (650670785)|STATEMENT_EXECUTE|[89]
15:12:39.4 (650694273)|SYSTEM_MODE_EXIT|false
15:12:39.4 (650725427)|METHOD_EXIT|[9]|01p7Q00000PIbOv|DataFactoyTest.createOrdersForAccounts(List<Account>, Integer, Integer, Integer)
15:12:39.4 (650762415)|VARIABLE_SCOPE_BEGIN|[9]|ords|List<Order>|true|false
15:12:39.4 (650868735)|VARIABLE_ASSIGNMENT|[9]|ords|"List of size 16 too large to display"|0x1cd4cc58
15:12:39.4 (650883094)|STATEMENT_EXECUTE|[12]
15:12:39.4 (650980923)|HEAP_ALLOCATE|[12]|Bytes:28
15:12:39.4 (650997762)|VARIABLE_SCOPE_BEGIN|[12]|expectedT|Decimal|false|false
15:12:39.4 (651023460)|VARIABLE_ASSIGNMENT|[12]|expectedT|3200
15:12:39.4 (651033750)|STATEMENT_EXECUTE|[15]
15:12:39.4 (651040846)|HEAP_ALLOCATE|[15]|Bytes:104
15:12:39.4 (651073157)|HEAP_ALLOCATE|[15]|Bytes:4
15:12:39.4 (651089965)|HEAP_ALLOCATE|[15]|Bytes:7
15:12:39.4 (651874626)|SOQL_EXECUTE_BEGIN|[15]|Aggregations:0|SELECT SUM(TotalAmount) total FROM Order WHERE (Status = 'Activated' AND Id IN :tmpVar1) GROUP BY Status
15:12:39.4 (658212825)|SOQL_EXECUTE_END|[15]|Rows:0
15:12:39.4 (658263781)|HEAP_ALLOCATE|[15]|Bytes:4
15:12:39.4 (658301252)|HEAP_ALLOCATE|[15]|Bytes:0
15:12:39.4 (658418874)|HEAP_ALLOCATE|[15]|Bytes:4
15:12:39.4 (658449515)|VARIABLE_SCOPE_BEGIN|[15]|results|List<AggregateResult>|true|false
15:12:39.4 (658486418)|VARIABLE_ASSIGNMENT|[15]|results|[]|0x4884a9d2
15:12:39.4 (658503462)|STATEMENT_EXECUTE|[17]
15:12:39.4 (658656550)|HEAP_ALLOCATE|[17]|Bytes:31
15:12:39.4 (659129521)|FATAL_ERROR|System.ListException: List index out of bounds: 0

Class.MyTeamOrdersControllerTest.testSumOrders: line 17, column 1
15:12:39.4 (659249492)|FATAL_ERROR|System.ListException: List index out of bounds: 0

Class.MyTeamOrdersControllerTest.testSumOrders: line 17, column 1
15:12:39.659 (659275130)|CUMULATIVE_LIMIT_USAGE
15:12:39.659 (659275130)|LIMIT_USAGE_FOR_NS|(default)|
  Number of SOQL queries: 0 out of 100
  Number of query rows: 0 out of 50000
  Number of SOSL queries: 0 out of 20
  Number of DML statements: 0 out of 150
  Number of Publish Immediate DML: 0 out of 150
  Number of DML rows: 0 out of 10000
  Maximum CPU time: 0 out of 10000
  Maximum heap size: 0 out of 6000000
  Number of callouts: 0 out of 100
  Number of Email Invocations: 0 out of 10
  Number of future calls: 0 out of 50
  Number of queueable jobs added to the queue: 0 out of 50
  Number of Mobile Apex push calls: 0 out of 10

15:12:39.659 (659275130)|TESTING_LIMITS
15:12:39.659 (659275130)|LIMIT_USAGE_FOR_NS|(default)|
  Number of SOQL queries: 1 out of 100
  Number of query rows: 0 out of 50000
  Number of SOSL queries: 0 out of 20
  Number of DML statements: 9 out of 150
  Number of Publish Immediate DML: 0 out of 150
  Number of DML rows: 42 out of 10000
  Maximum CPU time: 0 out of 10000
  Maximum heap size: 0 out of 6000000
  Number of callouts: 0 out of 100
  Number of Email Invocations: 0 out of 10
  Number of future calls: 0 out of 50
  Number of queueable jobs added to the queue: 0 out of 50
  Number of Mobile Apex push calls: 0 out of 10

15:12:39.659 (659275130)|CUMULATIVE_LIMIT_USAGE_END

15:12:39.4 (659385372)|CODE_UNIT_FINISHED|MyTeamOrdersControllerTest.testSumOrders()
15:12:39.4 (659396274)|EXECUTION_FINISHED
15:12:39.948 (948353185)|USER_INFO|[EXTERNAL]|0057Q0000059GzZ|sankal@sales.com|(GMT+01:00) Central European Standard Time (Europe/Paris)|GMT+01:00
15:12:39.948 (948391733)|EXECUTION_STARTED
15:12:39.948 (948402102)|CODE_UNIT_STARTED|[EXTERNAL]|DuplicateDetector
15:12:39.948 (948413807)|DUPLICATE_DETECTION_BEGIN
15:12:39.948 (948482723)|DUPLICATE_DETECTION_RULE_INVOCATION|DuplicateRuleId:0Bm7Q00000F3oUV|DuplicateRuleName:Standard Account Duplicate Rule|DmlType:INSERT
15:12:39.948 (965104378)|DUPLICATE_DETECTION_END
15:12:39.948 (965143212)|CODE_UNIT_FINISHED|DuplicateDetector
15:12:39.948 (965170191)|EXECUTION_FINISHED
